[ 2017-04-09T14:16:42+08:00 ] 127.0.0.1 /
INFO: [ app_init ] --START--
INFO: Run Behavior\BuildLiteBehavior [ RunTime:0.000000s ]
INFO: [ app_init ] --END-- [ RunTime:0.001000s ]
INFO: [ app_begin ] --START--
INFO: Run Behavior\ReadHtmlCacheBehavior [ RunTime:0.000000s ]
INFO: [ app_begin ] --END-- [ RunTime:0.000000s ]

[ 2017-04-09T14:16:43+08:00 ] 127.0.0.1 /index.php/Home/Goods/index.html
INFO: [ app_init ] --START--
INFO: Run Behavior\BuildLiteBehavior [ RunTime:0.000000s ]
INFO: [ app_init ] --END-- [ RunTime:0.001000s ]
INFO: [ app_begin ] --START--
INFO: Run Behavior\ReadHtmlCacheBehavior [ RunTime:0.000000s ]
INFO: [ app_begin ] --END-- [ RunTime:0.001000s ]
SQL: SHOW COLUMNS FROM `tb_goods` [ RunTime:0.0090s ]
SQL: SELECT COUNT(*) AS tp_count FROM `tb_goods` LIMIT 1   [ RunTime:0.0010s ]
SQL: SELECT * FROM `tb_goods` LIMIT 0,5   [ RunTime:0.0010s ]
INFO: [ view_parse ] --START--
NOTIC: [2] file_get_contents(./Apps/Home/View/Base/footer.html): failed to open stream: No such file or directory D:\wamp\apache2\htdocs\project\tp3\ThinkPHP\Library\Think\Template.class.php 第 696 行.
INFO: [ template_filter ] --START--
INFO: Run Behavior\ContentReplaceBehavior [ RunTime:0.000000s ]
INFO: [ template_filter ] --END-- [ RunTime:0.000000s ]
NOTIC: [8] Undefined variable: menu_list D:\wamp\apache2\htdocs\project\tp3\Apps\Runtime\Cache\Home\9f37a52cf12560a23b6a2158d9c39780.php 第 62 行.
NOTIC: [8] Use of undefined constant id - assumed 'id' D:\wamp\apache2\htdocs\project\tp3\Apps\Runtime\Cache\Home\9f37a52cf12560a23b6a2158d9c39780.php 第 151 行.
NOTIC: [8] Use of undefined constant id - assumed 'id' D:\wamp\apache2\htdocs\project\tp3\Apps\Runtime\Cache\Home\9f37a52cf12560a23b6a2158d9c39780.php 第 152 行.
NOTIC: [8] Undefined index: userinfo D:\wamp\apache2\htdocs\project\tp3\Apps\Runtime\Cache\Home\9f37a52cf12560a23b6a2158d9c39780.php 第 154 行.
NOTIC: [8] Use of undefined constant id - assumed 'id' D:\wamp\apache2\htdocs\project\tp3\Apps\Runtime\Cache\Home\9f37a52cf12560a23b6a2158d9c39780.php 第 157 行.
NOTIC: [8] Use of undefined constant name - assumed 'name' D:\wamp\apache2\htdocs\project\tp3\Apps\Runtime\Cache\Home\9f37a52cf12560a23b6a2158d9c39780.php 第 158 行.
NOTIC: [8] Use of undefined constant status - assumed 'status' D:\wamp\apache2\htdocs\project\tp3\Apps\Runtime\Cache\Home\9f37a52cf12560a23b6a2158d9c39780.php 第 159 行.
NOTIC: [8] Use of undefined constant id - assumed 'id' D:\wamp\apache2\htdocs\project\tp3\Apps\Runtime\Cache\Home\9f37a52cf12560a23b6a2158d9c39780.php 第 160 行.
NOTIC: [8] Use of undefined constant id - assumed 'id' D:\wamp\apache2\htdocs\project\tp3\Apps\Runtime\Cache\Home\9f37a52cf12560a23b6a2158d9c39780.php 第 161 行.
NOTIC: [8] Use of undefined constant id - assumed 'id' D:\wamp\apache2\htdocs\project\tp3\Apps\Runtime\Cache\Home\9f37a52cf12560a23b6a2158d9c39780.php 第 162 行.
NOTIC: [8] Use of undefined constant id - assumed 'id' D:\wamp\apache2\htdocs\project\tp3\Apps\Runtime\Cache\Home\9f37a52cf12560a23b6a2158d9c39780.php 第 163 行.
NOTIC: [8] Use of undefined constant id - assumed 'id' D:\wamp\apache2\htdocs\project\tp3\Apps\Runtime\Cache\Home\9f37a52cf12560a23b6a2158d9c39780.php 第 151 行.
NOTIC: [8] Use of undefined constant id - assumed 'id' D:\wamp\apache2\htdocs\project\tp3\Apps\Runtime\Cache\Home\9f37a52cf12560a23b6a2158d9c39780.php 第 152 行.
NOTIC: [8] Undefined index: userinfo D:\wamp\apache2\htdocs\project\tp3\Apps\Runtime\Cache\Home\9f37a52cf12560a23b6a2158d9c39780.php 第 154 行.
NOTIC: [8] Use of undefined constant id - assumed 'id' D:\wamp\apache2\htdocs\project\tp3\Apps\Runtime\Cache\Home\9f37a52cf12560a23b6a2158d9c39780.php 第 157 行.
NOTIC: [8] Use of undefined constant name - assumed 'name' D:\wamp\apache2\htdocs\project\tp3\Apps\Runtime\Cache\Home\9f37a52cf12560a23b6a2158d9c39780.php 第 158 行.
NOTIC: [8] Use of undefined constant status - assumed 'status' D:\wamp\apache2\htdocs\project\tp3\Apps\Runtime\Cache\Home\9f37a52cf12560a23b6a2158d9c39780.php 第 159 行.
NOTIC: [8] Use of undefined constant id - assumed 'id' D:\wamp\apache2\htdocs\project\tp3\Apps\Runtime\Cache\Home\9f37a52cf12560a23b6a2158d9c39780.php 第 160 行.
NOTIC: [8] Use of undefined constant id - assumed 'id' D:\wamp\apache2\htdocs\project\tp3\Apps\Runtime\Cache\Home\9f37a52cf12560a23b6a2158d9c39780.php 第 161 行.
NOTIC: [8] Use of undefined constant id - assumed 'id' D:\wamp\apache2\htdocs\project\tp3\Apps\Runtime\Cache\Home\9f37a52cf12560a23b6a2158d9c39780.php 第 162 行.
NOTIC: [8] Use of undefined constant id - assumed 'id' D:\wamp\apache2\htdocs\project\tp3\Apps\Runtime\Cache\Home\9f37a52cf12560a23b6a2158d9c39780.php 第 163 行.
NOTIC: [8] Use of undefined constant id - assumed 'id' D:\wamp\apache2\htdocs\project\tp3\Apps\Runtime\Cache\Home\9f37a52cf12560a23b6a2158d9c39780.php 第 151 行.
NOTIC: [8] Use of undefined constant id - assumed 'id' D:\wamp\apache2\htdocs\project\tp3\Apps\Runtime\Cache\Home\9f37a52cf12560a23b6a2158d9c39780.php 第 152 行.
NOTIC: [8] Undefined index: userinfo D:\wamp\apache2\htdocs\project\tp3\Apps\Runtime\Cache\Home\9f37a52cf12560a23b6a2158d9c39780.php 第 154 行.
NOTIC: [8] Use of undefined constant id - assumed 'id' D:\wamp\apache2\htdocs\project\tp3\Apps\Runtime\Cache\Home\9f37a52cf12560a23b6a2158d9c39780.php 第 157 行.
NOTIC: [8] Use of undefined constant name - assumed 'name' D:\wamp\apache2\htdocs\project\tp3\Apps\Runtime\Cache\Home\9f37a52cf12560a23b6a2158d9c39780.php 第 158 行.
NOTIC: [8] Use of undefined constant status - assumed 'status' D:\wamp\apache2\htdocs\project\tp3\Apps\Runtime\Cache\Home\9f37a52cf12560a23b6a2158d9c39780.php 第 159 行.
NOTIC: [8] Use of undefined constant id - assumed 'id' D:\wamp\apache2\htdocs\project\tp3\Apps\Runtime\Cache\Home\9f37a52cf12560a23b6a2158d9c39780.php 第 160 行.
NOTIC: [8] Use of undefined constant id - assumed 'id' D:\wamp\apache2\htdocs\project\tp3\Apps\Runtime\Cache\Home\9f37a52cf12560a23b6a2158d9c39780.php 第 161 行.
NOTIC: [8] Use of undefined constant id - assumed 'id' D:\wamp\apache2\htdocs\project\tp3\Apps\Runtime\Cache\Home\9f37a52cf12560a23b6a2158d9c39780.php 第 162 行.
NOTIC: [8] Use of undefined constant id - assumed 'id' D:\wamp\apache2\htdocs\project\tp3\Apps\Runtime\Cache\Home\9f37a52cf12560a23b6a2158d9c39780.php 第 163 行.
NOTIC: [8] Use of undefined constant id - assumed 'id' D:\wamp\apache2\htdocs\project\tp3\Apps\Runtime\Cache\Home\9f37a52cf12560a23b6a2158d9c39780.php 第 151 行.
NOTIC: [8] Use of undefined constant id - assumed 'id' D:\wamp\apache2\htdocs\project\tp3\Apps\Runtime\Cache\Home\9f37a52cf12560a23b6a2158d9c39780.php 第 152 行.
NOTIC: [8] Undefined index: userinfo D:\wamp\apache2\htdocs\project\tp3\Apps\Runtime\Cache\Home\9f37a52cf12560a23b6a2158d9c39780.php 第 154 行.
NOTIC: [8] Use of undefined constant id - assumed 'id' D:\wamp\apache2\htdocs\project\tp3\Apps\Runtime\Cache\Home\9f37a52cf12560a23b6a2158d9c39780.php 第 157 行.
NOTIC: [8] Use of undefined constant name - assumed 'name' D:\wamp\apache2\htdocs\project\tp3\Apps\Runtime\Cache\Home\9f37a52cf12560a23b6a2158d9c39780.php 第 158 行.
NOTIC: [8] Use of undefined constant status - assumed 'status' D:\wamp\apache2\htdocs\project\tp3\Apps\Runtime\Cache\Home\9f37a52cf12560a23b6a2158d9c39780.php 第 159 行.
NOTIC: [8] Use of undefined constant id - assumed 'id' D:\wamp\apache2\htdocs\project\tp3\Apps\Runtime\Cache\Home\9f37a52cf12560a23b6a2158d9c39780.php 第 160 行.
NOTIC: [8] Use of undefined constant id - assumed 'id' D:\wamp\apache2\htdocs\project\tp3\Apps\Runtime\Cache\Home\9f37a52cf12560a23b6a2158d9c39780.php 第 161 行.
NOTIC: [8] Use of undefined constant id - assumed 'id' D:\wamp\apache2\htdocs\project\tp3\Apps\Runtime\Cache\Home\9f37a52cf12560a23b6a2158d9c39780.php 第 162 行.
NOTIC: [8] Use of undefined constant id - assumed 'id' D:\wamp\apache2\htdocs\project\tp3\Apps\Runtime\Cache\Home\9f37a52cf12560a23b6a2158d9c39780.php 第 163 行.
NOTIC: [8] Use of undefined constant id - assumed 'id' D:\wamp\apache2\htdocs\project\tp3\Apps\Runtime\Cache\Home\9f37a52cf12560a23b6a2158d9c39780.php 第 151 行.
NOTIC: [8] Use of undefined constant id - assumed 'id' D:\wamp\apache2\htdocs\project\tp3\Apps\Runtime\Cache\Home\9f37a52cf12560a23b6a2158d9c39780.php 第 152 行.
NOTIC: [8] Undefined index: userinfo D:\wamp\apache2\htdocs\project\tp3\Apps\Runtime\Cache\Home\9f37a52cf12560a23b6a2158d9c39780.php 第 154 行.
NOTIC: [8] Use of undefined constant id - assumed 'id' D:\wamp\apache2\htdocs\project\tp3\Apps\Runtime\Cache\Home\9f37a52cf12560a23b6a2158d9c39780.php 第 157 行.
NOTIC: [8] Use of undefined constant name - assumed 'name' D:\wamp\apache2\htdocs\project\tp3\Apps\Runtime\Cache\Home\9f37a52cf12560a23b6a2158d9c39780.php 第 158 行.
NOTIC: [8] Use of undefined constant status - assumed 'status' D:\wamp\apache2\htdocs\project\tp3\Apps\Runtime\Cache\Home\9f37a52cf12560a23b6a2158d9c39780.php 第 159 行.
NOTIC: [8] Use of undefined constant id - assumed 'id' D:\wamp\apache2\htdocs\project\tp3\Apps\Runtime\Cache\Home\9f37a52cf12560a23b6a2158d9c39780.php 第 160 行.
NOTIC: [8] Use of undefined constant id - assumed 'id' D:\wamp\apache2\htdocs\project\tp3\Apps\Runtime\Cache\Home\9f37a52cf12560a23b6a2158d9c39780.php 第 161 行.
NOTIC: [8] Use of undefined constant id - assumed 'id' D:\wamp\apache2\htdocs\project\tp3\Apps\Runtime\Cache\Home\9f37a52cf12560a23b6a2158d9c39780.php 第 162 行.
NOTIC: [8] Use of undefined constant id - assumed 'id' D:\wamp\apache2\htdocs\project\tp3\Apps\Runtime\Cache\Home\9f37a52cf12560a23b6a2158d9c39780.php 第 163 行.
NOTIC: [8] Undefined index: userinfo D:\wamp\apache2\htdocs\project\tp3\Apps\Runtime\Cache\Home\9f37a52cf12560a23b6a2158d9c39780.php 第 183 行.
INFO: Run Behavior\ParseTemplateBehavior [ RunTime:0.013001s ]
INFO: [ view_parse ] --END-- [ RunTime:0.013001s ]
INFO: [ view_filter ] --START--
INFO: Run Behavior\WriteHtmlCacheBehavior [ RunTime:0.001000s ]
INFO: [ view_filter ] --END-- [ RunTime:0.001000s ]
INFO: [ app_end ] --START--
INFO: Run Behavior\ShowPageTraceBehavior [ RunTime:0.001000s ]
INFO: [ app_end ] --END-- [ RunTime:0.001000s ]

[ 2017-04-09T14:16:47+08:00 ] 127.0.0.1 /index.php/Home/Goods/index.html
INFO: [ app_init ] --START--
INFO: Run Behavior\BuildLiteBehavior [ RunTime:0.000000s ]
INFO: [ app_init ] --END-- [ RunTime:0.000000s ]
INFO: [ app_begin ] --START--
INFO: Run Behavior\ReadHtmlCacheBehavior [ RunTime:0.000000s ]
INFO: [ app_begin ] --END-- [ RunTime:0.001000s ]
SQL: SHOW COLUMNS FROM `tb_goods` [ RunTime:0.0050s ]
SQL: SELECT COUNT(*) AS tp_count FROM `tb_goods` LIMIT 1   [ RunTime:0.0010s ]
SQL: SELECT * FROM `tb_goods` LIMIT 0,5   [ RunTime:0.0010s ]
INFO: [ view_parse ] --START--
NOTIC: [2] file_get_contents(./Apps/Home/View/Base/footer.html): failed to open stream: No such file or directory D:\wamp\apache2\htdocs\project\tp3\ThinkPHP\Library\Think\Template.class.php 第 696 行.
INFO: [ template_filter ] --START--
INFO: Run Behavior\ContentReplaceBehavior [ RunTime:0.000000s ]
INFO: [ template_filter ] --END-- [ RunTime:0.000000s ]
NOTIC: [8] Undefined variable: menu_list D:\wamp\apache2\htdocs\project\tp3\Apps\Runtime\Cache\Home\9f37a52cf12560a23b6a2158d9c39780.php 第 62 行.
NOTIC: [8] Use of undefined constant id - assumed 'id' D:\wamp\apache2\htdocs\project\tp3\Apps\Runtime\Cache\Home\9f37a52cf12560a23b6a2158d9c39780.php 第 151 行.
NOTIC: [8] Use of undefined constant id - assumed 'id' D:\wamp\apache2\htdocs\project\tp3\Apps\Runtime\Cache\Home\9f37a52cf12560a23b6a2158d9c39780.php 第 152 行.
NOTIC: [8] Undefined index: userinfo D:\wamp\apache2\htdocs\project\tp3\Apps\Runtime\Cache\Home\9f37a52cf12560a23b6a2158d9c39780.php 第 154 行.
NOTIC: [8] Use of undefined constant id - assumed 'id' D:\wamp\apache2\htdocs\project\tp3\Apps\Runtime\Cache\Home\9f37a52cf12560a23b6a2158d9c39780.php 第 157 行.
NOTIC: [8] Use of undefined constant name - assumed 'name' D:\wamp\apache2\htdocs\project\tp3\Apps\Runtime\Cache\Home\9f37a52cf12560a23b6a2158d9c39780.php 第 158 行.
NOTIC: [8] Use of undefined constant status - assumed 'status' D:\wamp\apache2\htdocs\project\tp3\Apps\Runtime\Cache\Home\9f37a52cf12560a23b6a2158d9c39780.php 第 159 行.
NOTIC: [8] Use of undefined constant id - assumed 'id' D:\wamp\apache2\htdocs\project\tp3\Apps\Runtime\Cache\Home\9f37a52cf12560a23b6a2158d9c39780.php 第 160 行.
NOTIC: [8] Use of undefined constant id - assumed 'id' D:\wamp\apache2\htdocs\project\tp3\Apps\Runtime\Cache\Home\9f37a52cf12560a23b6a2158d9c39780.php 第 161 行.
NOTIC: [8] Use of undefined constant id - assumed 'id' D:\wamp\apache2\htdocs\project\tp3\Apps\Runtime\Cache\Home\9f37a52cf12560a23b6a2158d9c39780.php 第 162 行.
NOTIC: [8] Use of undefined constant id - assumed 'id' D:\wamp\apache2\htdocs\project\tp3\Apps\Runtime\Cache\Home\9f37a52cf12560a23b6a2158d9c39780.php 第 163 行.
NOTIC: [8] Use of undefined constant id - assumed 'id' D:\wamp\apache2\htdocs\project\tp3\Apps\Runtime\Cache\Home\9f37a52cf12560a23b6a2158d9c39780.php 第 151 行.
NOTIC: [8] Use of undefined constant id - assumed 'id' D:\wamp\apache2\htdocs\project\tp3\Apps\Runtime\Cache\Home\9f37a52cf12560a23b6a2158d9c39780.php 第 152 行.
NOTIC: [8] Undefined index: userinfo D:\wamp\apache2\htdocs\project\tp3\Apps\Runtime\Cache\Home\9f37a52cf12560a23b6a2158d9c39780.php 第 154 行.
NOTIC: [8] Use of undefined constant id - assumed 'id' D:\wamp\apache2\htdocs\project\tp3\Apps\Runtime\Cache\Home\9f37a52cf12560a23b6a2158d9c39780.php 第 157 行.
NOTIC: [8] Use of undefined constant name - assumed 'name' D:\wamp\apache2\htdocs\project\tp3\Apps\Runtime\Cache\Home\9f37a52cf12560a23b6a2158d9c39780.php 第 158 行.
NOTIC: [8] Use of undefined constant status - assumed 'status' D:\wamp\apache2\htdocs\project\tp3\Apps\Runtime\Cache\Home\9f37a52cf12560a23b6a2158d9c39780.php 第 159 行.
NOTIC: [8] Use of undefined constant id - assumed 'id' D:\wamp\apache2\htdocs\project\tp3\Apps\Runtime\Cache\Home\9f37a52cf12560a23b6a2158d9c39780.php 第 160 行.
NOTIC: [8] Use of undefined constant id - assumed 'id' D:\wamp\apache2\htdocs\project\tp3\Apps\Runtime\Cache\Home\9f37a52cf12560a23b6a2158d9c39780.php 第 161 行.
NOTIC: [8] Use of undefined constant id - assumed 'id' D:\wamp\apache2\htdocs\project\tp3\Apps\Runtime\Cache\Home\9f37a52cf12560a23b6a2158d9c39780.php 第 162 行.
NOTIC: [8] Use of undefined constant id - assumed 'id' D:\wamp\apache2\htdocs\project\tp3\Apps\Runtime\Cache\Home\9f37a52cf12560a23b6a2158d9c39780.php 第 163 行.
NOTIC: [8] Use of undefined constant id - assumed 'id' D:\wamp\apache2\htdocs\project\tp3\Apps\Runtime\Cache\Home\9f37a52cf12560a23b6a2158d9c39780.php 第 151 行.
NOTIC: [8] Use of undefined constant id - assumed 'id' D:\wamp\apache2\htdocs\project\tp3\Apps\Runtime\Cache\Home\9f37a52cf12560a23b6a2158d9c39780.php 第 152 行.
NOTIC: [8] Undefined index: userinfo D:\wamp\apache2\htdocs\project\tp3\Apps\Runtime\Cache\Home\9f37a52cf12560a23b6a2158d9c39780.php 第 154 行.
NOTIC: [8] Use of undefined constant id - assumed 'id' D:\wamp\apache2\htdocs\project\tp3\Apps\Runtime\Cache\Home\9f37a52cf12560a23b6a2158d9c39780.php 第 157 行.
NOTIC: [8] Use of undefined constant name - assumed 'name' D:\wamp\apache2\htdocs\project\tp3\Apps\Runtime\Cache\Home\9f37a52cf12560a23b6a2158d9c39780.php 第 158 行.
NOTIC: [8] Use of undefined constant status - assumed 'status' D:\wamp\apache2\htdocs\project\tp3\Apps\Runtime\Cache\Home\9f37a52cf12560a23b6a2158d9c39780.php 第 159 行.
NOTIC: [8] Use of undefined constant id - assumed 'id' D:\wamp\apache2\htdocs\project\tp3\Apps\Runtime\Cache\Home\9f37a52cf12560a23b6a2158d9c39780.php 第 160 行.
NOTIC: [8] Use of undefined constant id - assumed 'id' D:\wamp\apache2\htdocs\project\tp3\Apps\Runtime\Cache\Home\9f37a52cf12560a23b6a2158d9c39780.php 第 161 行.
NOTIC: [8] Use of undefined constant id - assumed 'id' D:\wamp\apache2\htdocs\project\tp3\Apps\Runtime\Cache\Home\9f37a52cf12560a23b6a2158d9c39780.php 第 162 行.
NOTIC: [8] Use of undefined constant id - assumed 'id' D:\wamp\apache2\htdocs\project\tp3\Apps\Runtime\Cache\Home\9f37a52cf12560a23b6a2158d9c39780.php 第 163 行.
NOTIC: [8] Use of undefined constant id - assumed 'id' D:\wamp\apache2\htdocs\project\tp3\Apps\Runtime\Cache\Home\9f37a52cf12560a23b6a2158d9c39780.php 第 151 行.
NOTIC: [8] Use of undefined constant id - assumed 'id' D:\wamp\apache2\htdocs\project\tp3\Apps\Runtime\Cache\Home\9f37a52cf12560a23b6a2158d9c39780.php 第 152 行.
NOTIC: [8] Undefined index: userinfo D:\wamp\apache2\htdocs\project\tp3\Apps\Runtime\Cache\Home\9f37a52cf12560a23b6a2158d9c39780.php 第 154 行.
NOTIC: [8] Use of undefined constant id - assumed 'id' D:\wamp\apache2\htdocs\project\tp3\Apps\Runtime\Cache\Home\9f37a52cf12560a23b6a2158d9c39780.php 第 157 行.
NOTIC: [8] Use of undefined constant name - assumed 'name' D:\wamp\apache2\htdocs\project\tp3\Apps\Runtime\Cache\Home\9f37a52cf12560a23b6a2158d9c39780.php 第 158 行.
NOTIC: [8] Use of undefined constant status - assumed 'status' D:\wamp\apache2\htdocs\project\tp3\Apps\Runtime\Cache\Home\9f37a52cf12560a23b6a2158d9c39780.php 第 159 行.
NOTIC: [8] Use of undefined constant id - assumed 'id' D:\wamp\apache2\htdocs\project\tp3\Apps\Runtime\Cache\Home\9f37a52cf12560a23b6a2158d9c39780.php 第 160 行.
NOTIC: [8] Use of undefined constant id - assumed 'id' D:\wamp\apache2\htdocs\project\tp3\Apps\Runtime\Cache\Home\9f37a52cf12560a23b6a2158d9c39780.php 第 161 行.
NOTIC: [8] Use of undefined constant id - assumed 'id' D:\wamp\apache2\htdocs\project\tp3\Apps\Runtime\Cache\Home\9f37a52cf12560a23b6a2158d9c39780.php 第 162 行.
NOTIC: [8] Use of undefined constant id - assumed 'id' D:\wamp\apache2\htdocs\project\tp3\Apps\Runtime\Cache\Home\9f37a52cf12560a23b6a2158d9c39780.php 第 163 行.
NOTIC: [8] Use of undefined constant id - assumed 'id' D:\wamp\apache2\htdocs\project\tp3\Apps\Runtime\Cache\Home\9f37a52cf12560a23b6a2158d9c39780.php 第 151 行.
NOTIC: [8] Use of undefined constant id - assumed 'id' D:\wamp\apache2\htdocs\project\tp3\Apps\Runtime\Cache\Home\9f37a52cf12560a23b6a2158d9c39780.php 第 152 行.
NOTIC: [8] Undefined index: userinfo D:\wamp\apache2\htdocs\project\tp3\Apps\Runtime\Cache\Home\9f37a52cf12560a23b6a2158d9c39780.php 第 154 行.
NOTIC: [8] Use of undefined constant id - assumed 'id' D:\wamp\apache2\htdocs\project\tp3\Apps\Runtime\Cache\Home\9f37a52cf12560a23b6a2158d9c39780.php 第 157 行.
NOTIC: [8] Use of undefined constant name - assumed 'name' D:\wamp\apache2\htdocs\project\tp3\Apps\Runtime\Cache\Home\9f37a52cf12560a23b6a2158d9c39780.php 第 158 行.
NOTIC: [8] Use of undefined constant status - assumed 'status' D:\wamp\apache2\htdocs\project\tp3\Apps\Runtime\Cache\Home\9f37a52cf12560a23b6a2158d9c39780.php 第 159 行.
NOTIC: [8] Use of undefined constant id - assumed 'id' D:\wamp\apache2\htdocs\project\tp3\Apps\Runtime\Cache\Home\9f37a52cf12560a23b6a2158d9c39780.php 第 160 行.
NOTIC: [8] Use of undefined constant id - assumed 'id' D:\wamp\apache2\htdocs\project\tp3\Apps\Runtime\Cache\Home\9f37a52cf12560a23b6a2158d9c39780.php 第 161 行.
NOTIC: [8] Use of undefined constant id - assumed 'id' D:\wamp\apache2\htdocs\project\tp3\Apps\Runtime\Cache\Home\9f37a52cf12560a23b6a2158d9c39780.php 第 162 行.
NOTIC: [8] Use of undefined constant id - assumed 'id' D:\wamp\apache2\htdocs\project\tp3\Apps\Runtime\Cache\Home\9f37a52cf12560a23b6a2158d9c39780.php 第 163 行.
NOTIC: [8] Undefined index: userinfo D:\wamp\apache2\htdocs\project\tp3\Apps\Runtime\Cache\Home\9f37a52cf12560a23b6a2158d9c39780.php 第 183 行.
INFO: Run Behavior\ParseTemplateBehavior [ RunTime:0.010001s ]
INFO: [ view_parse ] --END-- [ RunTime:0.010001s ]
INFO: [ view_filter ] --START--
INFO: Run Behavior\WriteHtmlCacheBehavior [ RunTime:0.000000s ]
INFO: [ view_filter ] --END-- [ RunTime:0.000000s ]
INFO: [ app_end ] --START--
INFO: Run Behavior\ShowPageTraceBehavior [ RunTime:0.000000s ]
INFO: [ app_end ] --END-- [ RunTime:0.000000s ]

[ 2017-04-09T14:16:49+08:00 ] 127.0.0.1 /index.php/Home/Goods/goodsList.html
INFO: [ app_init ] --START--
INFO: Run Behavior\BuildLiteBehavior [ RunTime:0.000000s ]
INFO: [ app_init ] --END-- [ RunTime:0.001000s ]
INFO: [ app_begin ] --START--
INFO: Run Behavior\ReadHtmlCacheBehavior [ RunTime:0.000000s ]
INFO: [ app_begin ] --END-- [ RunTime:0.000000s ]
SQL: SHOW COLUMNS FROM `tb_goods` [ RunTime:0.0060s ]
SQL: SELECT COUNT(*) AS tp_count FROM `tb_goods` LIMIT 1   [ RunTime:0.0010s ]
SQL: SELECT * FROM `tb_goods` LIMIT 0,5   [ RunTime:0.0010s ]
INFO: [ view_parse ] --START--
NOTIC: [2] file_get_contents(./Apps/Home/View/Base/footer.html): failed to open stream: No such file or directory D:\wamp\apache2\htdocs\project\tp3\ThinkPHP\Library\Think\Template.class.php 第 696 行.
INFO: [ template_filter ] --START--
INFO: Run Behavior\ContentReplaceBehavior [ RunTime:0.000000s ]
INFO: [ template_filter ] --END-- [ RunTime:0.000000s ]
NOTIC: [8] Undefined variable: menu_list D:\wamp\apache2\htdocs\project\tp3\Apps\Runtime\Cache\Home\5d2f71d4b307bee97e15e40fad54b6e1.php 第 62 行.
NOTIC: [8] Use of undefined constant id - assumed 'id' D:\wamp\apache2\htdocs\project\tp3\Apps\Runtime\Cache\Home\5d2f71d4b307bee97e15e40fad54b6e1.php 第 152 行.
NOTIC: [8] Use of undefined constant name - assumed 'name' D:\wamp\apache2\htdocs\project\tp3\Apps\Runtime\Cache\Home\5d2f71d4b307bee97e15e40fad54b6e1.php 第 153 行.
NOTIC: [8] Use of undefined constant status - assumed 'status' D:\wamp\apache2\htdocs\project\tp3\Apps\Runtime\Cache\Home\5d2f71d4b307bee97e15e40fad54b6e1.php 第 154 行.
NOTIC: [8] Use of undefined constant id - assumed 'id' D:\wamp\apache2\htdocs\project\tp3\Apps\Runtime\Cache\Home\5d2f71d4b307bee97e15e40fad54b6e1.php 第 155 行.
NOTIC: [8] Use of undefined constant id - assumed 'id' D:\wamp\apache2\htdocs\project\tp3\Apps\Runtime\Cache\Home\5d2f71d4b307bee97e15e40fad54b6e1.php 第 152 行.
NOTIC: [8] Use of undefined constant name - assumed 'name' D:\wamp\apache2\htdocs\project\tp3\Apps\Runtime\Cache\Home\5d2f71d4b307bee97e15e40fad54b6e1.php 第 153 行.
NOTIC: [8] Use of undefined constant status - assumed 'status' D:\wamp\apache2\htdocs\project\tp3\Apps\Runtime\Cache\Home\5d2f71d4b307bee97e15e40fad54b6e1.php 第 154 行.
NOTIC: [8] Use of undefined constant id - assumed 'id' D:\wamp\apache2\htdocs\project\tp3\Apps\Runtime\Cache\Home\5d2f71d4b307bee97e15e40fad54b6e1.php 第 155 行.
NOTIC: [8] Use of undefined constant id - assumed 'id' D:\wamp\apache2\htdocs\project\tp3\Apps\Runtime\Cache\Home\5d2f71d4b307bee97e15e40fad54b6e1.php 第 152 行.
NOTIC: [8] Use of undefined constant name - assumed 'name' D:\wamp\apache2\htdocs\project\tp3\Apps\Runtime\Cache\Home\5d2f71d4b307bee97e15e40fad54b6e1.php 第 153 行.
NOTIC: [8] Use of undefined constant status - assumed 'status' D:\wamp\apache2\htdocs\project\tp3\Apps\Runtime\Cache\Home\5d2f71d4b307bee97e15e40fad54b6e1.php 第 154 行.
NOTIC: [8] Use of undefined constant id - assumed 'id' D:\wamp\apache2\htdocs\project\tp3\Apps\Runtime\Cache\Home\5d2f71d4b307bee97e15e40fad54b6e1.php 第 155 行.
NOTIC: [8] Use of undefined constant id - assumed 'id' D:\wamp\apache2\htdocs\project\tp3\Apps\Runtime\Cache\Home\5d2f71d4b307bee97e15e40fad54b6e1.php 第 152 行.
NOTIC: [8] Use of undefined constant name - assumed 'name' D:\wamp\apache2\htdocs\project\tp3\Apps\Runtime\Cache\Home\5d2f71d4b307bee97e15e40fad54b6e1.php 第 153 行.
NOTIC: [8] Use of undefined constant status - assumed 'status' D:\wamp\apache2\htdocs\project\tp3\Apps\Runtime\Cache\Home\5d2f71d4b307bee97e15e40fad54b6e1.php 第 154 行.
NOTIC: [8] Use of undefined constant id - assumed 'id' D:\wamp\apache2\htdocs\project\tp3\Apps\Runtime\Cache\Home\5d2f71d4b307bee97e15e40fad54b6e1.php 第 155 行.
NOTIC: [8] Use of undefined constant id - assumed 'id' D:\wamp\apache2\htdocs\project\tp3\Apps\Runtime\Cache\Home\5d2f71d4b307bee97e15e40fad54b6e1.php 第 152 行.
NOTIC: [8] Use of undefined constant name - assumed 'name' D:\wamp\apache2\htdocs\project\tp3\Apps\Runtime\Cache\Home\5d2f71d4b307bee97e15e40fad54b6e1.php 第 153 行.
NOTIC: [8] Use of undefined constant status - assumed 'status' D:\wamp\apache2\htdocs\project\tp3\Apps\Runtime\Cache\Home\5d2f71d4b307bee97e15e40fad54b6e1.php 第 154 行.
NOTIC: [8] Use of undefined constant id - assumed 'id' D:\wamp\apache2\htdocs\project\tp3\Apps\Runtime\Cache\Home\5d2f71d4b307bee97e15e40fad54b6e1.php 第 155 行.
INFO: Run Behavior\ParseTemplateBehavior [ RunTime:0.008000s ]
INFO: [ view_parse ] --END-- [ RunTime:0.008000s ]
INFO: [ view_filter ] --START--
INFO: Run Behavior\WriteHtmlCacheBehavior [ RunTime:0.000000s ]
INFO: [ view_filter ] --END-- [ RunTime:0.000000s ]
INFO: [ app_end ] --START--
INFO: Run Behavior\ShowPageTraceBehavior [ RunTime:0.001000s ]
INFO: [ app_end ] --END-- [ RunTime:0.001000s ]

[ 2017-04-09T14:16:51+08:00 ] 127.0.0.1 /index.php/Home/Goods/add.html
INFO: [ app_init ] --START--
INFO: Run Behavior\BuildLiteBehavior [ RunTime:0.000000s ]
INFO: [ app_init ] --END-- [ RunTime:0.000000s ]
INFO: [ app_begin ] --START--
INFO: Run Behavior\ReadHtmlCacheBehavior [ RunTime:0.000000s ]
INFO: [ app_begin ] --END-- [ RunTime:0.000000s ]
SQL: SHOW COLUMNS FROM `tb_goods` [ RunTime:0.0070s ]
INFO: [ view_parse ] --START--
NOTIC: [2] file_get_contents(./Apps/Home/View/Base/footer.html): failed to open stream: No such file or directory D:\wamp\apache2\htdocs\project\tp3\ThinkPHP\Library\Think\Template.class.php 第 696 行.
INFO: [ template_filter ] --START--
INFO: Run Behavior\ContentReplaceBehavior [ RunTime:0.000000s ]
INFO: [ template_filter ] --END-- [ RunTime:0.001000s ]
NOTIC: [8] Undefined variable: menu_list D:\wamp\apache2\htdocs\project\tp3\Apps\Runtime\Cache\Home\f06be6b06385eab10b94a334e23e0ab2.php 第 62 行.
INFO: Run Behavior\ParseTemplateBehavior [ RunTime:0.010001s ]
INFO: [ view_parse ] --END-- [ RunTime:0.010001s ]
INFO: [ view_filter ] --START--
INFO: Run Behavior\WriteHtmlCacheBehavior [ RunTime:0.001000s ]
INFO: [ view_filter ] --END-- [ RunTime:0.001000s ]
INFO: [ app_end ] --START--
INFO: Run Behavior\ShowPageTraceBehavior [ RunTime:0.000000s ]
INFO: [ app_end ] --END-- [ RunTime:0.000000s ]

[ 2017-04-09T14:16:56+08:00 ] 127.0.0.1 /index.php/Home/Order/index.html
INFO: [ app_init ] --START--
INFO: Run Behavior\BuildLiteBehavior [ RunTime:0.000000s ]
INFO: [ app_init ] --END-- [ RunTime:0.000000s ]
INFO: [ app_begin ] --START--
INFO: Run Behavior\ReadHtmlCacheBehavior [ RunTime:0.000000s ]
INFO: [ app_begin ] --END-- [ RunTime:0.000000s ]

[ 2017-04-09T14:16:56+08:00 ] 127.0.0.1 /index.php/Home/Order/orderList.html
INFO: [ app_init ] --START--
INFO: Run Behavior\BuildLiteBehavior [ RunTime:0.000000s ]
INFO: [ app_init ] --END-- [ RunTime:0.001000s ]
INFO: [ app_begin ] --START--
INFO: Run Behavior\ReadHtmlCacheBehavior [ RunTime:0.001000s ]
INFO: [ app_begin ] --END-- [ RunTime:0.001000s ]
INFO: [ view_parse ] --START--
INFO: [ template_filter ] --START--
INFO: Run Behavior\ContentReplaceBehavior [ RunTime:0.000000s ]
INFO: [ template_filter ] --END-- [ RunTime:0.000000s ]
INFO: Run Behavior\ParseTemplateBehavior [ RunTime:0.004001s ]
INFO: [ view_parse ] --END-- [ RunTime:0.004001s ]
INFO: [ view_filter ] --START--
INFO: Run Behavior\WriteHtmlCacheBehavior [ RunTime:0.000000s ]
INFO: [ view_filter ] --END-- [ RunTime:0.000000s ]
INFO: [ app_end ] --START--
INFO: Run Behavior\ShowPageTraceBehavior [ RunTime:0.001000s ]
INFO: [ app_end ] --END-- [ RunTime:0.001000s ]

[ 2017-04-09T14:16:57+08:00 ] 127.0.0.1 /index.php/Home/Login/index/src/4.html
INFO: [ app_init ] --START--
INFO: Run Behavior\BuildLiteBehavior [ RunTime:0.000000s ]
INFO: [ app_init ] --END-- [ RunTime:0.001000s ]
INFO: [ app_begin ] --START--
INFO: Run Behavior\ReadHtmlCacheBehavior [ RunTime:0.000000s ]
INFO: [ app_begin ] --END-- [ RunTime:0.000000s ]
INFO: [ view_parse ] --START--
INFO: [ template_filter ] --START--
INFO: Run Behavior\ContentReplaceBehavior [ RunTime:0.000000s ]
INFO: [ template_filter ] --END-- [ RunTime:0.001000s ]
NOTIC: [8] Undefined variable: last_login_id D:\wamp\apache2\htdocs\project\tp3\Apps\Runtime\Cache\Home\e50ddc842724ce24e7f58b3255c38ca7.php 第 12 行.
INFO: Run Behavior\ParseTemplateBehavior [ RunTime:0.005000s ]
INFO: [ view_parse ] --END-- [ RunTime:0.005000s ]
INFO: [ view_filter ] --START--
INFO: Run Behavior\WriteHtmlCacheBehavior [ RunTime:0.000000s ]
INFO: [ view_filter ] --END-- [ RunTime:0.000000s ]
INFO: [ app_end ] --START--
INFO: Run Behavior\ShowPageTraceBehavior [ RunTime:0.001001s ]
INFO: [ app_end ] --END-- [ RunTime:0.001001s ]

[ 2017-04-09T14:16:57+08:00 ] 127.0.0.1 /index.php/Home/Login/verify/k/login.html
INFO: [ app_init ] --START--
INFO: Run Behavior\BuildLiteBehavior [ RunTime:0.000000s ]
INFO: [ app_init ] --END-- [ RunTime:0.000000s ]
INFO: [ app_begin ] --START--
INFO: Run Behavior\ReadHtmlCacheBehavior [ RunTime:0.000000s ]
INFO: [ app_begin ] --END-- [ RunTime:0.000000s ]
INFO: [ app_end ] --START--
INFO: Run Behavior\ShowPageTraceBehavior [ RunTime:0.001000s ]
INFO: [ app_end ] --END-- [ RunTime:0.001000s ]

[ 2017-04-09T14:17:00+08:00 ] 127.0.0.1 /index.php/Home/Login/index/src/4.html
INFO: [ app_init ] --START--
INFO: Run Behavior\BuildLiteBehavior [ RunTime:0.000000s ]
INFO: [ app_init ] --END-- [ RunTime:0.000000s ]
INFO: [ app_begin ] --START--
INFO: Run Behavior\ReadHtmlCacheBehavior [ RunTime:0.000000s ]
INFO: [ app_begin ] --END-- [ RunTime:0.000000s ]
INFO: [ view_parse ] --START--
INFO: [ template_filter ] --START--
INFO: Run Behavior\ContentReplaceBehavior [ RunTime:0.001000s ]
INFO: [ template_filter ] --END-- [ RunTime:0.001000s ]
NOTIC: [8] Undefined variable: last_login_id D:\wamp\apache2\htdocs\project\tp3\Apps\Runtime\Cache\Home\e50ddc842724ce24e7f58b3255c38ca7.php 第 12 行.
INFO: Run Behavior\ParseTemplateBehavior [ RunTime:0.007000s ]
INFO: [ view_parse ] --END-- [ RunTime:0.007000s ]
INFO: [ view_filter ] --START--
INFO: Run Behavior\WriteHtmlCacheBehavior [ RunTime:0.000000s ]
INFO: [ view_filter ] --END-- [ RunTime:0.000000s ]
INFO: [ app_end ] --START--
INFO: Run Behavior\ShowPageTraceBehavior [ RunTime:0.001000s ]
INFO: [ app_end ] --END-- [ RunTime:0.001000s ]

[ 2017-04-09T14:17:00+08:00 ] 127.0.0.1 /index.php/Home/Login/verify/k/login.html
INFO: [ app_init ] --START--
INFO: Run Behavior\BuildLiteBehavior [ RunTime:0.000000s ]
INFO: [ app_init ] --END-- [ RunTime:0.000000s ]
INFO: [ app_begin ] --START--
INFO: Run Behavior\ReadHtmlCacheBehavior [ RunTime:0.001000s ]
INFO: [ app_begin ] --END-- [ RunTime:0.001000s ]
INFO: [ app_end ] --START--
INFO: Run Behavior\ShowPageTraceBehavior [ RunTime:0.001000s ]
INFO: [ app_end ] --END-- [ RunTime:0.001000s ]

[ 2017-04-09T14:17:02+08:00 ] 127.0.0.1 /index.php/Home/Login/index/src/4.html
INFO: [ app_init ] --START--
INFO: Run Behavior\BuildLiteBehavior [ RunTime:0.000000s ]
INFO: [ app_init ] --END-- [ RunTime:0.000000s ]
INFO: [ app_begin ] --START--
INFO: Run Behavior\ReadHtmlCacheBehavior [ RunTime:0.000000s ]
INFO: [ app_begin ] --END-- [ RunTime:0.000000s ]
INFO: [ view_parse ] --START--
INFO: [ template_filter ] --START--
INFO: Run Behavior\ContentReplaceBehavior [ RunTime:0.000000s ]
INFO: [ template_filter ] --END-- [ RunTime:0.000000s ]
NOTIC: [8] Undefined variable: last_login_id D:\wamp\apache2\htdocs\project\tp3\Apps\Runtime\Cache\Home\e50ddc842724ce24e7f58b3255c38ca7.php 第 12 行.
INFO: Run Behavior\ParseTemplateBehavior [ RunTime:0.004000s ]
INFO: [ view_parse ] --END-- [ RunTime:0.004000s ]
INFO: [ view_filter ] --START--
INFO: Run Behavior\WriteHtmlCacheBehavior [ RunTime:0.001000s ]
INFO: [ view_filter ] --END-- [ RunTime:0.001000s ]
INFO: [ app_end ] --START--
INFO: Run Behavior\ShowPageTraceBehavior [ RunTime:0.000000s ]
INFO: [ app_end ] --END-- [ RunTime:0.000000s ]

[ 2017-04-09T14:17:02+08:00 ] 127.0.0.1 /index.php/Home/Login/verify/k/login.html
INFO: [ app_init ] --START--
INFO: Run Behavior\BuildLiteBehavior [ RunTime:0.000000s ]
INFO: [ app_init ] --END-- [ RunTime:0.001000s ]
INFO: [ app_begin ] --START--
INFO: Run Behavior\ReadHtmlCacheBehavior [ RunTime:0.001000s ]
INFO: [ app_begin ] --END-- [ RunTime:0.001000s ]
INFO: [ app_end ] --START--
INFO: Run Behavior\ShowPageTraceBehavior [ RunTime:0.000000s ]
INFO: [ app_end ] --END-- [ RunTime:0.000000s ]

[ 2017-04-09T14:17:13+08:00 ] 127.0.0.1 /index.php/Home/Goods/index.html
INFO: [ app_init ] --START--
INFO: Run Behavior\BuildLiteBehavior [ RunTime:0.000000s ]
INFO: [ app_init ] --END-- [ RunTime:0.001000s ]
INFO: [ app_begin ] --START--
INFO: Run Behavior\ReadHtmlCacheBehavior [ RunTime:0.001000s ]
INFO: [ app_begin ] --END-- [ RunTime:0.001000s ]
SQL: SHOW COLUMNS FROM `tb_goods` [ RunTime:0.0070s ]
SQL: SELECT COUNT(*) AS tp_count FROM `tb_goods` LIMIT 1   [ RunTime:0.0010s ]
SQL: SELECT * FROM `tb_goods` LIMIT 0,5   [ RunTime:0.0010s ]
INFO: [ view_parse ] --START--
NOTIC: [2] file_get_contents(./Apps/Home/View/Base/footer.html): failed to open stream: No such file or directory D:\wamp\apache2\htdocs\project\tp3\ThinkPHP\Library\Think\Template.class.php 第 696 行.
INFO: [ template_filter ] --START--
INFO: Run Behavior\ContentReplaceBehavior [ RunTime:0.000000s ]
INFO: [ template_filter ] --END-- [ RunTime:0.000000s ]
NOTIC: [8] Undefined variable: menu_list D:\wamp\apache2\htdocs\project\tp3\Apps\Runtime\Cache\Home\9f37a52cf12560a23b6a2158d9c39780.php 第 62 行.
NOTIC: [8] Use of undefined constant id - assumed 'id' D:\wamp\apache2\htdocs\project\tp3\Apps\Runtime\Cache\Home\9f37a52cf12560a23b6a2158d9c39780.php 第 151 行.
NOTIC: [8] Use of undefined constant id - assumed 'id' D:\wamp\apache2\htdocs\project\tp3\Apps\Runtime\Cache\Home\9f37a52cf12560a23b6a2158d9c39780.php 第 152 行.
NOTIC: [8] Undefined index: userinfo D:\wamp\apache2\htdocs\project\tp3\Apps\Runtime\Cache\Home\9f37a52cf12560a23b6a2158d9c39780.php 第 154 行.
NOTIC: [8] Use of undefined constant id - assumed 'id' D:\wamp\apache2\htdocs\project\tp3\Apps\Runtime\Cache\Home\9f37a52cf12560a23b6a2158d9c39780.php 第 157 行.
NOTIC: [8] Use of undefined constant name - assumed 'name' D:\wamp\apache2\htdocs\project\tp3\Apps\Runtime\Cache\Home\9f37a52cf12560a23b6a2158d9c39780.php 第 158 行.
NOTIC: [8] Use of undefined constant status - assumed 'status' D:\wamp\apache2\htdocs\project\tp3\Apps\Runtime\Cache\Home\9f37a52cf12560a23b6a2158d9c39780.php 第 159 行.
NOTIC: [8] Use of undefined constant id - assumed 'id' D:\wamp\apache2\htdocs\project\tp3\Apps\Runtime\Cache\Home\9f37a52cf12560a23b6a2158d9c39780.php 第 160 行.
NOTIC: [8] Use of undefined constant id - assumed 'id' D:\wamp\apache2\htdocs\project\tp3\Apps\Runtime\Cache\Home\9f37a52cf12560a23b6a2158d9c39780.php 第 161 行.
NOTIC: [8] Use of undefined constant id - assumed 'id' D:\wamp\apache2\htdocs\project\tp3\Apps\Runtime\Cache\Home\9f37a52cf12560a23b6a2158d9c39780.php 第 162 行.
NOTIC: [8] Use of undefined constant id - assumed 'id' D:\wamp\apache2\htdocs\project\tp3\Apps\Runtime\Cache\Home\9f37a52cf12560a23b6a2158d9c39780.php 第 163 行.
NOTIC: [8] Use of undefined constant id - assumed 'id' D:\wamp\apache2\htdocs\project\tp3\Apps\Runtime\Cache\Home\9f37a52cf12560a23b6a2158d9c39780.php 第 151 行.
NOTIC: [8] Use of undefined constant id - assumed 'id' D:\wamp\apache2\htdocs\project\tp3\Apps\Runtime\Cache\Home\9f37a52cf12560a23b6a2158d9c39780.php 第 152 行.
NOTIC: [8] Undefined index: userinfo D:\wamp\apache2\htdocs\project\tp3\Apps\Runtime\Cache\Home\9f37a52cf12560a23b6a2158d9c39780.php 第 154 行.
NOTIC: [8] Use of undefined constant id - assumed 'id' D:\wamp\apache2\htdocs\project\tp3\Apps\Runtime\Cache\Home\9f37a52cf12560a23b6a2158d9c39780.php 第 157 行.
NOTIC: [8] Use of undefined constant name - assumed 'name' D:\wamp\apache2\htdocs\project\tp3\Apps\Runtime\Cache\Home\9f37a52cf12560a23b6a2158d9c39780.php 第 158 行.
NOTIC: [8] Use of undefined constant status - assumed 'status' D:\wamp\apache2\htdocs\project\tp3\Apps\Runtime\Cache\Home\9f37a52cf12560a23b6a2158d9c39780.php 第 159 行.
NOTIC: [8] Use of undefined constant id - assumed 'id' D:\wamp\apache2\htdocs\project\tp3\Apps\Runtime\Cache\Home\9f37a52cf12560a23b6a2158d9c39780.php 第 160 行.
NOTIC: [8] Use of undefined constant id - assumed 'id' D:\wamp\apache2\htdocs\project\tp3\Apps\Runtime\Cache\Home\9f37a52cf12560a23b6a2158d9c39780.php 第 161 行.
NOTIC: [8] Use of undefined constant id - assumed 'id' D:\wamp\apache2\htdocs\project\tp3\Apps\Runtime\Cache\Home\9f37a52cf12560a23b6a2158d9c39780.php 第 162 行.
NOTIC: [8] Use of undefined constant id - assumed 'id' D:\wamp\apache2\htdocs\project\tp3\Apps\Runtime\Cache\Home\9f37a52cf12560a23b6a2158d9c39780.php 第 163 行.
NOTIC: [8] Use of undefined constant id - assumed 'id' D:\wamp\apache2\htdocs\project\tp3\Apps\Runtime\Cache\Home\9f37a52cf12560a23b6a2158d9c39780.php 第 151 行.
NOTIC: [8] Use of undefined constant id - assumed 'id' D:\wamp\apache2\htdocs\project\tp3\Apps\Runtime\Cache\Home\9f37a52cf12560a23b6a2158d9c39780.php 第 152 行.
NOTIC: [8] Undefined index: userinfo D:\wamp\apache2\htdocs\project\tp3\Apps\Runtime\Cache\Home\9f37a52cf12560a23b6a2158d9c39780.php 第 154 行.
NOTIC: [8] Use of undefined constant id - assumed 'id' D:\wamp\apache2\htdocs\project\tp3\Apps\Runtime\Cache\Home\9f37a52cf12560a23b6a2158d9c39780.php 第 157 行.
NOTIC: [8] Use of undefined constant name - assumed 'name' D:\wamp\apache2\htdocs\project\tp3\Apps\Runtime\Cache\Home\9f37a52cf12560a23b6a2158d9c39780.php 第 158 行.
NOTIC: [8] Use of undefined constant status - assumed 'status' D:\wamp\apache2\htdocs\project\tp3\Apps\Runtime\Cache\Home\9f37a52cf12560a23b6a2158d9c39780.php 第 159 行.
NOTIC: [8] Use of undefined constant id - assumed 'id' D:\wamp\apache2\htdocs\project\tp3\Apps\Runtime\Cache\Home\9f37a52cf12560a23b6a2158d9c39780.php 第 160 行.
NOTIC: [8] Use of undefined constant id - assumed 'id' D:\wamp\apache2\htdocs\project\tp3\Apps\Runtime\Cache\Home\9f37a52cf12560a23b6a2158d9c39780.php 第 161 行.
NOTIC: [8] Use of undefined constant id - assumed 'id' D:\wamp\apache2\htdocs\project\tp3\Apps\Runtime\Cache\Home\9f37a52cf12560a23b6a2158d9c39780.php 第 162 行.
NOTIC: [8] Use of undefined constant id - assumed 'id' D:\wamp\apache2\htdocs\project\tp3\Apps\Runtime\Cache\Home\9f37a52cf12560a23b6a2158d9c39780.php 第 163 行.
NOTIC: [8] Use of undefined constant id - assumed 'id' D:\wamp\apache2\htdocs\project\tp3\Apps\Runtime\Cache\Home\9f37a52cf12560a23b6a2158d9c39780.php 第 151 行.
NOTIC: [8] Use of undefined constant id - assumed 'id' D:\wamp\apache2\htdocs\project\tp3\Apps\Runtime\Cache\Home\9f37a52cf12560a23b6a2158d9c39780.php 第 152 行.
NOTIC: [8] Undefined index: userinfo D:\wamp\apache2\htdocs\project\tp3\Apps\Runtime\Cache\Home\9f37a52cf12560a23b6a2158d9c39780.php 第 154 行.
NOTIC: [8] Use of undefined constant id - assumed 'id' D:\wamp\apache2\htdocs\project\tp3\Apps\Runtime\Cache\Home\9f37a52cf12560a23b6a2158d9c39780.php 第 157 行.
NOTIC: [8] Use of undefined constant name - assumed 'name' D:\wamp\apache2\htdocs\project\tp3\Apps\Runtime\Cache\Home\9f37a52cf12560a23b6a2158d9c39780.php 第 158 行.
NOTIC: [8] Use of undefined constant status - assumed 'status' D:\wamp\apache2\htdocs\project\tp3\Apps\Runtime\Cache\Home\9f37a52cf12560a23b6a2158d9c39780.php 第 159 行.
NOTIC: [8] Use of undefined constant id - assumed 'id' D:\wamp\apache2\htdocs\project\tp3\Apps\Runtime\Cache\Home\9f37a52cf12560a23b6a2158d9c39780.php 第 160 行.
NOTIC: [8] Use of undefined constant id - assumed 'id' D:\wamp\apache2\htdocs\project\tp3\Apps\Runtime\Cache\Home\9f37a52cf12560a23b6a2158d9c39780.php 第 161 行.
NOTIC: [8] Use of undefined constant id - assumed 'id' D:\wamp\apache2\htdocs\project\tp3\Apps\Runtime\Cache\Home\9f37a52cf12560a23b6a2158d9c39780.php 第 162 行.
NOTIC: [8] Use of undefined constant id - assumed 'id' D:\wamp\apache2\htdocs\project\tp3\Apps\Runtime\Cache\Home\9f37a52cf12560a23b6a2158d9c39780.php 第 163 行.
NOTIC: [8] Use of undefined constant id - assumed 'id' D:\wamp\apache2\htdocs\project\tp3\Apps\Runtime\Cache\Home\9f37a52cf12560a23b6a2158d9c39780.php 第 151 行.
NOTIC: [8] Use of undefined constant id - assumed 'id' D:\wamp\apache2\htdocs\project\tp3\Apps\Runtime\Cache\Home\9f37a52cf12560a23b6a2158d9c39780.php 第 152 行.
NOTIC: [8] Undefined index: userinfo D:\wamp\apache2\htdocs\project\tp3\Apps\Runtime\Cache\Home\9f37a52cf12560a23b6a2158d9c39780.php 第 154 行.
NOTIC: [8] Use of undefined constant id - assumed 'id' D:\wamp\apache2\htdocs\project\tp3\Apps\Runtime\Cache\Home\9f37a52cf12560a23b6a2158d9c39780.php 第 157 行.
NOTIC: [8] Use of undefined constant name - assumed 'name' D:\wamp\apache2\htdocs\project\tp3\Apps\Runtime\Cache\Home\9f37a52cf12560a23b6a2158d9c39780.php 第 158 行.
NOTIC: [8] Use of undefined constant status - assumed 'status' D:\wamp\apache2\htdocs\project\tp3\Apps\Runtime\Cache\Home\9f37a52cf12560a23b6a2158d9c39780.php 第 159 行.
NOTIC: [8] Use of undefined constant id - assumed 'id' D:\wamp\apache2\htdocs\project\tp3\Apps\Runtime\Cache\Home\9f37a52cf12560a23b6a2158d9c39780.php 第 160 行.
NOTIC: [8] Use of undefined constant id - assumed 'id' D:\wamp\apache2\htdocs\project\tp3\Apps\Runtime\Cache\Home\9f37a52cf12560a23b6a2158d9c39780.php 第 161 行.
NOTIC: [8] Use of undefined constant id - assumed 'id' D:\wamp\apache2\htdocs\project\tp3\Apps\Runtime\Cache\Home\9f37a52cf12560a23b6a2158d9c39780.php 第 162 行.
NOTIC: [8] Use of undefined constant id - assumed 'id' D:\wamp\apache2\htdocs\project\tp3\Apps\Runtime\Cache\Home\9f37a52cf12560a23b6a2158d9c39780.php 第 163 行.
NOTIC: [8] Undefined index: userinfo D:\wamp\apache2\htdocs\project\tp3\Apps\Runtime\Cache\Home\9f37a52cf12560a23b6a2158d9c39780.php 第 183 行.
INFO: Run Behavior\ParseTemplateBehavior [ RunTime:0.010001s ]
INFO: [ view_parse ] --END-- [ RunTime:0.010001s ]
INFO: [ view_filter ] --START--
INFO: Run Behavior\WriteHtmlCacheBehavior [ RunTime:0.000000s ]
INFO: [ view_filter ] --END-- [ RunTime:0.000000s ]
INFO: [ app_end ] --START--
INFO: Run Behavior\ShowPageTraceBehavior [ RunTime:0.000000s ]
INFO: [ app_end ] --END-- [ RunTime:0.000000s ]

[ 2017-04-09T14:17:17+08:00 ] 127.0.0.1 /index.php/Home/Goods/index/p/2.html
INFO: [ app_init ] --START--
INFO: Run Behavior\BuildLiteBehavior [ RunTime:0.000000s ]
INFO: [ app_init ] --END-- [ RunTime:0.000000s ]
INFO: [ app_begin ] --START--
INFO: Run Behavior\ReadHtmlCacheBehavior [ RunTime:0.000000s ]
INFO: [ app_begin ] --END-- [ RunTime:0.000000s ]
SQL: SHOW COLUMNS FROM `tb_goods` [ RunTime:0.0060s ]
SQL: SELECT COUNT(*) AS tp_count FROM `tb_goods` LIMIT 1   [ RunTime:0.0010s ]
SQL: SELECT * FROM `tb_goods` LIMIT 5,5   [ RunTime:0.0010s ]
INFO: [ view_parse ] --START--
NOTIC: [2] file_get_contents(./Apps/Home/View/Base/footer.html): failed to open stream: No such file or directory D:\wamp\apache2\htdocs\project\tp3\ThinkPHP\Library\Think\Template.class.php 第 696 行.
INFO: [ template_filter ] --START--
INFO: Run Behavior\ContentReplaceBehavior [ RunTime:0.000000s ]
INFO: [ template_filter ] --END-- [ RunTime:0.000000s ]
NOTIC: [8] Undefined variable: menu_list D:\wamp\apache2\htdocs\project\tp3\Apps\Runtime\Cache\Home\9f37a52cf12560a23b6a2158d9c39780.php 第 62 行.
NOTIC: [8] Use of undefined constant id - assumed 'id' D:\wamp\apache2\htdocs\project\tp3\Apps\Runtime\Cache\Home\9f37a52cf12560a23b6a2158d9c39780.php 第 151 行.
NOTIC: [8] Use of undefined constant id - assumed 'id' D:\wamp\apache2\htdocs\project\tp3\Apps\Runtime\Cache\Home\9f37a52cf12560a23b6a2158d9c39780.php 第 152 行.
NOTIC: [8] Undefined index: userinfo D:\wamp\apache2\htdocs\project\tp3\Apps\Runtime\Cache\Home\9f37a52cf12560a23b6a2158d9c39780.php 第 154 行.
NOTIC: [8] Use of undefined constant id - assumed 'id' D:\wamp\apache2\htdocs\project\tp3\Apps\Runtime\Cache\Home\9f37a52cf12560a23b6a2158d9c39780.php 第 157 行.
NOTIC: [8] Use of undefined constant name - assumed 'name' D:\wamp\apache2\htdocs\project\tp3\Apps\Runtime\Cache\Home\9f37a52cf12560a23b6a2158d9c39780.php 第 158 行.
NOTIC: [8] Use of undefined constant status - assumed 'status' D:\wamp\apache2\htdocs\project\tp3\Apps\Runtime\Cache\Home\9f37a52cf12560a23b6a2158d9c39780.php 第 159 行.
NOTIC: [8] Use of undefined constant id - assumed 'id' D:\wamp\apache2\htdocs\project\tp3\Apps\Runtime\Cache\Home\9f37a52cf12560a23b6a2158d9c39780.php 第 160 行.
NOTIC: [8] Use of undefined constant id - assumed 'id' D:\wamp\apache2\htdocs\project\tp3\Apps\Runtime\Cache\Home\9f37a52cf12560a23b6a2158d9c39780.php 第 161 行.
NOTIC: [8] Use of undefined constant id - assumed 'id' D:\wamp\apache2\htdocs\project\tp3\Apps\Runtime\Cache\Home\9f37a52cf12560a23b6a2158d9c39780.php 第 162 行.
NOTIC: [8] Use of undefined constant id - assumed 'id' D:\wamp\apache2\htdocs\project\tp3\Apps\Runtime\Cache\Home\9f37a52cf12560a23b6a2158d9c39780.php 第 163 行.
NOTIC: [8] Use of undefined constant id - assumed 'id' D:\wamp\apache2\htdocs\project\tp3\Apps\Runtime\Cache\Home\9f37a52cf12560a23b6a2158d9c39780.php 第 151 行.
NOTIC: [8] Use of undefined constant id - assumed 'id' D:\wamp\apache2\htdocs\project\tp3\Apps\Runtime\Cache\Home\9f37a52cf12560a23b6a2158d9c39780.php 第 152 行.
NOTIC: [8] Undefined index: userinfo D:\wamp\apache2\htdocs\project\tp3\Apps\Runtime\Cache\Home\9f37a52cf12560a23b6a2158d9c39780.php 第 154 行.
NOTIC: [8] Use of undefined constant id - assumed 'id' D:\wamp\apache2\htdocs\project\tp3\Apps\Runtime\Cache\Home\9f37a52cf12560a23b6a2158d9c39780.php 第 157 行.
NOTIC: [8] Use of undefined constant name - assumed 'name' D:\wamp\apache2\htdocs\project\tp3\Apps\Runtime\Cache\Home\9f37a52cf12560a23b6a2158d9c39780.php 第 158 行.
NOTIC: [8] Use of undefined constant status - assumed 'status' D:\wamp\apache2\htdocs\project\tp3\Apps\Runtime\Cache\Home\9f37a52cf12560a23b6a2158d9c39780.php 第 159 行.
NOTIC: [8] Use of undefined constant id - assumed 'id' D:\wamp\apache2\htdocs\project\tp3\Apps\Runtime\Cache\Home\9f37a52cf12560a23b6a2158d9c39780.php 第 160 行.
NOTIC: [8] Use of undefined constant id - assumed 'id' D:\wamp\apache2\htdocs\project\tp3\Apps\Runtime\Cache\Home\9f37a52cf12560a23b6a2158d9c39780.php 第 161 行.
NOTIC: [8] Use of undefined constant id - assumed 'id' D:\wamp\apache2\htdocs\project\tp3\Apps\Runtime\Cache\Home\9f37a52cf12560a23b6a2158d9c39780.php 第 162 行.
NOTIC: [8] Use of undefined constant id - assumed 'id' D:\wamp\apache2\htdocs\project\tp3\Apps\Runtime\Cache\Home\9f37a52cf12560a23b6a2158d9c39780.php 第 163 行.
NOTIC: [8] Use of undefined constant id - assumed 'id' D:\wamp\apache2\htdocs\project\tp3\Apps\Runtime\Cache\Home\9f37a52cf12560a23b6a2158d9c39780.php 第 151 行.
NOTIC: [8] Use of undefined constant id - assumed 'id' D:\wamp\apache2\htdocs\project\tp3\Apps\Runtime\Cache\Home\9f37a52cf12560a23b6a2158d9c39780.php 第 152 行.
NOTIC: [8] Undefined index: userinfo D:\wamp\apache2\htdocs\project\tp3\Apps\Runtime\Cache\Home\9f37a52cf12560a23b6a2158d9c39780.php 第 154 行.
NOTIC: [8] Use of undefined constant id - assumed 'id' D:\wamp\apache2\htdocs\project\tp3\Apps\Runtime\Cache\Home\9f37a52cf12560a23b6a2158d9c39780.php 第 157 行.
NOTIC: [8] Use of undefined constant name - assumed 'name' D:\wamp\apache2\htdocs\project\tp3\Apps\Runtime\Cache\Home\9f37a52cf12560a23b6a2158d9c39780.php 第 158 行.
NOTIC: [8] Use of undefined constant status - assumed 'status' D:\wamp\apache2\htdocs\project\tp3\Apps\Runtime\Cache\Home\9f37a52cf12560a23b6a2158d9c39780.php 第 159 行.
NOTIC: [8] Use of undefined constant id - assumed 'id' D:\wamp\apache2\htdocs\project\tp3\Apps\Runtime\Cache\Home\9f37a52cf12560a23b6a2158d9c39780.php 第 160 行.
NOTIC: [8] Use of undefined constant id - assumed 'id' D:\wamp\apache2\htdocs\project\tp3\Apps\Runtime\Cache\Home\9f37a52cf12560a23b6a2158d9c39780.php 第 161 行.
NOTIC: [8] Use of undefined constant id - assumed 'id' D:\wamp\apache2\htdocs\project\tp3\Apps\Runtime\Cache\Home\9f37a52cf12560a23b6a2158d9c39780.php 第 162 行.
NOTIC: [8] Use of undefined constant id - assumed 'id' D:\wamp\apache2\htdocs\project\tp3\Apps\Runtime\Cache\Home\9f37a52cf12560a23b6a2158d9c39780.php 第 163 行.
NOTIC: [8] Use of undefined constant id - assumed 'id' D:\wamp\apache2\htdocs\project\tp3\Apps\Runtime\Cache\Home\9f37a52cf12560a23b6a2158d9c39780.php 第 151 行.
NOTIC: [8] Use of undefined constant id - assumed 'id' D:\wamp\apache2\htdocs\project\tp3\Apps\Runtime\Cache\Home\9f37a52cf12560a23b6a2158d9c39780.php 第 152 行.
NOTIC: [8] Undefined index: userinfo D:\wamp\apache2\htdocs\project\tp3\Apps\Runtime\Cache\Home\9f37a52cf12560a23b6a2158d9c39780.php 第 154 行.
NOTIC: [8] Use of undefined constant id - assumed 'id' D:\wamp\apache2\htdocs\project\tp3\Apps\Runtime\Cache\Home\9f37a52cf12560a23b6a2158d9c39780.php 第 157 行.
NOTIC: [8] Use of undefined constant name - assumed 'name' D:\wamp\apache2\htdocs\project\tp3\Apps\Runtime\Cache\Home\9f37a52cf12560a23b6a2158d9c39780.php 第 158 行.
NOTIC: [8] Use of undefined constant status - assumed 'status' D:\wamp\apache2\htdocs\project\tp3\Apps\Runtime\Cache\Home\9f37a52cf12560a23b6a2158d9c39780.php 第 159 行.
NOTIC: [8] Use of undefined constant id - assumed 'id' D:\wamp\apache2\htdocs\project\tp3\Apps\Runtime\Cache\Home\9f37a52cf12560a23b6a2158d9c39780.php 第 160 行.
NOTIC: [8] Use of undefined constant id - assumed 'id' D:\wamp\apache2\htdocs\project\tp3\Apps\Runtime\Cache\Home\9f37a52cf12560a23b6a2158d9c39780.php 第 161 行.
NOTIC: [8] Use of undefined constant id - assumed 'id' D:\wamp\apache2\htdocs\project\tp3\Apps\Runtime\Cache\Home\9f37a52cf12560a23b6a2158d9c39780.php 第 162 行.
NOTIC: [8] Use of undefined constant id - assumed 'id' D:\wamp\apache2\htdocs\project\tp3\Apps\Runtime\Cache\Home\9f37a52cf12560a23b6a2158d9c39780.php 第 163 行.
NOTIC: [8] Use of undefined constant id - assumed 'id' D:\wamp\apache2\htdocs\project\tp3\Apps\Runtime\Cache\Home\9f37a52cf12560a23b6a2158d9c39780.php 第 151 行.
NOTIC: [8] Use of undefined constant id - assumed 'id' D:\wamp\apache2\htdocs\project\tp3\Apps\Runtime\Cache\Home\9f37a52cf12560a23b6a2158d9c39780.php 第 152 行.
NOTIC: [8] Undefined index: userinfo D:\wamp\apache2\htdocs\project\tp3\Apps\Runtime\Cache\Home\9f37a52cf12560a23b6a2158d9c39780.php 第 154 行.
NOTIC: [8] Use of undefined constant id - assumed 'id' D:\wamp\apache2\htdocs\project\tp3\Apps\Runtime\Cache\Home\9f37a52cf12560a23b6a2158d9c39780.php 第 157 行.
NOTIC: [8] Use of undefined constant name - assumed 'name' D:\wamp\apache2\htdocs\project\tp3\Apps\Runtime\Cache\Home\9f37a52cf12560a23b6a2158d9c39780.php 第 158 行.
NOTIC: [8] Use of undefined constant status - assumed 'status' D:\wamp\apache2\htdocs\project\tp3\Apps\Runtime\Cache\Home\9f37a52cf12560a23b6a2158d9c39780.php 第 159 行.
NOTIC: [8] Use of undefined constant id - assumed 'id' D:\wamp\apache2\htdocs\project\tp3\Apps\Runtime\Cache\Home\9f37a52cf12560a23b6a2158d9c39780.php 第 160 行.
NOTIC: [8] Use of undefined constant id - assumed 'id' D:\wamp\apache2\htdocs\project\tp3\Apps\Runtime\Cache\Home\9f37a52cf12560a23b6a2158d9c39780.php 第 161 行.
NOTIC: [8] Use of undefined constant id - assumed 'id' D:\wamp\apache2\htdocs\project\tp3\Apps\Runtime\Cache\Home\9f37a52cf12560a23b6a2158d9c39780.php 第 162 行.
NOTIC: [8] Use of undefined constant id - assumed 'id' D:\wamp\apache2\htdocs\project\tp3\Apps\Runtime\Cache\Home\9f37a52cf12560a23b6a2158d9c39780.php 第 163 行.
NOTIC: [8] Undefined index: userinfo D:\wamp\apache2\htdocs\project\tp3\Apps\Runtime\Cache\Home\9f37a52cf12560a23b6a2158d9c39780.php 第 183 行.
INFO: Run Behavior\ParseTemplateBehavior [ RunTime:0.010001s ]
INFO: [ view_parse ] --END-- [ RunTime:0.010001s ]
INFO: [ view_filter ] --START--
INFO: Run Behavior\WriteHtmlCacheBehavior [ RunTime:0.000000s ]
INFO: [ view_filter ] --END-- [ RunTime:0.000000s ]
INFO: [ app_end ] --START--
INFO: Run Behavior\ShowPageTraceBehavior [ RunTime:0.001000s ]
INFO: [ app_end ] --END-- [ RunTime:0.001000s ]

[ 2017-04-09T14:17:19+08:00 ] 127.0.0.1 /index.php/Home/Goods/index/p/4.html
INFO: [ app_init ] --START--
INFO: Run Behavior\BuildLiteBehavior [ RunTime:0.000000s ]
INFO: [ app_init ] --END-- [ RunTime:0.000000s ]
INFO: [ app_begin ] --START--
INFO: Run Behavior\ReadHtmlCacheBehavior [ RunTime:0.000000s ]
INFO: [ app_begin ] --END-- [ RunTime:0.001000s ]
SQL: SHOW COLUMNS FROM `tb_goods` [ RunTime:0.0070s ]
SQL: SELECT COUNT(*) AS tp_count FROM `tb_goods` LIMIT 1   [ RunTime:0.0010s ]
SQL: SELECT * FROM `tb_goods` LIMIT 15,5   [ RunTime:0.0010s ]
INFO: [ view_parse ] --START--
NOTIC: [2] file_get_contents(./Apps/Home/View/Base/footer.html): failed to open stream: No such file or directory D:\wamp\apache2\htdocs\project\tp3\ThinkPHP\Library\Think\Template.class.php 第 696 行.
INFO: [ template_filter ] --START--
INFO: Run Behavior\ContentReplaceBehavior [ RunTime:0.000000s ]
INFO: [ template_filter ] --END-- [ RunTime:0.000000s ]
NOTIC: [8] Undefined variable: menu_list D:\wamp\apache2\htdocs\project\tp3\Apps\Runtime\Cache\Home\9f37a52cf12560a23b6a2158d9c39780.php 第 62 行.
NOTIC: [8] Use of undefined constant id - assumed 'id' D:\wamp\apache2\htdocs\project\tp3\Apps\Runtime\Cache\Home\9f37a52cf12560a23b6a2158d9c39780.php 第 151 行.
NOTIC: [8] Use of undefined constant id - assumed 'id' D:\wamp\apache2\htdocs\project\tp3\Apps\Runtime\Cache\Home\9f37a52cf12560a23b6a2158d9c39780.php 第 152 行.
NOTIC: [8] Undefined index: userinfo D:\wamp\apache2\htdocs\project\tp3\Apps\Runtime\Cache\Home\9f37a52cf12560a23b6a2158d9c39780.php 第 154 行.
NOTIC: [8] Use of undefined constant id - assumed 'id' D:\wamp\apache2\htdocs\project\tp3\Apps\Runtime\Cache\Home\9f37a52cf12560a23b6a2158d9c39780.php 第 157 行.
NOTIC: [8] Use of undefined constant name - assumed 'name' D:\wamp\apache2\htdocs\project\tp3\Apps\Runtime\Cache\Home\9f37a52cf12560a23b6a2158d9c39780.php 第 158 行.
NOTIC: [8] Use of undefined constant status - assumed 'status' D:\wamp\apache2\htdocs\project\tp3\Apps\Runtime\Cache\Home\9f37a52cf12560a23b6a2158d9c39780.php 第 159 行.
NOTIC: [8] Use of undefined constant id - assumed 'id' D:\wamp\apache2\htdocs\project\tp3\Apps\Runtime\Cache\Home\9f37a52cf12560a23b6a2158d9c39780.php 第 160 行.
NOTIC: [8] Use of undefined constant id - assumed 'id' D:\wamp\apache2\htdocs\project\tp3\Apps\Runtime\Cache\Home\9f37a52cf12560a23b6a2158d9c39780.php 第 161 行.
NOTIC: [8] Use of undefined constant id - assumed 'id' D:\wamp\apache2\htdocs\project\tp3\Apps\Runtime\Cache\Home\9f37a52cf12560a23b6a2158d9c39780.php 第 162 行.
NOTIC: [8] Use of undefined constant id - assumed 'id' D:\wamp\apache2\htdocs\project\tp3\Apps\Runtime\Cache\Home\9f37a52cf12560a23b6a2158d9c39780.php 第 163 行.
NOTIC: [8] Use of undefined constant id - assumed 'id' D:\wamp\apache2\htdocs\project\tp3\Apps\Runtime\Cache\Home\9f37a52cf12560a23b6a2158d9c39780.php 第 151 行.
NOTIC: [8] Use of undefined constant id - assumed 'id' D:\wamp\apache2\htdocs\project\tp3\Apps\Runtime\Cache\Home\9f37a52cf12560a23b6a2158d9c39780.php 第 152 行.
NOTIC: [8] Undefined index: userinfo D:\wamp\apache2\htdocs\project\tp3\Apps\Runtime\Cache\Home\9f37a52cf12560a23b6a2158d9c39780.php 第 154 行.
NOTIC: [8] Use of undefined constant id - assumed 'id' D:\wamp\apache2\htdocs\project\tp3\Apps\Runtime\Cache\Home\9f37a52cf12560a23b6a2158d9c39780.php 第 157 行.
NOTIC: [8] Use of undefined constant name - assumed 'name' D:\wamp\apache2\htdocs\project\tp3\Apps\Runtime\Cache\Home\9f37a52cf12560a23b6a2158d9c39780.php 第 158 行.
NOTIC: [8] Use of undefined constant status - assumed 'status' D:\wamp\apache2\htdocs\project\tp3\Apps\Runtime\Cache\Home\9f37a52cf12560a23b6a2158d9c39780.php 第 159 行.
NOTIC: [8] Use of undefined constant id - assumed 'id' D:\wamp\apache2\htdocs\project\tp3\Apps\Runtime\Cache\Home\9f37a52cf12560a23b6a2158d9c39780.php 第 160 行.
NOTIC: [8] Use of undefined constant id - assumed 'id' D:\wamp\apache2\htdocs\project\tp3\Apps\Runtime\Cache\Home\9f37a52cf12560a23b6a2158d9c39780.php 第 161 行.
NOTIC: [8] Use of undefined constant id - assumed 'id' D:\wamp\apache2\htdocs\project\tp3\Apps\Runtime\Cache\Home\9f37a52cf12560a23b6a2158d9c39780.php 第 162 行.
NOTIC: [8] Use of undefined constant id - assumed 'id' D:\wamp\apache2\htdocs\project\tp3\Apps\Runtime\Cache\Home\9f37a52cf12560a23b6a2158d9c39780.php 第 163 行.
NOTIC: [8] Undefined index: userinfo D:\wamp\apache2\htdocs\project\tp3\Apps\Runtime\Cache\Home\9f37a52cf12560a23b6a2158d9c39780.php 第 183 行.
INFO: Run Behavior\ParseTemplateBehavior [ RunTime:0.008000s ]
INFO: [ view_parse ] --END-- [ RunTime:0.008000s ]
INFO: [ view_filter ] --START--
INFO: Run Behavior\WriteHtmlCacheBehavior [ RunTime:0.001000s ]
INFO: [ view_filter ] --END-- [ RunTime:0.001000s ]
INFO: [ app_end ] --START--
INFO: Run Behavior\ShowPageTraceBehavior [ RunTime:0.000000s ]
INFO: [ app_end ] --END-- [ RunTime:0.000000s ]

[ 2017-04-09T14:17:20+08:00 ] 127.0.0.1 /index.php/Home/Goods/index/p/3.html
INFO: [ app_init ] --START--
INFO: Run Behavior\BuildLiteBehavior [ RunTime:0.000000s ]
INFO: [ app_init ] --END-- [ RunTime:0.001000s ]
INFO: [ app_begin ] --START--
INFO: Run Behavior\ReadHtmlCacheBehavior [ RunTime:0.001000s ]
INFO: [ app_begin ] --END-- [ RunTime:0.001000s ]
SQL: SHOW COLUMNS FROM `tb_goods` [ RunTime:0.0060s ]
SQL: SELECT COUNT(*) AS tp_count FROM `tb_goods` LIMIT 1   [ RunTime:0.0010s ]
SQL: SELECT * FROM `tb_goods` LIMIT 10,5   [ RunTime:0.0010s ]
INFO: [ view_parse ] --START--
NOTIC: [2] file_get_contents(./Apps/Home/View/Base/footer.html): failed to open stream: No such file or directory D:\wamp\apache2\htdocs\project\tp3\ThinkPHP\Library\Think\Template.class.php 第 696 行.
INFO: [ template_filter ] --START--
INFO: Run Behavior\ContentReplaceBehavior [ RunTime:0.000000s ]
INFO: [ template_filter ] --END-- [ RunTime:0.000000s ]
NOTIC: [8] Undefined variable: menu_list D:\wamp\apache2\htdocs\project\tp3\Apps\Runtime\Cache\Home\9f37a52cf12560a23b6a2158d9c39780.php 第 62 行.
NOTIC: [8] Use of undefined constant id - assumed 'id' D:\wamp\apache2\htdocs\project\tp3\Apps\Runtime\Cache\Home\9f37a52cf12560a23b6a2158d9c39780.php 第 151 行.
NOTIC: [8] Use of undefined constant id - assumed 'id' D:\wamp\apache2\htdocs\project\tp3\Apps\Runtime\Cache\Home\9f37a52cf12560a23b6a2158d9c39780.php 第 152 行.
NOTIC: [8] Undefined index: userinfo D:\wamp\apache2\htdocs\project\tp3\Apps\Runtime\Cache\Home\9f37a52cf12560a23b6a2158d9c39780.php 第 154 行.
NOTIC: [8] Use of undefined constant id - assumed 'id' D:\wamp\apache2\htdocs\project\tp3\Apps\Runtime\Cache\Home\9f37a52cf12560a23b6a2158d9c39780.php 第 157 行.
NOTIC: [8] Use of undefined constant name - assumed 'name' D:\wamp\apache2\htdocs\project\tp3\Apps\Runtime\Cache\Home\9f37a52cf12560a23b6a2158d9c39780.php 第 158 行.
NOTIC: [8] Use of undefined constant status - assumed 'status' D:\wamp\apache2\htdocs\project\tp3\Apps\Runtime\Cache\Home\9f37a52cf12560a23b6a2158d9c39780.php 第 159 行.
NOTIC: [8] Use of undefined constant id - assumed 'id' D:\wamp\apache2\htdocs\project\tp3\Apps\Runtime\Cache\Home\9f37a52cf12560a23b6a2158d9c39780.php 第 160 行.
NOTIC: [8] Use of undefined constant id - assumed 'id' D:\wamp\apache2\htdocs\project\tp3\Apps\Runtime\Cache\Home\9f37a52cf12560a23b6a2158d9c39780.php 第 161 行.
NOTIC: [8] Use of undefined constant id - assumed 'id' D:\wamp\apache2\htdocs\project\tp3\Apps\Runtime\Cache\Home\9f37a52cf12560a23b6a2158d9c39780.php 第 162 行.
NOTIC: [8] Use of undefined constant id - assumed 'id' D:\wamp\apache2\htdocs\project\tp3\Apps\Runtime\Cache\Home\9f37a52cf12560a23b6a2158d9c39780.php 第 163 行.
NOTIC: [8] Use of undefined constant id - assumed 'id' D:\wamp\apache2\htdocs\project\tp3\Apps\Runtime\Cache\Home\9f37a52cf12560a23b6a2158d9c39780.php 第 151 行.
NOTIC: [8] Use of undefined constant id - assumed 'id' D:\wamp\apache2\htdocs\project\tp3\Apps\Runtime\Cache\Home\9f37a52cf12560a23b6a2158d9c39780.php 第 152 行.
NOTIC: [8] Undefined index: userinfo D:\wamp\apache2\htdocs\project\tp3\Apps\Runtime\Cache\Home\9f37a52cf12560a23b6a2158d9c39780.php 第 154 行.
NOTIC: [8] Use of undefined constant id - assumed 'id' D:\wamp\apache2\htdocs\project\tp3\Apps\Runtime\Cache\Home\9f37a52cf12560a23b6a2158d9c39780.php 第 157 行.
NOTIC: [8] Use of undefined constant name - assumed 'name' D:\wamp\apache2\htdocs\project\tp3\Apps\Runtime\Cache\Home\9f37a52cf12560a23b6a2158d9c39780.php 第 158 行.
NOTIC: [8] Use of undefined constant status - assumed 'status' D:\wamp\apache2\htdocs\project\tp3\Apps\Runtime\Cache\Home\9f37a52cf12560a23b6a2158d9c39780.php 第 159 行.
NOTIC: [8] Use of undefined constant id - assumed 'id' D:\wamp\apache2\htdocs\project\tp3\Apps\Runtime\Cache\Home\9f37a52cf12560a23b6a2158d9c39780.php 第 160 行.
NOTIC: [8] Use of undefined constant id - assumed 'id' D:\wamp\apache2\htdocs\project\tp3\Apps\Runtime\Cache\Home\9f37a52cf12560a23b6a2158d9c39780.php 第 161 行.
NOTIC: [8] Use of undefined constant id - assumed 'id' D:\wamp\apache2\htdocs\project\tp3\Apps\Runtime\Cache\Home\9f37a52cf12560a23b6a2158d9c39780.php 第 162 行.
NOTIC: [8] Use of undefined constant id - assumed 'id' D:\wamp\apache2\htdocs\project\tp3\Apps\Runtime\Cache\Home\9f37a52cf12560a23b6a2158d9c39780.php 第 163 行.
NOTIC: [8] Use of undefined constant id - assumed 'id' D:\wamp\apache2\htdocs\project\tp3\Apps\Runtime\Cache\Home\9f37a52cf12560a23b6a2158d9c39780.php 第 151 行.
NOTIC: [8] Use of undefined constant id - assumed 'id' D:\wamp\apache2\htdocs\project\tp3\Apps\Runtime\Cache\Home\9f37a52cf12560a23b6a2158d9c39780.php 第 152 行.
NOTIC: [8] Undefined index: userinfo D:\wamp\apache2\htdocs\project\tp3\Apps\Runtime\Cache\Home\9f37a52cf12560a23b6a2158d9c39780.php 第 154 行.
NOTIC: [8] Use of undefined constant id - assumed 'id' D:\wamp\apache2\htdocs\project\tp3\Apps\Runtime\Cache\Home\9f37a52cf12560a23b6a2158d9c39780.php 第 157 行.
NOTIC: [8] Use of undefined constant name - assumed 'name' D:\wamp\apache2\htdocs\project\tp3\Apps\Runtime\Cache\Home\9f37a52cf12560a23b6a2158d9c39780.php 第 158 行.
NOTIC: [8] Use of undefined constant status - assumed 'status' D:\wamp\apache2\htdocs\project\tp3\Apps\Runtime\Cache\Home\9f37a52cf12560a23b6a2158d9c39780.php 第 159 行.
NOTIC: [8] Use of undefined constant id - assumed 'id' D:\wamp\apache2\htdocs\project\tp3\Apps\Runtime\Cache\Home\9f37a52cf12560a23b6a2158d9c39780.php 第 160 行.
NOTIC: [8] Use of undefined constant id - assumed 'id' D:\wamp\apache2\htdocs\project\tp3\Apps\Runtime\Cache\Home\9f37a52cf12560a23b6a2158d9c39780.php 第 161 行.
NOTIC: [8] Use of undefined constant id - assumed 'id' D:\wamp\apache2\htdocs\project\tp3\Apps\Runtime\Cache\Home\9f37a52cf12560a23b6a2158d9c39780.php 第 162 行.
NOTIC: [8] Use of undefined constant id - assumed 'id' D:\wamp\apache2\htdocs\project\tp3\Apps\Runtime\Cache\Home\9f37a52cf12560a23b6a2158d9c39780.php 第 163 行.
NOTIC: [8] Use of undefined constant id - assumed 'id' D:\wamp\apache2\htdocs\project\tp3\Apps\Runtime\Cache\Home\9f37a52cf12560a23b6a2158d9c39780.php 第 151 行.
NOTIC: [8] Use of undefined constant id - assumed 'id' D:\wamp\apache2\htdocs\project\tp3\Apps\Runtime\Cache\Home\9f37a52cf12560a23b6a2158d9c39780.php 第 152 行.
NOTIC: [8] Undefined index: userinfo D:\wamp\apache2\htdocs\project\tp3\Apps\Runtime\Cache\Home\9f37a52cf12560a23b6a2158d9c39780.php 第 154 行.
NOTIC: [8] Use of undefined constant id - assumed 'id' D:\wamp\apache2\htdocs\project\tp3\Apps\Runtime\Cache\Home\9f37a52cf12560a23b6a2158d9c39780.php 第 157 行.
NOTIC: [8] Use of undefined constant name - assumed 'name' D:\wamp\apache2\htdocs\project\tp3\Apps\Runtime\Cache\Home\9f37a52cf12560a23b6a2158d9c39780.php 第 158 行.
NOTIC: [8] Use of undefined constant status - assumed 'status' D:\wamp\apache2\htdocs\project\tp3\Apps\Runtime\Cache\Home\9f37a52cf12560a23b6a2158d9c39780.php 第 159 行.
NOTIC: [8] Use of undefined constant id - assumed 'id' D:\wamp\apache2\htdocs\project\tp3\Apps\Runtime\Cache\Home\9f37a52cf12560a23b6a2158d9c39780.php 第 160 行.
NOTIC: [8] Use of undefined constant id - assumed 'id' D:\wamp\apache2\htdocs\project\tp3\Apps\Runtime\Cache\Home\9f37a52cf12560a23b6a2158d9c39780.php 第 161 行.
NOTIC: [8] Use of undefined constant id - assumed 'id' D:\wamp\apache2\htdocs\project\tp3\Apps\Runtime\Cache\Home\9f37a52cf12560a23b6a2158d9c39780.php 第 162 行.
NOTIC: [8] Use of undefined constant id - assumed 'id' D:\wamp\apache2\htdocs\project\tp3\Apps\Runtime\Cache\Home\9f37a52cf12560a23b6a2158d9c39780.php 第 163 行.
NOTIC: [8] Use of undefined constant id - assumed 'id' D:\wamp\apache2\htdocs\project\tp3\Apps\Runtime\Cache\Home\9f37a52cf12560a23b6a2158d9c39780.php 第 151 行.
NOTIC: [8] Use of undefined constant id - assumed 'id' D:\wamp\apache2\htdocs\project\tp3\Apps\Runtime\Cache\Home\9f37a52cf12560a23b6a2158d9c39780.php 第 152 行.
NOTIC: [8] Undefined index: userinfo D:\wamp\apache2\htdocs\project\tp3\Apps\Runtime\Cache\Home\9f37a52cf12560a23b6a2158d9c39780.php 第 154 行.
NOTIC: [8] Use of undefined constant id - assumed 'id' D:\wamp\apache2\htdocs\project\tp3\Apps\Runtime\Cache\Home\9f37a52cf12560a23b6a2158d9c39780.php 第 157 行.
NOTIC: [8] Use of undefined constant name - assumed 'name' D:\wamp\apache2\htdocs\project\tp3\Apps\Runtime\Cache\Home\9f37a52cf12560a23b6a2158d9c39780.php 第 158 行.
NOTIC: [8] Use of undefined constant status - assumed 'status' D:\wamp\apache2\htdocs\project\tp3\Apps\Runtime\Cache\Home\9f37a52cf12560a23b6a2158d9c39780.php 第 159 行.
NOTIC: [8] Use of undefined constant id - assumed 'id' D:\wamp\apache2\htdocs\project\tp3\Apps\Runtime\Cache\Home\9f37a52cf12560a23b6a2158d9c39780.php 第 160 行.
NOTIC: [8] Use of undefined constant id - assumed 'id' D:\wamp\apache2\htdocs\project\tp3\Apps\Runtime\Cache\Home\9f37a52cf12560a23b6a2158d9c39780.php 第 161 行.
NOTIC: [8] Use of undefined constant id - assumed 'id' D:\wamp\apache2\htdocs\project\tp3\Apps\Runtime\Cache\Home\9f37a52cf12560a23b6a2158d9c39780.php 第 162 行.
NOTIC: [8] Use of undefined constant id - assumed 'id' D:\wamp\apache2\htdocs\project\tp3\Apps\Runtime\Cache\Home\9f37a52cf12560a23b6a2158d9c39780.php 第 163 行.
NOTIC: [8] Undefined index: userinfo D:\wamp\apache2\htdocs\project\tp3\Apps\Runtime\Cache\Home\9f37a52cf12560a23b6a2158d9c39780.php 第 183 行.
INFO: Run Behavior\ParseTemplateBehavior [ RunTime:0.010001s ]
INFO: [ view_parse ] --END-- [ RunTime:0.010001s ]
INFO: [ view_filter ] --START--
INFO: Run Behavior\WriteHtmlCacheBehavior [ RunTime:0.000000s ]
INFO: [ view_filter ] --END-- [ RunTime:0.000000s ]
INFO: [ app_end ] --START--
INFO: Run Behavior\ShowPageTraceBehavior [ RunTime:0.000000s ]
INFO: [ app_end ] --END-- [ RunTime:0.001000s ]

[ 2017-04-09T14:17:22+08:00 ] 127.0.0.1 /index.php/Home/Goods/index/p/4.html
INFO: [ app_init ] --START--
INFO: Run Behavior\BuildLiteBehavior [ RunTime:0.000000s ]
INFO: [ app_init ] --END-- [ RunTime:0.000000s ]
INFO: [ app_begin ] --START--
INFO: Run Behavior\ReadHtmlCacheBehavior [ RunTime:0.000000s ]
INFO: [ app_begin ] --END-- [ RunTime:0.000000s ]
SQL: SHOW COLUMNS FROM `tb_goods` [ RunTime:0.0070s ]
SQL: SELECT COUNT(*) AS tp_count FROM `tb_goods` LIMIT 1   [ RunTime:0.0000s ]
SQL: SELECT * FROM `tb_goods` LIMIT 15,5   [ RunTime:0.0010s ]
INFO: [ view_parse ] --START--
NOTIC: [2] file_get_contents(./Apps/Home/View/Base/footer.html): failed to open stream: No such file or directory D:\wamp\apache2\htdocs\project\tp3\ThinkPHP\Library\Think\Template.class.php 第 696 行.
INFO: [ template_filter ] --START--
INFO: Run Behavior\ContentReplaceBehavior [ RunTime:0.001000s ]
INFO: [ template_filter ] --END-- [ RunTime:0.001000s ]
NOTIC: [8] Undefined variable: menu_list D:\wamp\apache2\htdocs\project\tp3\Apps\Runtime\Cache\Home\9f37a52cf12560a23b6a2158d9c39780.php 第 62 行.
NOTIC: [8] Use of undefined constant id - assumed 'id' D:\wamp\apache2\htdocs\project\tp3\Apps\Runtime\Cache\Home\9f37a52cf12560a23b6a2158d9c39780.php 第 151 行.
NOTIC: [8] Use of undefined constant id - assumed 'id' D:\wamp\apache2\htdocs\project\tp3\Apps\Runtime\Cache\Home\9f37a52cf12560a23b6a2158d9c39780.php 第 152 行.
NOTIC: [8] Undefined index: userinfo D:\wamp\apache2\htdocs\project\tp3\Apps\Runtime\Cache\Home\9f37a52cf12560a23b6a2158d9c39780.php 第 154 行.
NOTIC: [8] Use of undefined constant id - assumed 'id' D:\wamp\apache2\htdocs\project\tp3\Apps\Runtime\Cache\Home\9f37a52cf12560a23b6a2158d9c39780.php 第 157 行.
NOTIC: [8] Use of undefined constant name - assumed 'name' D:\wamp\apache2\htdocs\project\tp3\Apps\Runtime\Cache\Home\9f37a52cf12560a23b6a2158d9c39780.php 第 158 行.
NOTIC: [8] Use of undefined constant status - assumed 'status' D:\wamp\apache2\htdocs\project\tp3\Apps\Runtime\Cache\Home\9f37a52cf12560a23b6a2158d9c39780.php 第 159 行.
NOTIC: [8] Use of undefined constant id - assumed 'id' D:\wamp\apache2\htdocs\project\tp3\Apps\Runtime\Cache\Home\9f37a52cf12560a23b6a2158d9c39780.php 第 160 行.
NOTIC: [8] Use of undefined constant id - assumed 'id' D:\wamp\apache2\htdocs\project\tp3\Apps\Runtime\Cache\Home\9f37a52cf12560a23b6a2158d9c39780.php 第 161 行.
NOTIC: [8] Use of undefined constant id - assumed 'id' D:\wamp\apache2\htdocs\project\tp3\Apps\Runtime\Cache\Home\9f37a52cf12560a23b6a2158d9c39780.php 第 162 行.
NOTIC: [8] Use of undefined constant id - assumed 'id' D:\wamp\apache2\htdocs\project\tp3\Apps\Runtime\Cache\Home\9f37a52cf12560a23b6a2158d9c39780.php 第 163 行.
NOTIC: [8] Use of undefined constant id - assumed 'id' D:\wamp\apache2\htdocs\project\tp3\Apps\Runtime\Cache\Home\9f37a52cf12560a23b6a2158d9c39780.php 第 151 行.
NOTIC: [8] Use of undefined constant id - assumed 'id' D:\wamp\apache2\htdocs\project\tp3\Apps\Runtime\Cache\Home\9f37a52cf12560a23b6a2158d9c39780.php 第 152 行.
NOTIC: [8] Undefined index: userinfo D:\wamp\apache2\htdocs\project\tp3\Apps\Runtime\Cache\Home\9f37a52cf12560a23b6a2158d9c39780.php 第 154 行.
NOTIC: [8] Use of undefined constant id - assumed 'id' D:\wamp\apache2\htdocs\project\tp3\Apps\Runtime\Cache\Home\9f37a52cf12560a23b6a2158d9c39780.php 第 157 行.
NOTIC: [8] Use of undefined constant name - assumed 'name' D:\wamp\apache2\htdocs\project\tp3\Apps\Runtime\Cache\Home\9f37a52cf12560a23b6a2158d9c39780.php 第 158 行.
NOTIC: [8] Use of undefined constant status - assumed 'status' D:\wamp\apache2\htdocs\project\tp3\Apps\Runtime\Cache\Home\9f37a52cf12560a23b6a2158d9c39780.php 第 159 行.
NOTIC: [8] Use of undefined constant id - assumed 'id' D:\wamp\apache2\htdocs\project\tp3\Apps\Runtime\Cache\Home\9f37a52cf12560a23b6a2158d9c39780.php 第 160 行.
NOTIC: [8] Use of undefined constant id - assumed 'id' D:\wamp\apache2\htdocs\project\tp3\Apps\Runtime\Cache\Home\9f37a52cf12560a23b6a2158d9c39780.php 第 161 行.
NOTIC: [8] Use of undefined constant id - assumed 'id' D:\wamp\apache2\htdocs\project\tp3\Apps\Runtime\Cache\Home\9f37a52cf12560a23b6a2158d9c39780.php 第 162 行.
NOTIC: [8] Use of undefined constant id - assumed 'id' D:\wamp\apache2\htdocs\project\tp3\Apps\Runtime\Cache\Home\9f37a52cf12560a23b6a2158d9c39780.php 第 163 行.
NOTIC: [8] Undefined index: userinfo D:\wamp\apache2\htdocs\project\tp3\Apps\Runtime\Cache\Home\9f37a52cf12560a23b6a2158d9c39780.php 第 183 行.
INFO: Run Behavior\ParseTemplateBehavior [ RunTime:0.011000s ]
INFO: [ view_parse ] --END-- [ RunTime:0.011000s ]
INFO: [ view_filter ] --START--
INFO: Run Behavior\WriteHtmlCacheBehavior [ RunTime:0.001000s ]
INFO: [ view_filter ] --END-- [ RunTime:0.001000s ]
INFO: [ app_end ] --START--
INFO: Run Behavior\ShowPageTraceBehavior [ RunTime:0.001001s ]
INFO: [ app_end ] --END-- [ RunTime:0.001001s ]

