[ 2017-01-20T09:04:45+08:00 ] ::1 /test/TS2/index.php/Home/Order/orderlist.html
INFO: [ app_init ] --START--
INFO: Run Behavior\BuildLiteBehavior [ RunTime:0.000000s ]
INFO: [ app_init ] --END-- [ RunTime:0.000000s ]
INFO: [ app_begin ] --START--
INFO: Run Behavior\ReadHtmlCacheBehavior [ RunTime:0.001000s ]
INFO: [ app_begin ] --END-- [ RunTime:0.001000s ]
SQL: SHOW COLUMNS FROM `tb_order` [ RunTime:0.0080s ]
SQL: SELECT COUNT(*) AS tp_count FROM `tb_order` LIMIT 1   [ RunTime:0.0000s ]
SQL: SELECT * FROM `tb_order` WHERE ( status=0 AND userid=1 ) LIMIT 0,4   [ RunTime:0.0010s ]
INFO: [ view_parse ] --START--
NOTIC: [2] file_get_contents(./Apps/Home/View/Base/footer.html): failed to open stream: No such file or directory D:\wamp\apache2\htdocs\test\TS2\ThinkPHP\Library\Think\Template.class.php 第 696 行.
INFO: [ template_filter ] --START--
INFO: Run Behavior\ContentReplaceBehavior [ RunTime:0.000000s ]
INFO: [ template_filter ] --END-- [ RunTime:0.000000s ]
NOTIC: [8] Undefined variable: menu_list D:\wamp\apache2\htdocs\test\TS2\Apps\Runtime\Cache\Home\10522c1594d443a56056fed4af0b3a26.php 第 62 行.
NOTIC: [8] Use of undefined constant id - assumed 'id' D:\wamp\apache2\htdocs\test\TS2\Apps\Runtime\Cache\Home\10522c1594d443a56056fed4af0b3a26.php 第 153 行.
NOTIC: [8] Use of undefined constant note - assumed 'note' D:\wamp\apache2\htdocs\test\TS2\Apps\Runtime\Cache\Home\10522c1594d443a56056fed4af0b3a26.php 第 154 行.
NOTIC: [8] Use of undefined constant id - assumed 'id' D:\wamp\apache2\htdocs\test\TS2\Apps\Runtime\Cache\Home\10522c1594d443a56056fed4af0b3a26.php 第 165 行.
NOTIC: [8] Use of undefined constant id - assumed 'id' D:\wamp\apache2\htdocs\test\TS2\Apps\Runtime\Cache\Home\10522c1594d443a56056fed4af0b3a26.php 第 176 行.
NOTIC: [8] Undefined variable: list_refund_url D:\wamp\apache2\htdocs\test\TS2\Apps\Runtime\Cache\Home\10522c1594d443a56056fed4af0b3a26.php 第 177 行.
NOTIC: [8] Use of undefined constant id - assumed 'id' D:\wamp\apache2\htdocs\test\TS2\Apps\Runtime\Cache\Home\10522c1594d443a56056fed4af0b3a26.php 第 177 行.
NOTIC: [8] Use of undefined constant id - assumed 'id' D:\wamp\apache2\htdocs\test\TS2\Apps\Runtime\Cache\Home\10522c1594d443a56056fed4af0b3a26.php 第 153 行.
NOTIC: [8] Use of undefined constant note - assumed 'note' D:\wamp\apache2\htdocs\test\TS2\Apps\Runtime\Cache\Home\10522c1594d443a56056fed4af0b3a26.php 第 154 行.
NOTIC: [8] Use of undefined constant id - assumed 'id' D:\wamp\apache2\htdocs\test\TS2\Apps\Runtime\Cache\Home\10522c1594d443a56056fed4af0b3a26.php 第 165 行.
NOTIC: [8] Use of undefined constant id - assumed 'id' D:\wamp\apache2\htdocs\test\TS2\Apps\Runtime\Cache\Home\10522c1594d443a56056fed4af0b3a26.php 第 176 行.
NOTIC: [8] Undefined variable: list_refund_url D:\wamp\apache2\htdocs\test\TS2\Apps\Runtime\Cache\Home\10522c1594d443a56056fed4af0b3a26.php 第 177 行.
NOTIC: [8] Use of undefined constant id - assumed 'id' D:\wamp\apache2\htdocs\test\TS2\Apps\Runtime\Cache\Home\10522c1594d443a56056fed4af0b3a26.php 第 177 行.
NOTIC: [8] Use of undefined constant id - assumed 'id' D:\wamp\apache2\htdocs\test\TS2\Apps\Runtime\Cache\Home\10522c1594d443a56056fed4af0b3a26.php 第 153 行.
NOTIC: [8] Use of undefined constant note - assumed 'note' D:\wamp\apache2\htdocs\test\TS2\Apps\Runtime\Cache\Home\10522c1594d443a56056fed4af0b3a26.php 第 154 行.
NOTIC: [8] Use of undefined constant id - assumed 'id' D:\wamp\apache2\htdocs\test\TS2\Apps\Runtime\Cache\Home\10522c1594d443a56056fed4af0b3a26.php 第 165 行.
NOTIC: [8] Use of undefined constant id - assumed 'id' D:\wamp\apache2\htdocs\test\TS2\Apps\Runtime\Cache\Home\10522c1594d443a56056fed4af0b3a26.php 第 176 行.
NOTIC: [8] Undefined variable: list_refund_url D:\wamp\apache2\htdocs\test\TS2\Apps\Runtime\Cache\Home\10522c1594d443a56056fed4af0b3a26.php 第 177 行.
NOTIC: [8] Use of undefined constant id - assumed 'id' D:\wamp\apache2\htdocs\test\TS2\Apps\Runtime\Cache\Home\10522c1594d443a56056fed4af0b3a26.php 第 177 行.
NOTIC: [8] Use of undefined constant id - assumed 'id' D:\wamp\apache2\htdocs\test\TS2\Apps\Runtime\Cache\Home\10522c1594d443a56056fed4af0b3a26.php 第 153 行.
NOTIC: [8] Use of undefined constant note - assumed 'note' D:\wamp\apache2\htdocs\test\TS2\Apps\Runtime\Cache\Home\10522c1594d443a56056fed4af0b3a26.php 第 154 行.
NOTIC: [8] Use of undefined constant id - assumed 'id' D:\wamp\apache2\htdocs\test\TS2\Apps\Runtime\Cache\Home\10522c1594d443a56056fed4af0b3a26.php 第 165 行.
NOTIC: [8] Use of undefined constant id - assumed 'id' D:\wamp\apache2\htdocs\test\TS2\Apps\Runtime\Cache\Home\10522c1594d443a56056fed4af0b3a26.php 第 176 行.
NOTIC: [8] Undefined variable: list_refund_url D:\wamp\apache2\htdocs\test\TS2\Apps\Runtime\Cache\Home\10522c1594d443a56056fed4af0b3a26.php 第 177 行.
NOTIC: [8] Use of undefined constant id - assumed 'id' D:\wamp\apache2\htdocs\test\TS2\Apps\Runtime\Cache\Home\10522c1594d443a56056fed4af0b3a26.php 第 177 行.
INFO: Run Behavior\ParseTemplateBehavior [ RunTime:0.015001s ]
INFO: [ view_parse ] --END-- [ RunTime:0.015001s ]
INFO: [ view_filter ] --START--
INFO: Run Behavior\WriteHtmlCacheBehavior [ RunTime:0.001000s ]
INFO: [ view_filter ] --END-- [ RunTime:0.001000s ]
INFO: [ app_end ] --START--
INFO: Run Behavior\ShowPageTraceBehavior [ RunTime:0.000000s ]
INFO: [ app_end ] --END-- [ RunTime:0.000000s ]

