[ 2017-01-11T20:09:31+08:00 ] ::1 /test/TS2/index.php/Admin/Index/index.html
INFO: [ app_init ] --START--
INFO: Run Behavior\BuildLiteBehavior [ RunTime:0.000000s ]
INFO: [ app_init ] --END-- [ RunTime:0.001000s ]
INFO: [ app_begin ] --START--
INFO: Run Behavior\ReadHtmlCacheBehavior [ RunTime:0.001000s ]
INFO: [ app_begin ] --END-- [ RunTime:0.001000s ]
NOTIC: [2048] Only variables should be passed by reference D:\wamp\apache2\htdocs\test\TS2\Apps\Admin\Controller\BaseController.class.php 第 26 行.
SQL: SHOW COLUMNS FROM `tb_role_option` [ RunTime:0.0110s ]
SQL: SELECT o.name,concat(o.namecn,'/index') as url FROM tb_role_option ro INNER JOIN tb_option as o ON o.id=ro.optionid  WHERE ( roleid=1 )  [ RunTime:0.0010s ]
INFO: [ view_parse ] --START--
INFO: [ template_filter ] --START--
INFO: Run Behavior\ContentReplaceBehavior [ RunTime:0.001000s ]
INFO: [ template_filter ] --END-- [ RunTime:0.001000s ]
NOTIC: [8] Use of undefined constant url - assumed 'url' D:\wamp\apache2\htdocs\test\TS2\Apps\Runtime\Cache\Admin\859e94050170c96367cb52465a51a945.php 第 63 行.
NOTIC: [8] Use of undefined constant url - assumed 'url' D:\wamp\apache2\htdocs\test\TS2\Apps\Runtime\Cache\Admin\859e94050170c96367cb52465a51a945.php 第 65 行.
NOTIC: [8] Use of undefined constant url - assumed 'url' D:\wamp\apache2\htdocs\test\TS2\Apps\Runtime\Cache\Admin\859e94050170c96367cb52465a51a945.php 第 63 行.
NOTIC: [8] Use of undefined constant url - assumed 'url' D:\wamp\apache2\htdocs\test\TS2\Apps\Runtime\Cache\Admin\859e94050170c96367cb52465a51a945.php 第 65 行.
NOTIC: [8] Use of undefined constant url - assumed 'url' D:\wamp\apache2\htdocs\test\TS2\Apps\Runtime\Cache\Admin\859e94050170c96367cb52465a51a945.php 第 63 行.
NOTIC: [8] Use of undefined constant url - assumed 'url' D:\wamp\apache2\htdocs\test\TS2\Apps\Runtime\Cache\Admin\859e94050170c96367cb52465a51a945.php 第 65 行.
NOTIC: [8] Use of undefined constant url - assumed 'url' D:\wamp\apache2\htdocs\test\TS2\Apps\Runtime\Cache\Admin\859e94050170c96367cb52465a51a945.php 第 63 行.
NOTIC: [8] Use of undefined constant url - assumed 'url' D:\wamp\apache2\htdocs\test\TS2\Apps\Runtime\Cache\Admin\859e94050170c96367cb52465a51a945.php 第 65 行.
NOTIC: [8] Use of undefined constant url - assumed 'url' D:\wamp\apache2\htdocs\test\TS2\Apps\Runtime\Cache\Admin\859e94050170c96367cb52465a51a945.php 第 63 行.
NOTIC: [8] Use of undefined constant url - assumed 'url' D:\wamp\apache2\htdocs\test\TS2\Apps\Runtime\Cache\Admin\859e94050170c96367cb52465a51a945.php 第 65 行.
NOTIC: [8] Use of undefined constant url - assumed 'url' D:\wamp\apache2\htdocs\test\TS2\Apps\Runtime\Cache\Admin\859e94050170c96367cb52465a51a945.php 第 63 行.
NOTIC: [8] Use of undefined constant url - assumed 'url' D:\wamp\apache2\htdocs\test\TS2\Apps\Runtime\Cache\Admin\859e94050170c96367cb52465a51a945.php 第 65 行.
NOTIC: [8] Undefined variable: list_info_url D:\wamp\apache2\htdocs\test\TS2\Apps\Runtime\Cache\Admin\859e94050170c96367cb52465a51a945.php 第 81 行.
NOTIC: [8] Use of undefined constant id - assumed 'id' D:\wamp\apache2\htdocs\test\TS2\Apps\Runtime\Cache\Admin\859e94050170c96367cb52465a51a945.php 第 81 行.
NOTIC: [8] Undefined variable: info D:\wamp\apache2\htdocs\test\TS2\Apps\Runtime\Cache\Admin\859e94050170c96367cb52465a51a945.php 第 81 行.
NOTIC: [8] Undefined variable: list_modify_url D:\wamp\apache2\htdocs\test\TS2\Apps\Runtime\Cache\Admin\859e94050170c96367cb52465a51a945.php 第 84 行.
NOTIC: [8] Use of undefined constant id - assumed 'id' D:\wamp\apache2\htdocs\test\TS2\Apps\Runtime\Cache\Admin\859e94050170c96367cb52465a51a945.php 第 84 行.
NOTIC: [8] Undefined variable: info D:\wamp\apache2\htdocs\test\TS2\Apps\Runtime\Cache\Admin\859e94050170c96367cb52465a51a945.php 第 84 行.
NOTIC: [8] Undefined variable: list_delete_url D:\wamp\apache2\htdocs\test\TS2\Apps\Runtime\Cache\Admin\859e94050170c96367cb52465a51a945.php 第 85 行.
NOTIC: [8] Use of undefined constant id - assumed 'id' D:\wamp\apache2\htdocs\test\TS2\Apps\Runtime\Cache\Admin\859e94050170c96367cb52465a51a945.php 第 85 行.
NOTIC: [8] Undefined variable: info D:\wamp\apache2\htdocs\test\TS2\Apps\Runtime\Cache\Admin\859e94050170c96367cb52465a51a945.php 第 85 行.
NOTIC: [8] Undefined variable: list_add_url D:\wamp\apache2\htdocs\test\TS2\Apps\Runtime\Cache\Admin\859e94050170c96367cb52465a51a945.php 第 133 行.
NOTIC: [8] Undefined variable: list_search_url D:\wamp\apache2\htdocs\test\TS2\Apps\Runtime\Cache\Admin\859e94050170c96367cb52465a51a945.php 第 134 行.
NOTIC: [8] Undefined variable: list D:\wamp\apache2\htdocs\test\TS2\Apps\Runtime\Cache\Admin\859e94050170c96367cb52465a51a945.php 第 150 行.
INFO: Run Behavior\ParseTemplateBehavior [ RunTime:0.017001s ]
INFO: [ view_parse ] --END-- [ RunTime:0.017001s ]
INFO: [ view_filter ] --START--
INFO: Run Behavior\WriteHtmlCacheBehavior [ RunTime:0.001000s ]
INFO: [ view_filter ] --END-- [ RunTime:0.001000s ]
INFO: [ app_end ] --START--
INFO: Run Behavior\ShowPageTraceBehavior [ RunTime:0.001000s ]
INFO: [ app_end ] --END-- [ RunTime:0.001000s ]

[ 2017-01-11T20:09:34+08:00 ] ::1 /test/TS2/index.php/Admin/Index/index.html
INFO: [ app_init ] --START--
INFO: Run Behavior\BuildLiteBehavior [ RunTime:0.000000s ]
INFO: [ app_init ] --END-- [ RunTime:0.000000s ]
INFO: [ app_begin ] --START--
INFO: Run Behavior\ReadHtmlCacheBehavior [ RunTime:0.001000s ]
INFO: [ app_begin ] --END-- [ RunTime:0.001000s ]
NOTIC: [2048] Only variables should be passed by reference D:\wamp\apache2\htdocs\test\TS2\Apps\Admin\Controller\BaseController.class.php 第 26 行.
SQL: SHOW COLUMNS FROM `tb_role_option` [ RunTime:0.0100s ]
SQL: SELECT o.name,concat(o.namecn,'/index') as url FROM tb_role_option ro INNER JOIN tb_option as o ON o.id=ro.optionid  WHERE ( roleid=1 )  [ RunTime:0.0010s ]
INFO: [ view_parse ] --START--
INFO: [ template_filter ] --START--
INFO: Run Behavior\ContentReplaceBehavior [ RunTime:0.000000s ]
INFO: [ template_filter ] --END-- [ RunTime:0.000000s ]
NOTIC: [8] Use of undefined constant url - assumed 'url' D:\wamp\apache2\htdocs\test\TS2\Apps\Runtime\Cache\Admin\859e94050170c96367cb52465a51a945.php 第 63 行.
NOTIC: [8] Use of undefined constant url - assumed 'url' D:\wamp\apache2\htdocs\test\TS2\Apps\Runtime\Cache\Admin\859e94050170c96367cb52465a51a945.php 第 65 行.
NOTIC: [8] Use of undefined constant url - assumed 'url' D:\wamp\apache2\htdocs\test\TS2\Apps\Runtime\Cache\Admin\859e94050170c96367cb52465a51a945.php 第 63 行.
NOTIC: [8] Use of undefined constant url - assumed 'url' D:\wamp\apache2\htdocs\test\TS2\Apps\Runtime\Cache\Admin\859e94050170c96367cb52465a51a945.php 第 65 行.
NOTIC: [8] Use of undefined constant url - assumed 'url' D:\wamp\apache2\htdocs\test\TS2\Apps\Runtime\Cache\Admin\859e94050170c96367cb52465a51a945.php 第 63 行.
NOTIC: [8] Use of undefined constant url - assumed 'url' D:\wamp\apache2\htdocs\test\TS2\Apps\Runtime\Cache\Admin\859e94050170c96367cb52465a51a945.php 第 65 行.
NOTIC: [8] Use of undefined constant url - assumed 'url' D:\wamp\apache2\htdocs\test\TS2\Apps\Runtime\Cache\Admin\859e94050170c96367cb52465a51a945.php 第 63 行.
NOTIC: [8] Use of undefined constant url - assumed 'url' D:\wamp\apache2\htdocs\test\TS2\Apps\Runtime\Cache\Admin\859e94050170c96367cb52465a51a945.php 第 65 行.
NOTIC: [8] Use of undefined constant url - assumed 'url' D:\wamp\apache2\htdocs\test\TS2\Apps\Runtime\Cache\Admin\859e94050170c96367cb52465a51a945.php 第 63 行.
NOTIC: [8] Use of undefined constant url - assumed 'url' D:\wamp\apache2\htdocs\test\TS2\Apps\Runtime\Cache\Admin\859e94050170c96367cb52465a51a945.php 第 65 行.
NOTIC: [8] Use of undefined constant url - assumed 'url' D:\wamp\apache2\htdocs\test\TS2\Apps\Runtime\Cache\Admin\859e94050170c96367cb52465a51a945.php 第 63 行.
NOTIC: [8] Use of undefined constant url - assumed 'url' D:\wamp\apache2\htdocs\test\TS2\Apps\Runtime\Cache\Admin\859e94050170c96367cb52465a51a945.php 第 65 行.
NOTIC: [8] Undefined variable: list_info_url D:\wamp\apache2\htdocs\test\TS2\Apps\Runtime\Cache\Admin\859e94050170c96367cb52465a51a945.php 第 81 行.
NOTIC: [8] Use of undefined constant id - assumed 'id' D:\wamp\apache2\htdocs\test\TS2\Apps\Runtime\Cache\Admin\859e94050170c96367cb52465a51a945.php 第 81 行.
NOTIC: [8] Undefined variable: info D:\wamp\apache2\htdocs\test\TS2\Apps\Runtime\Cache\Admin\859e94050170c96367cb52465a51a945.php 第 81 行.
NOTIC: [8] Undefined variable: list_modify_url D:\wamp\apache2\htdocs\test\TS2\Apps\Runtime\Cache\Admin\859e94050170c96367cb52465a51a945.php 第 84 行.
NOTIC: [8] Use of undefined constant id - assumed 'id' D:\wamp\apache2\htdocs\test\TS2\Apps\Runtime\Cache\Admin\859e94050170c96367cb52465a51a945.php 第 84 行.
NOTIC: [8] Undefined variable: info D:\wamp\apache2\htdocs\test\TS2\Apps\Runtime\Cache\Admin\859e94050170c96367cb52465a51a945.php 第 84 行.
NOTIC: [8] Undefined variable: list_delete_url D:\wamp\apache2\htdocs\test\TS2\Apps\Runtime\Cache\Admin\859e94050170c96367cb52465a51a945.php 第 85 行.
NOTIC: [8] Use of undefined constant id - assumed 'id' D:\wamp\apache2\htdocs\test\TS2\Apps\Runtime\Cache\Admin\859e94050170c96367cb52465a51a945.php 第 85 行.
NOTIC: [8] Undefined variable: info D:\wamp\apache2\htdocs\test\TS2\Apps\Runtime\Cache\Admin\859e94050170c96367cb52465a51a945.php 第 85 行.
NOTIC: [8] Undefined variable: list_add_url D:\wamp\apache2\htdocs\test\TS2\Apps\Runtime\Cache\Admin\859e94050170c96367cb52465a51a945.php 第 133 行.
NOTIC: [8] Undefined variable: list_search_url D:\wamp\apache2\htdocs\test\TS2\Apps\Runtime\Cache\Admin\859e94050170c96367cb52465a51a945.php 第 134 行.
NOTIC: [8] Undefined variable: list D:\wamp\apache2\htdocs\test\TS2\Apps\Runtime\Cache\Admin\859e94050170c96367cb52465a51a945.php 第 150 行.
INFO: Run Behavior\ParseTemplateBehavior [ RunTime:0.010001s ]
INFO: [ view_parse ] --END-- [ RunTime:0.010001s ]
INFO: [ view_filter ] --START--
INFO: Run Behavior\WriteHtmlCacheBehavior [ RunTime:0.000000s ]
INFO: [ view_filter ] --END-- [ RunTime:0.000000s ]
INFO: [ app_end ] --START--
INFO: Run Behavior\ShowPageTraceBehavior [ RunTime:0.001000s ]
INFO: [ app_end ] --END-- [ RunTime:0.001000s ]

[ 2017-01-11T20:09:36+08:00 ] ::1 /test/TS2/index.php/Admin/User/index.html
INFO: [ app_init ] --START--
INFO: Run Behavior\BuildLiteBehavior [ RunTime:0.000000s ]
INFO: [ app_init ] --END-- [ RunTime:0.000000s ]
INFO: [ app_begin ] --START--
INFO: Run Behavior\ReadHtmlCacheBehavior [ RunTime:0.000000s ]
INFO: [ app_begin ] --END-- [ RunTime:0.000000s ]
NOTIC: [2048] Only variables should be passed by reference D:\wamp\apache2\htdocs\test\TS2\Apps\Admin\Controller\BaseController.class.php 第 26 行.
SQL: SHOW COLUMNS FROM `tb_role_option` [ RunTime:0.0090s ]
SQL: SELECT o.name,concat(o.namecn,'/index') as url FROM tb_role_option ro INNER JOIN tb_option as o ON o.id=ro.optionid  WHERE ( roleid=1 )  [ RunTime:0.0010s ]
INFO: [ view_parse ] --START--
INFO: [ template_filter ] --START--
INFO: Run Behavior\ContentReplaceBehavior [ RunTime:0.000000s ]
INFO: [ template_filter ] --END-- [ RunTime:0.000000s ]
NOTIC: [8] Use of undefined constant url - assumed 'url' D:\wamp\apache2\htdocs\test\TS2\Apps\Runtime\Cache\Admin\a92f1d2922506e26adc7a8e5abe56037.php 第 63 行.
NOTIC: [8] Use of undefined constant url - assumed 'url' D:\wamp\apache2\htdocs\test\TS2\Apps\Runtime\Cache\Admin\a92f1d2922506e26adc7a8e5abe56037.php 第 65 行.
NOTIC: [8] Use of undefined constant url - assumed 'url' D:\wamp\apache2\htdocs\test\TS2\Apps\Runtime\Cache\Admin\a92f1d2922506e26adc7a8e5abe56037.php 第 63 行.
NOTIC: [8] Use of undefined constant url - assumed 'url' D:\wamp\apache2\htdocs\test\TS2\Apps\Runtime\Cache\Admin\a92f1d2922506e26adc7a8e5abe56037.php 第 65 行.
NOTIC: [8] Use of undefined constant url - assumed 'url' D:\wamp\apache2\htdocs\test\TS2\Apps\Runtime\Cache\Admin\a92f1d2922506e26adc7a8e5abe56037.php 第 63 行.
NOTIC: [8] Use of undefined constant url - assumed 'url' D:\wamp\apache2\htdocs\test\TS2\Apps\Runtime\Cache\Admin\a92f1d2922506e26adc7a8e5abe56037.php 第 65 行.
NOTIC: [8] Use of undefined constant url - assumed 'url' D:\wamp\apache2\htdocs\test\TS2\Apps\Runtime\Cache\Admin\a92f1d2922506e26adc7a8e5abe56037.php 第 63 行.
NOTIC: [8] Use of undefined constant url - assumed 'url' D:\wamp\apache2\htdocs\test\TS2\Apps\Runtime\Cache\Admin\a92f1d2922506e26adc7a8e5abe56037.php 第 65 行.
NOTIC: [8] Use of undefined constant url - assumed 'url' D:\wamp\apache2\htdocs\test\TS2\Apps\Runtime\Cache\Admin\a92f1d2922506e26adc7a8e5abe56037.php 第 63 行.
NOTIC: [8] Use of undefined constant url - assumed 'url' D:\wamp\apache2\htdocs\test\TS2\Apps\Runtime\Cache\Admin\a92f1d2922506e26adc7a8e5abe56037.php 第 65 行.
NOTIC: [8] Use of undefined constant url - assumed 'url' D:\wamp\apache2\htdocs\test\TS2\Apps\Runtime\Cache\Admin\a92f1d2922506e26adc7a8e5abe56037.php 第 63 行.
NOTIC: [8] Use of undefined constant url - assumed 'url' D:\wamp\apache2\htdocs\test\TS2\Apps\Runtime\Cache\Admin\a92f1d2922506e26adc7a8e5abe56037.php 第 65 行.
NOTIC: [8] Undefined variable: list_info_url D:\wamp\apache2\htdocs\test\TS2\Apps\Runtime\Cache\Admin\a92f1d2922506e26adc7a8e5abe56037.php 第 81 行.
NOTIC: [8] Use of undefined constant id - assumed 'id' D:\wamp\apache2\htdocs\test\TS2\Apps\Runtime\Cache\Admin\a92f1d2922506e26adc7a8e5abe56037.php 第 81 行.
NOTIC: [8] Undefined variable: info D:\wamp\apache2\htdocs\test\TS2\Apps\Runtime\Cache\Admin\a92f1d2922506e26adc7a8e5abe56037.php 第 81 行.
NOTIC: [8] Undefined variable: list_modify_url D:\wamp\apache2\htdocs\test\TS2\Apps\Runtime\Cache\Admin\a92f1d2922506e26adc7a8e5abe56037.php 第 84 行.
NOTIC: [8] Use of undefined constant id - assumed 'id' D:\wamp\apache2\htdocs\test\TS2\Apps\Runtime\Cache\Admin\a92f1d2922506e26adc7a8e5abe56037.php 第 84 行.
NOTIC: [8] Undefined variable: info D:\wamp\apache2\htdocs\test\TS2\Apps\Runtime\Cache\Admin\a92f1d2922506e26adc7a8e5abe56037.php 第 84 行.
NOTIC: [8] Undefined variable: list_delete_url D:\wamp\apache2\htdocs\test\TS2\Apps\Runtime\Cache\Admin\a92f1d2922506e26adc7a8e5abe56037.php 第 85 行.
NOTIC: [8] Use of undefined constant id - assumed 'id' D:\wamp\apache2\htdocs\test\TS2\Apps\Runtime\Cache\Admin\a92f1d2922506e26adc7a8e5abe56037.php 第 85 行.
NOTIC: [8] Undefined variable: info D:\wamp\apache2\htdocs\test\TS2\Apps\Runtime\Cache\Admin\a92f1d2922506e26adc7a8e5abe56037.php 第 85 行.
NOTIC: [8] Undefined variable: list_add_url D:\wamp\apache2\htdocs\test\TS2\Apps\Runtime\Cache\Admin\a92f1d2922506e26adc7a8e5abe56037.php 第 133 行.
NOTIC: [8] Undefined variable: list_search_url D:\wamp\apache2\htdocs\test\TS2\Apps\Runtime\Cache\Admin\a92f1d2922506e26adc7a8e5abe56037.php 第 134 行.
NOTIC: [8] Undefined variable: list D:\wamp\apache2\htdocs\test\TS2\Apps\Runtime\Cache\Admin\a92f1d2922506e26adc7a8e5abe56037.php 第 150 行.
INFO: Run Behavior\ParseTemplateBehavior [ RunTime:0.012000s ]
INFO: [ view_parse ] --END-- [ RunTime:0.013000s ]
INFO: [ view_filter ] --START--
INFO: Run Behavior\WriteHtmlCacheBehavior [ RunTime:0.000000s ]
INFO: [ view_filter ] --END-- [ RunTime:0.000000s ]
INFO: [ app_end ] --START--
INFO: Run Behavior\ShowPageTraceBehavior [ RunTime:0.001000s ]
INFO: [ app_end ] --END-- [ RunTime:0.001000s ]

[ 2017-01-11T20:09:37+08:00 ] ::1 /test/TS2/index.php/Admin/User/index.html
INFO: [ app_init ] --START--
INFO: Run Behavior\BuildLiteBehavior [ RunTime:0.000000s ]
INFO: [ app_init ] --END-- [ RunTime:0.001000s ]
INFO: [ app_begin ] --START--
INFO: Run Behavior\ReadHtmlCacheBehavior [ RunTime:0.000000s ]
INFO: [ app_begin ] --END-- [ RunTime:0.000000s ]
NOTIC: [2048] Only variables should be passed by reference D:\wamp\apache2\htdocs\test\TS2\Apps\Admin\Controller\BaseController.class.php 第 26 行.
SQL: SHOW COLUMNS FROM `tb_role_option` [ RunTime:0.0110s ]
SQL: SELECT o.name,concat(o.namecn,'/index') as url FROM tb_role_option ro INNER JOIN tb_option as o ON o.id=ro.optionid  WHERE ( roleid=1 )  [ RunTime:0.0010s ]
INFO: [ view_parse ] --START--
INFO: [ template_filter ] --START--
INFO: Run Behavior\ContentReplaceBehavior [ RunTime:0.000000s ]
INFO: [ template_filter ] --END-- [ RunTime:0.000000s ]
NOTIC: [8] Use of undefined constant url - assumed 'url' D:\wamp\apache2\htdocs\test\TS2\Apps\Runtime\Cache\Admin\a92f1d2922506e26adc7a8e5abe56037.php 第 63 行.
NOTIC: [8] Use of undefined constant url - assumed 'url' D:\wamp\apache2\htdocs\test\TS2\Apps\Runtime\Cache\Admin\a92f1d2922506e26adc7a8e5abe56037.php 第 65 行.
NOTIC: [8] Use of undefined constant url - assumed 'url' D:\wamp\apache2\htdocs\test\TS2\Apps\Runtime\Cache\Admin\a92f1d2922506e26adc7a8e5abe56037.php 第 63 行.
NOTIC: [8] Use of undefined constant url - assumed 'url' D:\wamp\apache2\htdocs\test\TS2\Apps\Runtime\Cache\Admin\a92f1d2922506e26adc7a8e5abe56037.php 第 65 行.
NOTIC: [8] Use of undefined constant url - assumed 'url' D:\wamp\apache2\htdocs\test\TS2\Apps\Runtime\Cache\Admin\a92f1d2922506e26adc7a8e5abe56037.php 第 63 行.
NOTIC: [8] Use of undefined constant url - assumed 'url' D:\wamp\apache2\htdocs\test\TS2\Apps\Runtime\Cache\Admin\a92f1d2922506e26adc7a8e5abe56037.php 第 65 行.
NOTIC: [8] Use of undefined constant url - assumed 'url' D:\wamp\apache2\htdocs\test\TS2\Apps\Runtime\Cache\Admin\a92f1d2922506e26adc7a8e5abe56037.php 第 63 行.
NOTIC: [8] Use of undefined constant url - assumed 'url' D:\wamp\apache2\htdocs\test\TS2\Apps\Runtime\Cache\Admin\a92f1d2922506e26adc7a8e5abe56037.php 第 65 行.
NOTIC: [8] Use of undefined constant url - assumed 'url' D:\wamp\apache2\htdocs\test\TS2\Apps\Runtime\Cache\Admin\a92f1d2922506e26adc7a8e5abe56037.php 第 63 行.
NOTIC: [8] Use of undefined constant url - assumed 'url' D:\wamp\apache2\htdocs\test\TS2\Apps\Runtime\Cache\Admin\a92f1d2922506e26adc7a8e5abe56037.php 第 65 行.
NOTIC: [8] Use of undefined constant url - assumed 'url' D:\wamp\apache2\htdocs\test\TS2\Apps\Runtime\Cache\Admin\a92f1d2922506e26adc7a8e5abe56037.php 第 63 行.
NOTIC: [8] Use of undefined constant url - assumed 'url' D:\wamp\apache2\htdocs\test\TS2\Apps\Runtime\Cache\Admin\a92f1d2922506e26adc7a8e5abe56037.php 第 65 行.
NOTIC: [8] Undefined variable: list_info_url D:\wamp\apache2\htdocs\test\TS2\Apps\Runtime\Cache\Admin\a92f1d2922506e26adc7a8e5abe56037.php 第 81 行.
NOTIC: [8] Use of undefined constant id - assumed 'id' D:\wamp\apache2\htdocs\test\TS2\Apps\Runtime\Cache\Admin\a92f1d2922506e26adc7a8e5abe56037.php 第 81 行.
NOTIC: [8] Undefined variable: info D:\wamp\apache2\htdocs\test\TS2\Apps\Runtime\Cache\Admin\a92f1d2922506e26adc7a8e5abe56037.php 第 81 行.
NOTIC: [8] Undefined variable: list_modify_url D:\wamp\apache2\htdocs\test\TS2\Apps\Runtime\Cache\Admin\a92f1d2922506e26adc7a8e5abe56037.php 第 84 行.
NOTIC: [8] Use of undefined constant id - assumed 'id' D:\wamp\apache2\htdocs\test\TS2\Apps\Runtime\Cache\Admin\a92f1d2922506e26adc7a8e5abe56037.php 第 84 行.
NOTIC: [8] Undefined variable: info D:\wamp\apache2\htdocs\test\TS2\Apps\Runtime\Cache\Admin\a92f1d2922506e26adc7a8e5abe56037.php 第 84 行.
NOTIC: [8] Undefined variable: list_delete_url D:\wamp\apache2\htdocs\test\TS2\Apps\Runtime\Cache\Admin\a92f1d2922506e26adc7a8e5abe56037.php 第 85 行.
NOTIC: [8] Use of undefined constant id - assumed 'id' D:\wamp\apache2\htdocs\test\TS2\Apps\Runtime\Cache\Admin\a92f1d2922506e26adc7a8e5abe56037.php 第 85 行.
NOTIC: [8] Undefined variable: info D:\wamp\apache2\htdocs\test\TS2\Apps\Runtime\Cache\Admin\a92f1d2922506e26adc7a8e5abe56037.php 第 85 行.
NOTIC: [8] Undefined variable: list_add_url D:\wamp\apache2\htdocs\test\TS2\Apps\Runtime\Cache\Admin\a92f1d2922506e26adc7a8e5abe56037.php 第 133 行.
NOTIC: [8] Undefined variable: list_search_url D:\wamp\apache2\htdocs\test\TS2\Apps\Runtime\Cache\Admin\a92f1d2922506e26adc7a8e5abe56037.php 第 134 行.
NOTIC: [8] Undefined variable: list D:\wamp\apache2\htdocs\test\TS2\Apps\Runtime\Cache\Admin\a92f1d2922506e26adc7a8e5abe56037.php 第 150 行.
INFO: Run Behavior\ParseTemplateBehavior [ RunTime:0.010001s ]
INFO: [ view_parse ] --END-- [ RunTime:0.010001s ]
INFO: [ view_filter ] --START--
INFO: Run Behavior\WriteHtmlCacheBehavior [ RunTime:0.001000s ]
INFO: [ view_filter ] --END-- [ RunTime:0.001000s ]
INFO: [ app_end ] --START--
INFO: Run Behavior\ShowPageTraceBehavior [ RunTime:0.000000s ]
INFO: [ app_end ] --END-- [ RunTime:0.000000s ]

[ 2017-01-11T20:09:38+08:00 ] ::1 /test/TS2/index.php/Admin/User/index.html
INFO: [ app_init ] --START--
INFO: Run Behavior\BuildLiteBehavior [ RunTime:0.000000s ]
INFO: [ app_init ] --END-- [ RunTime:0.000000s ]
INFO: [ app_begin ] --START--
INFO: Run Behavior\ReadHtmlCacheBehavior [ RunTime:0.001000s ]
INFO: [ app_begin ] --END-- [ RunTime:0.001000s ]
NOTIC: [2048] Only variables should be passed by reference D:\wamp\apache2\htdocs\test\TS2\Apps\Admin\Controller\BaseController.class.php 第 26 行.
SQL: SHOW COLUMNS FROM `tb_role_option` [ RunTime:0.0100s ]
SQL: SELECT o.name,concat(o.namecn,'/index') as url FROM tb_role_option ro INNER JOIN tb_option as o ON o.id=ro.optionid  WHERE ( roleid=1 )  [ RunTime:0.0010s ]
INFO: [ view_parse ] --START--
INFO: [ template_filter ] --START--
INFO: Run Behavior\ContentReplaceBehavior [ RunTime:0.000000s ]
INFO: [ template_filter ] --END-- [ RunTime:0.000000s ]
NOTIC: [8] Use of undefined constant url - assumed 'url' D:\wamp\apache2\htdocs\test\TS2\Apps\Runtime\Cache\Admin\a92f1d2922506e26adc7a8e5abe56037.php 第 63 行.
NOTIC: [8] Use of undefined constant url - assumed 'url' D:\wamp\apache2\htdocs\test\TS2\Apps\Runtime\Cache\Admin\a92f1d2922506e26adc7a8e5abe56037.php 第 65 行.
NOTIC: [8] Use of undefined constant url - assumed 'url' D:\wamp\apache2\htdocs\test\TS2\Apps\Runtime\Cache\Admin\a92f1d2922506e26adc7a8e5abe56037.php 第 63 行.
NOTIC: [8] Use of undefined constant url - assumed 'url' D:\wamp\apache2\htdocs\test\TS2\Apps\Runtime\Cache\Admin\a92f1d2922506e26adc7a8e5abe56037.php 第 65 行.
NOTIC: [8] Use of undefined constant url - assumed 'url' D:\wamp\apache2\htdocs\test\TS2\Apps\Runtime\Cache\Admin\a92f1d2922506e26adc7a8e5abe56037.php 第 63 行.
NOTIC: [8] Use of undefined constant url - assumed 'url' D:\wamp\apache2\htdocs\test\TS2\Apps\Runtime\Cache\Admin\a92f1d2922506e26adc7a8e5abe56037.php 第 65 行.
NOTIC: [8] Use of undefined constant url - assumed 'url' D:\wamp\apache2\htdocs\test\TS2\Apps\Runtime\Cache\Admin\a92f1d2922506e26adc7a8e5abe56037.php 第 63 行.
NOTIC: [8] Use of undefined constant url - assumed 'url' D:\wamp\apache2\htdocs\test\TS2\Apps\Runtime\Cache\Admin\a92f1d2922506e26adc7a8e5abe56037.php 第 65 行.
NOTIC: [8] Use of undefined constant url - assumed 'url' D:\wamp\apache2\htdocs\test\TS2\Apps\Runtime\Cache\Admin\a92f1d2922506e26adc7a8e5abe56037.php 第 63 行.
NOTIC: [8] Use of undefined constant url - assumed 'url' D:\wamp\apache2\htdocs\test\TS2\Apps\Runtime\Cache\Admin\a92f1d2922506e26adc7a8e5abe56037.php 第 65 行.
NOTIC: [8] Use of undefined constant url - assumed 'url' D:\wamp\apache2\htdocs\test\TS2\Apps\Runtime\Cache\Admin\a92f1d2922506e26adc7a8e5abe56037.php 第 63 行.
NOTIC: [8] Use of undefined constant url - assumed 'url' D:\wamp\apache2\htdocs\test\TS2\Apps\Runtime\Cache\Admin\a92f1d2922506e26adc7a8e5abe56037.php 第 65 行.
NOTIC: [8] Undefined variable: list_info_url D:\wamp\apache2\htdocs\test\TS2\Apps\Runtime\Cache\Admin\a92f1d2922506e26adc7a8e5abe56037.php 第 81 行.
NOTIC: [8] Use of undefined constant id - assumed 'id' D:\wamp\apache2\htdocs\test\TS2\Apps\Runtime\Cache\Admin\a92f1d2922506e26adc7a8e5abe56037.php 第 81 行.
NOTIC: [8] Undefined variable: info D:\wamp\apache2\htdocs\test\TS2\Apps\Runtime\Cache\Admin\a92f1d2922506e26adc7a8e5abe56037.php 第 81 行.
NOTIC: [8] Undefined variable: list_modify_url D:\wamp\apache2\htdocs\test\TS2\Apps\Runtime\Cache\Admin\a92f1d2922506e26adc7a8e5abe56037.php 第 84 行.
NOTIC: [8] Use of undefined constant id - assumed 'id' D:\wamp\apache2\htdocs\test\TS2\Apps\Runtime\Cache\Admin\a92f1d2922506e26adc7a8e5abe56037.php 第 84 行.
NOTIC: [8] Undefined variable: info D:\wamp\apache2\htdocs\test\TS2\Apps\Runtime\Cache\Admin\a92f1d2922506e26adc7a8e5abe56037.php 第 84 行.
NOTIC: [8] Undefined variable: list_delete_url D:\wamp\apache2\htdocs\test\TS2\Apps\Runtime\Cache\Admin\a92f1d2922506e26adc7a8e5abe56037.php 第 85 行.
NOTIC: [8] Use of undefined constant id - assumed 'id' D:\wamp\apache2\htdocs\test\TS2\Apps\Runtime\Cache\Admin\a92f1d2922506e26adc7a8e5abe56037.php 第 85 行.
NOTIC: [8] Undefined variable: info D:\wamp\apache2\htdocs\test\TS2\Apps\Runtime\Cache\Admin\a92f1d2922506e26adc7a8e5abe56037.php 第 85 行.
NOTIC: [8] Undefined variable: list_add_url D:\wamp\apache2\htdocs\test\TS2\Apps\Runtime\Cache\Admin\a92f1d2922506e26adc7a8e5abe56037.php 第 133 行.
NOTIC: [8] Undefined variable: list_search_url D:\wamp\apache2\htdocs\test\TS2\Apps\Runtime\Cache\Admin\a92f1d2922506e26adc7a8e5abe56037.php 第 134 行.
NOTIC: [8] Undefined variable: list D:\wamp\apache2\htdocs\test\TS2\Apps\Runtime\Cache\Admin\a92f1d2922506e26adc7a8e5abe56037.php 第 150 行.
INFO: Run Behavior\ParseTemplateBehavior [ RunTime:0.013001s ]
INFO: [ view_parse ] --END-- [ RunTime:0.013001s ]
INFO: [ view_filter ] --START--
INFO: Run Behavior\WriteHtmlCacheBehavior [ RunTime:0.000000s ]
INFO: [ view_filter ] --END-- [ RunTime:0.000000s ]
INFO: [ app_end ] --START--
INFO: Run Behavior\ShowPageTraceBehavior [ RunTime:0.000000s ]
INFO: [ app_end ] --END-- [ RunTime:0.000000s ]

[ 2017-01-11T20:09:39+08:00 ] ::1 /test/TS2/index.php/Admin/User/index.html
INFO: [ app_init ] --START--
INFO: Run Behavior\BuildLiteBehavior [ RunTime:0.000000s ]
INFO: [ app_init ] --END-- [ RunTime:0.001001s ]
INFO: [ app_begin ] --START--
INFO: Run Behavior\ReadHtmlCacheBehavior [ RunTime:0.000000s ]
INFO: [ app_begin ] --END-- [ RunTime:0.000000s ]
NOTIC: [2048] Only variables should be passed by reference D:\wamp\apache2\htdocs\test\TS2\Apps\Admin\Controller\BaseController.class.php 第 26 行.
SQL: SHOW COLUMNS FROM `tb_role_option` [ RunTime:0.0090s ]
SQL: SELECT o.name,concat(o.namecn,'/index') as url FROM tb_role_option ro INNER JOIN tb_option as o ON o.id=ro.optionid  WHERE ( roleid=1 )  [ RunTime:0.0000s ]
INFO: [ view_parse ] --START--
INFO: [ template_filter ] --START--
INFO: Run Behavior\ContentReplaceBehavior [ RunTime:0.000000s ]
INFO: [ template_filter ] --END-- [ RunTime:0.000000s ]
NOTIC: [8] Use of undefined constant url - assumed 'url' D:\wamp\apache2\htdocs\test\TS2\Apps\Runtime\Cache\Admin\a92f1d2922506e26adc7a8e5abe56037.php 第 63 行.
NOTIC: [8] Use of undefined constant url - assumed 'url' D:\wamp\apache2\htdocs\test\TS2\Apps\Runtime\Cache\Admin\a92f1d2922506e26adc7a8e5abe56037.php 第 65 行.
NOTIC: [8] Use of undefined constant url - assumed 'url' D:\wamp\apache2\htdocs\test\TS2\Apps\Runtime\Cache\Admin\a92f1d2922506e26adc7a8e5abe56037.php 第 63 行.
NOTIC: [8] Use of undefined constant url - assumed 'url' D:\wamp\apache2\htdocs\test\TS2\Apps\Runtime\Cache\Admin\a92f1d2922506e26adc7a8e5abe56037.php 第 65 行.
NOTIC: [8] Use of undefined constant url - assumed 'url' D:\wamp\apache2\htdocs\test\TS2\Apps\Runtime\Cache\Admin\a92f1d2922506e26adc7a8e5abe56037.php 第 63 行.
NOTIC: [8] Use of undefined constant url - assumed 'url' D:\wamp\apache2\htdocs\test\TS2\Apps\Runtime\Cache\Admin\a92f1d2922506e26adc7a8e5abe56037.php 第 65 行.
NOTIC: [8] Use of undefined constant url - assumed 'url' D:\wamp\apache2\htdocs\test\TS2\Apps\Runtime\Cache\Admin\a92f1d2922506e26adc7a8e5abe56037.php 第 63 行.
NOTIC: [8] Use of undefined constant url - assumed 'url' D:\wamp\apache2\htdocs\test\TS2\Apps\Runtime\Cache\Admin\a92f1d2922506e26adc7a8e5abe56037.php 第 65 行.
NOTIC: [8] Use of undefined constant url - assumed 'url' D:\wamp\apache2\htdocs\test\TS2\Apps\Runtime\Cache\Admin\a92f1d2922506e26adc7a8e5abe56037.php 第 63 行.
NOTIC: [8] Use of undefined constant url - assumed 'url' D:\wamp\apache2\htdocs\test\TS2\Apps\Runtime\Cache\Admin\a92f1d2922506e26adc7a8e5abe56037.php 第 65 行.
NOTIC: [8] Use of undefined constant url - assumed 'url' D:\wamp\apache2\htdocs\test\TS2\Apps\Runtime\Cache\Admin\a92f1d2922506e26adc7a8e5abe56037.php 第 63 行.
NOTIC: [8] Use of undefined constant url - assumed 'url' D:\wamp\apache2\htdocs\test\TS2\Apps\Runtime\Cache\Admin\a92f1d2922506e26adc7a8e5abe56037.php 第 65 行.
NOTIC: [8] Undefined variable: list_info_url D:\wamp\apache2\htdocs\test\TS2\Apps\Runtime\Cache\Admin\a92f1d2922506e26adc7a8e5abe56037.php 第 81 行.
NOTIC: [8] Use of undefined constant id - assumed 'id' D:\wamp\apache2\htdocs\test\TS2\Apps\Runtime\Cache\Admin\a92f1d2922506e26adc7a8e5abe56037.php 第 81 行.
NOTIC: [8] Undefined variable: info D:\wamp\apache2\htdocs\test\TS2\Apps\Runtime\Cache\Admin\a92f1d2922506e26adc7a8e5abe56037.php 第 81 行.
NOTIC: [8] Undefined variable: list_modify_url D:\wamp\apache2\htdocs\test\TS2\Apps\Runtime\Cache\Admin\a92f1d2922506e26adc7a8e5abe56037.php 第 84 行.
NOTIC: [8] Use of undefined constant id - assumed 'id' D:\wamp\apache2\htdocs\test\TS2\Apps\Runtime\Cache\Admin\a92f1d2922506e26adc7a8e5abe56037.php 第 84 行.
NOTIC: [8] Undefined variable: info D:\wamp\apache2\htdocs\test\TS2\Apps\Runtime\Cache\Admin\a92f1d2922506e26adc7a8e5abe56037.php 第 84 行.
NOTIC: [8] Undefined variable: list_delete_url D:\wamp\apache2\htdocs\test\TS2\Apps\Runtime\Cache\Admin\a92f1d2922506e26adc7a8e5abe56037.php 第 85 行.
NOTIC: [8] Use of undefined constant id - assumed 'id' D:\wamp\apache2\htdocs\test\TS2\Apps\Runtime\Cache\Admin\a92f1d2922506e26adc7a8e5abe56037.php 第 85 行.
NOTIC: [8] Undefined variable: info D:\wamp\apache2\htdocs\test\TS2\Apps\Runtime\Cache\Admin\a92f1d2922506e26adc7a8e5abe56037.php 第 85 行.
NOTIC: [8] Undefined variable: list_add_url D:\wamp\apache2\htdocs\test\TS2\Apps\Runtime\Cache\Admin\a92f1d2922506e26adc7a8e5abe56037.php 第 133 行.
NOTIC: [8] Undefined variable: list_search_url D:\wamp\apache2\htdocs\test\TS2\Apps\Runtime\Cache\Admin\a92f1d2922506e26adc7a8e5abe56037.php 第 134 行.
NOTIC: [8] Undefined variable: list D:\wamp\apache2\htdocs\test\TS2\Apps\Runtime\Cache\Admin\a92f1d2922506e26adc7a8e5abe56037.php 第 150 行.
INFO: Run Behavior\ParseTemplateBehavior [ RunTime:0.015001s ]
INFO: [ view_parse ] --END-- [ RunTime:0.015001s ]
INFO: [ view_filter ] --START--
INFO: Run Behavior\WriteHtmlCacheBehavior [ RunTime:0.000000s ]
INFO: [ view_filter ] --END-- [ RunTime:0.000000s ]
INFO: [ app_end ] --START--
INFO: Run Behavior\ShowPageTraceBehavior [ RunTime:0.001000s ]
INFO: [ app_end ] --END-- [ RunTime:0.001000s ]

[ 2017-01-11T20:09:41+08:00 ] ::1 /test/TS2/index.php/Admin/User/index.html
INFO: [ app_init ] --START--
INFO: Run Behavior\BuildLiteBehavior [ RunTime:0.000000s ]
INFO: [ app_init ] --END-- [ RunTime:0.000000s ]
INFO: [ app_begin ] --START--
INFO: Run Behavior\ReadHtmlCacheBehavior [ RunTime:0.001000s ]
INFO: [ app_begin ] --END-- [ RunTime:0.001000s ]
NOTIC: [2048] Only variables should be passed by reference D:\wamp\apache2\htdocs\test\TS2\Apps\Admin\Controller\BaseController.class.php 第 26 行.
SQL: SHOW COLUMNS FROM `tb_role_option` [ RunTime:0.0070s ]
SQL: SELECT o.name,concat(o.namecn,'/index') as url FROM tb_role_option ro INNER JOIN tb_option as o ON o.id=ro.optionid  WHERE ( roleid=1 )  [ RunTime:0.0030s ]
INFO: [ view_parse ] --START--
INFO: [ template_filter ] --START--
INFO: Run Behavior\ContentReplaceBehavior [ RunTime:0.001000s ]
INFO: [ template_filter ] --END-- [ RunTime:0.001000s ]
NOTIC: [8] Use of undefined constant url - assumed 'url' D:\wamp\apache2\htdocs\test\TS2\Apps\Runtime\Cache\Admin\a92f1d2922506e26adc7a8e5abe56037.php 第 63 行.
NOTIC: [8] Use of undefined constant url - assumed 'url' D:\wamp\apache2\htdocs\test\TS2\Apps\Runtime\Cache\Admin\a92f1d2922506e26adc7a8e5abe56037.php 第 65 行.
NOTIC: [8] Use of undefined constant url - assumed 'url' D:\wamp\apache2\htdocs\test\TS2\Apps\Runtime\Cache\Admin\a92f1d2922506e26adc7a8e5abe56037.php 第 63 行.
NOTIC: [8] Use of undefined constant url - assumed 'url' D:\wamp\apache2\htdocs\test\TS2\Apps\Runtime\Cache\Admin\a92f1d2922506e26adc7a8e5abe56037.php 第 65 行.
NOTIC: [8] Use of undefined constant url - assumed 'url' D:\wamp\apache2\htdocs\test\TS2\Apps\Runtime\Cache\Admin\a92f1d2922506e26adc7a8e5abe56037.php 第 63 行.
NOTIC: [8] Use of undefined constant url - assumed 'url' D:\wamp\apache2\htdocs\test\TS2\Apps\Runtime\Cache\Admin\a92f1d2922506e26adc7a8e5abe56037.php 第 65 行.
NOTIC: [8] Use of undefined constant url - assumed 'url' D:\wamp\apache2\htdocs\test\TS2\Apps\Runtime\Cache\Admin\a92f1d2922506e26adc7a8e5abe56037.php 第 63 行.
NOTIC: [8] Use of undefined constant url - assumed 'url' D:\wamp\apache2\htdocs\test\TS2\Apps\Runtime\Cache\Admin\a92f1d2922506e26adc7a8e5abe56037.php 第 65 行.
NOTIC: [8] Use of undefined constant url - assumed 'url' D:\wamp\apache2\htdocs\test\TS2\Apps\Runtime\Cache\Admin\a92f1d2922506e26adc7a8e5abe56037.php 第 63 行.
NOTIC: [8] Use of undefined constant url - assumed 'url' D:\wamp\apache2\htdocs\test\TS2\Apps\Runtime\Cache\Admin\a92f1d2922506e26adc7a8e5abe56037.php 第 65 行.
NOTIC: [8] Use of undefined constant url - assumed 'url' D:\wamp\apache2\htdocs\test\TS2\Apps\Runtime\Cache\Admin\a92f1d2922506e26adc7a8e5abe56037.php 第 63 行.
NOTIC: [8] Use of undefined constant url - assumed 'url' D:\wamp\apache2\htdocs\test\TS2\Apps\Runtime\Cache\Admin\a92f1d2922506e26adc7a8e5abe56037.php 第 65 行.
NOTIC: [8] Undefined variable: list_info_url D:\wamp\apache2\htdocs\test\TS2\Apps\Runtime\Cache\Admin\a92f1d2922506e26adc7a8e5abe56037.php 第 81 行.
NOTIC: [8] Use of undefined constant id - assumed 'id' D:\wamp\apache2\htdocs\test\TS2\Apps\Runtime\Cache\Admin\a92f1d2922506e26adc7a8e5abe56037.php 第 81 行.
NOTIC: [8] Undefined variable: info D:\wamp\apache2\htdocs\test\TS2\Apps\Runtime\Cache\Admin\a92f1d2922506e26adc7a8e5abe56037.php 第 81 行.
NOTIC: [8] Undefined variable: list_modify_url D:\wamp\apache2\htdocs\test\TS2\Apps\Runtime\Cache\Admin\a92f1d2922506e26adc7a8e5abe56037.php 第 84 行.
NOTIC: [8] Use of undefined constant id - assumed 'id' D:\wamp\apache2\htdocs\test\TS2\Apps\Runtime\Cache\Admin\a92f1d2922506e26adc7a8e5abe56037.php 第 84 行.
NOTIC: [8] Undefined variable: info D:\wamp\apache2\htdocs\test\TS2\Apps\Runtime\Cache\Admin\a92f1d2922506e26adc7a8e5abe56037.php 第 84 行.
NOTIC: [8] Undefined variable: list_delete_url D:\wamp\apache2\htdocs\test\TS2\Apps\Runtime\Cache\Admin\a92f1d2922506e26adc7a8e5abe56037.php 第 85 行.
NOTIC: [8] Use of undefined constant id - assumed 'id' D:\wamp\apache2\htdocs\test\TS2\Apps\Runtime\Cache\Admin\a92f1d2922506e26adc7a8e5abe56037.php 第 85 行.
NOTIC: [8] Undefined variable: info D:\wamp\apache2\htdocs\test\TS2\Apps\Runtime\Cache\Admin\a92f1d2922506e26adc7a8e5abe56037.php 第 85 行.
NOTIC: [8] Undefined variable: list_add_url D:\wamp\apache2\htdocs\test\TS2\Apps\Runtime\Cache\Admin\a92f1d2922506e26adc7a8e5abe56037.php 第 133 行.
NOTIC: [8] Undefined variable: list_search_url D:\wamp\apache2\htdocs\test\TS2\Apps\Runtime\Cache\Admin\a92f1d2922506e26adc7a8e5abe56037.php 第 134 行.
NOTIC: [8] Undefined variable: list D:\wamp\apache2\htdocs\test\TS2\Apps\Runtime\Cache\Admin\a92f1d2922506e26adc7a8e5abe56037.php 第 150 行.
INFO: Run Behavior\ParseTemplateBehavior [ RunTime:0.010001s ]
INFO: [ view_parse ] --END-- [ RunTime:0.010001s ]
INFO: [ view_filter ] --START--
INFO: Run Behavior\WriteHtmlCacheBehavior [ RunTime:0.000000s ]
INFO: [ view_filter ] --END-- [ RunTime:0.000000s ]
INFO: [ app_end ] --START--
INFO: Run Behavior\ShowPageTraceBehavior [ RunTime:0.001000s ]
INFO: [ app_end ] --END-- [ RunTime:0.001000s ]

[ 2017-01-11T20:09:42+08:00 ] ::1 /test/TS2/index.php/Admin/User/index.html
INFO: [ app_init ] --START--
INFO: Run Behavior\BuildLiteBehavior [ RunTime:0.000000s ]
INFO: [ app_init ] --END-- [ RunTime:0.000000s ]
INFO: [ app_begin ] --START--
INFO: Run Behavior\ReadHtmlCacheBehavior [ RunTime:0.000000s ]
INFO: [ app_begin ] --END-- [ RunTime:0.000000s ]
NOTIC: [2048] Only variables should be passed by reference D:\wamp\apache2\htdocs\test\TS2\Apps\Admin\Controller\BaseController.class.php 第 26 行.
SQL: SHOW COLUMNS FROM `tb_role_option` [ RunTime:0.0080s ]
SQL: SELECT o.name,concat(o.namecn,'/index') as url FROM tb_role_option ro INNER JOIN tb_option as o ON o.id=ro.optionid  WHERE ( roleid=1 )  [ RunTime:0.0010s ]
INFO: [ view_parse ] --START--
INFO: [ template_filter ] --START--
INFO: Run Behavior\ContentReplaceBehavior [ RunTime:0.000000s ]
INFO: [ template_filter ] --END-- [ RunTime:0.000000s ]
NOTIC: [8] Use of undefined constant url - assumed 'url' D:\wamp\apache2\htdocs\test\TS2\Apps\Runtime\Cache\Admin\a92f1d2922506e26adc7a8e5abe56037.php 第 63 行.
NOTIC: [8] Use of undefined constant url - assumed 'url' D:\wamp\apache2\htdocs\test\TS2\Apps\Runtime\Cache\Admin\a92f1d2922506e26adc7a8e5abe56037.php 第 65 行.
NOTIC: [8] Use of undefined constant url - assumed 'url' D:\wamp\apache2\htdocs\test\TS2\Apps\Runtime\Cache\Admin\a92f1d2922506e26adc7a8e5abe56037.php 第 63 行.
NOTIC: [8] Use of undefined constant url - assumed 'url' D:\wamp\apache2\htdocs\test\TS2\Apps\Runtime\Cache\Admin\a92f1d2922506e26adc7a8e5abe56037.php 第 65 行.
NOTIC: [8] Use of undefined constant url - assumed 'url' D:\wamp\apache2\htdocs\test\TS2\Apps\Runtime\Cache\Admin\a92f1d2922506e26adc7a8e5abe56037.php 第 63 行.
NOTIC: [8] Use of undefined constant url - assumed 'url' D:\wamp\apache2\htdocs\test\TS2\Apps\Runtime\Cache\Admin\a92f1d2922506e26adc7a8e5abe56037.php 第 65 行.
NOTIC: [8] Use of undefined constant url - assumed 'url' D:\wamp\apache2\htdocs\test\TS2\Apps\Runtime\Cache\Admin\a92f1d2922506e26adc7a8e5abe56037.php 第 63 行.
NOTIC: [8] Use of undefined constant url - assumed 'url' D:\wamp\apache2\htdocs\test\TS2\Apps\Runtime\Cache\Admin\a92f1d2922506e26adc7a8e5abe56037.php 第 65 行.
NOTIC: [8] Use of undefined constant url - assumed 'url' D:\wamp\apache2\htdocs\test\TS2\Apps\Runtime\Cache\Admin\a92f1d2922506e26adc7a8e5abe56037.php 第 63 行.
NOTIC: [8] Use of undefined constant url - assumed 'url' D:\wamp\apache2\htdocs\test\TS2\Apps\Runtime\Cache\Admin\a92f1d2922506e26adc7a8e5abe56037.php 第 65 行.
NOTIC: [8] Use of undefined constant url - assumed 'url' D:\wamp\apache2\htdocs\test\TS2\Apps\Runtime\Cache\Admin\a92f1d2922506e26adc7a8e5abe56037.php 第 63 行.
NOTIC: [8] Use of undefined constant url - assumed 'url' D:\wamp\apache2\htdocs\test\TS2\Apps\Runtime\Cache\Admin\a92f1d2922506e26adc7a8e5abe56037.php 第 65 行.
NOTIC: [8] Undefined variable: list_info_url D:\wamp\apache2\htdocs\test\TS2\Apps\Runtime\Cache\Admin\a92f1d2922506e26adc7a8e5abe56037.php 第 81 行.
NOTIC: [8] Use of undefined constant id - assumed 'id' D:\wamp\apache2\htdocs\test\TS2\Apps\Runtime\Cache\Admin\a92f1d2922506e26adc7a8e5abe56037.php 第 81 行.
NOTIC: [8] Undefined variable: info D:\wamp\apache2\htdocs\test\TS2\Apps\Runtime\Cache\Admin\a92f1d2922506e26adc7a8e5abe56037.php 第 81 行.
NOTIC: [8] Undefined variable: list_modify_url D:\wamp\apache2\htdocs\test\TS2\Apps\Runtime\Cache\Admin\a92f1d2922506e26adc7a8e5abe56037.php 第 84 行.
NOTIC: [8] Use of undefined constant id - assumed 'id' D:\wamp\apache2\htdocs\test\TS2\Apps\Runtime\Cache\Admin\a92f1d2922506e26adc7a8e5abe56037.php 第 84 行.
NOTIC: [8] Undefined variable: info D:\wamp\apache2\htdocs\test\TS2\Apps\Runtime\Cache\Admin\a92f1d2922506e26adc7a8e5abe56037.php 第 84 行.
NOTIC: [8] Undefined variable: list_delete_url D:\wamp\apache2\htdocs\test\TS2\Apps\Runtime\Cache\Admin\a92f1d2922506e26adc7a8e5abe56037.php 第 85 行.
NOTIC: [8] Use of undefined constant id - assumed 'id' D:\wamp\apache2\htdocs\test\TS2\Apps\Runtime\Cache\Admin\a92f1d2922506e26adc7a8e5abe56037.php 第 85 行.
NOTIC: [8] Undefined variable: info D:\wamp\apache2\htdocs\test\TS2\Apps\Runtime\Cache\Admin\a92f1d2922506e26adc7a8e5abe56037.php 第 85 行.
NOTIC: [8] Undefined variable: list_add_url D:\wamp\apache2\htdocs\test\TS2\Apps\Runtime\Cache\Admin\a92f1d2922506e26adc7a8e5abe56037.php 第 133 行.
NOTIC: [8] Undefined variable: list_search_url D:\wamp\apache2\htdocs\test\TS2\Apps\Runtime\Cache\Admin\a92f1d2922506e26adc7a8e5abe56037.php 第 134 行.
NOTIC: [8] Undefined variable: list D:\wamp\apache2\htdocs\test\TS2\Apps\Runtime\Cache\Admin\a92f1d2922506e26adc7a8e5abe56037.php 第 150 行.
INFO: Run Behavior\ParseTemplateBehavior [ RunTime:0.009001s ]
INFO: [ view_parse ] --END-- [ RunTime:0.009001s ]
INFO: [ view_filter ] --START--
INFO: Run Behavior\WriteHtmlCacheBehavior [ RunTime:0.000000s ]
INFO: [ view_filter ] --END-- [ RunTime:0.000000s ]
INFO: [ app_end ] --START--
INFO: Run Behavior\ShowPageTraceBehavior [ RunTime:0.001000s ]
INFO: [ app_end ] --END-- [ RunTime:0.001000s ]

[ 2017-01-11T20:09:43+08:00 ] ::1 /test/TS2/index.php/Admin/User/index.html
INFO: [ app_init ] --START--
INFO: Run Behavior\BuildLiteBehavior [ RunTime:0.000000s ]
INFO: [ app_init ] --END-- [ RunTime:0.000000s ]
INFO: [ app_begin ] --START--
INFO: Run Behavior\ReadHtmlCacheBehavior [ RunTime:0.001000s ]
INFO: [ app_begin ] --END-- [ RunTime:0.001000s ]
NOTIC: [2048] Only variables should be passed by reference D:\wamp\apache2\htdocs\test\TS2\Apps\Admin\Controller\BaseController.class.php 第 26 行.
SQL: SHOW COLUMNS FROM `tb_role_option` [ RunTime:0.0070s ]
SQL: SELECT o.name,concat(o.namecn,'/index') as url FROM tb_role_option ro INNER JOIN tb_option as o ON o.id=ro.optionid  WHERE ( roleid=1 )  [ RunTime:0.0000s ]
INFO: [ view_parse ] --START--
INFO: [ template_filter ] --START--
INFO: Run Behavior\ContentReplaceBehavior [ RunTime:0.000000s ]
INFO: [ template_filter ] --END-- [ RunTime:0.000000s ]
NOTIC: [8] Use of undefined constant url - assumed 'url' D:\wamp\apache2\htdocs\test\TS2\Apps\Runtime\Cache\Admin\a92f1d2922506e26adc7a8e5abe56037.php 第 63 行.
NOTIC: [8] Use of undefined constant url - assumed 'url' D:\wamp\apache2\htdocs\test\TS2\Apps\Runtime\Cache\Admin\a92f1d2922506e26adc7a8e5abe56037.php 第 65 行.
NOTIC: [8] Use of undefined constant url - assumed 'url' D:\wamp\apache2\htdocs\test\TS2\Apps\Runtime\Cache\Admin\a92f1d2922506e26adc7a8e5abe56037.php 第 63 行.
NOTIC: [8] Use of undefined constant url - assumed 'url' D:\wamp\apache2\htdocs\test\TS2\Apps\Runtime\Cache\Admin\a92f1d2922506e26adc7a8e5abe56037.php 第 65 行.
NOTIC: [8] Use of undefined constant url - assumed 'url' D:\wamp\apache2\htdocs\test\TS2\Apps\Runtime\Cache\Admin\a92f1d2922506e26adc7a8e5abe56037.php 第 63 行.
NOTIC: [8] Use of undefined constant url - assumed 'url' D:\wamp\apache2\htdocs\test\TS2\Apps\Runtime\Cache\Admin\a92f1d2922506e26adc7a8e5abe56037.php 第 65 行.
NOTIC: [8] Use of undefined constant url - assumed 'url' D:\wamp\apache2\htdocs\test\TS2\Apps\Runtime\Cache\Admin\a92f1d2922506e26adc7a8e5abe56037.php 第 63 行.
NOTIC: [8] Use of undefined constant url - assumed 'url' D:\wamp\apache2\htdocs\test\TS2\Apps\Runtime\Cache\Admin\a92f1d2922506e26adc7a8e5abe56037.php 第 65 行.
NOTIC: [8] Use of undefined constant url - assumed 'url' D:\wamp\apache2\htdocs\test\TS2\Apps\Runtime\Cache\Admin\a92f1d2922506e26adc7a8e5abe56037.php 第 63 行.
NOTIC: [8] Use of undefined constant url - assumed 'url' D:\wamp\apache2\htdocs\test\TS2\Apps\Runtime\Cache\Admin\a92f1d2922506e26adc7a8e5abe56037.php 第 65 行.
NOTIC: [8] Use of undefined constant url - assumed 'url' D:\wamp\apache2\htdocs\test\TS2\Apps\Runtime\Cache\Admin\a92f1d2922506e26adc7a8e5abe56037.php 第 63 行.
NOTIC: [8] Use of undefined constant url - assumed 'url' D:\wamp\apache2\htdocs\test\TS2\Apps\Runtime\Cache\Admin\a92f1d2922506e26adc7a8e5abe56037.php 第 65 行.
NOTIC: [8] Undefined variable: list_info_url D:\wamp\apache2\htdocs\test\TS2\Apps\Runtime\Cache\Admin\a92f1d2922506e26adc7a8e5abe56037.php 第 81 行.
NOTIC: [8] Use of undefined constant id - assumed 'id' D:\wamp\apache2\htdocs\test\TS2\Apps\Runtime\Cache\Admin\a92f1d2922506e26adc7a8e5abe56037.php 第 81 行.
NOTIC: [8] Undefined variable: info D:\wamp\apache2\htdocs\test\TS2\Apps\Runtime\Cache\Admin\a92f1d2922506e26adc7a8e5abe56037.php 第 81 行.
NOTIC: [8] Undefined variable: list_modify_url D:\wamp\apache2\htdocs\test\TS2\Apps\Runtime\Cache\Admin\a92f1d2922506e26adc7a8e5abe56037.php 第 84 行.
NOTIC: [8] Use of undefined constant id - assumed 'id' D:\wamp\apache2\htdocs\test\TS2\Apps\Runtime\Cache\Admin\a92f1d2922506e26adc7a8e5abe56037.php 第 84 行.
NOTIC: [8] Undefined variable: info D:\wamp\apache2\htdocs\test\TS2\Apps\Runtime\Cache\Admin\a92f1d2922506e26adc7a8e5abe56037.php 第 84 行.
NOTIC: [8] Undefined variable: list_delete_url D:\wamp\apache2\htdocs\test\TS2\Apps\Runtime\Cache\Admin\a92f1d2922506e26adc7a8e5abe56037.php 第 85 行.
NOTIC: [8] Use of undefined constant id - assumed 'id' D:\wamp\apache2\htdocs\test\TS2\Apps\Runtime\Cache\Admin\a92f1d2922506e26adc7a8e5abe56037.php 第 85 行.
NOTIC: [8] Undefined variable: info D:\wamp\apache2\htdocs\test\TS2\Apps\Runtime\Cache\Admin\a92f1d2922506e26adc7a8e5abe56037.php 第 85 行.
NOTIC: [8] Undefined variable: list_add_url D:\wamp\apache2\htdocs\test\TS2\Apps\Runtime\Cache\Admin\a92f1d2922506e26adc7a8e5abe56037.php 第 133 行.
NOTIC: [8] Undefined variable: list_search_url D:\wamp\apache2\htdocs\test\TS2\Apps\Runtime\Cache\Admin\a92f1d2922506e26adc7a8e5abe56037.php 第 134 行.
NOTIC: [8] Undefined variable: list D:\wamp\apache2\htdocs\test\TS2\Apps\Runtime\Cache\Admin\a92f1d2922506e26adc7a8e5abe56037.php 第 150 行.
INFO: Run Behavior\ParseTemplateBehavior [ RunTime:0.011001s ]
INFO: [ view_parse ] --END-- [ RunTime:0.011001s ]
INFO: [ view_filter ] --START--
INFO: Run Behavior\WriteHtmlCacheBehavior [ RunTime:0.000000s ]
INFO: [ view_filter ] --END-- [ RunTime:0.000000s ]
INFO: [ app_end ] --START--
INFO: Run Behavior\ShowPageTraceBehavior [ RunTime:0.001000s ]
INFO: [ app_end ] --END-- [ RunTime:0.001000s ]

[ 2017-01-11T20:09:46+08:00 ] ::1 /test/TS2/index.php/Admin/Shop/index.html
INFO: [ app_init ] --START--
INFO: Run Behavior\BuildLiteBehavior [ RunTime:0.000000s ]
INFO: [ app_init ] --END-- [ RunTime:0.000000s ]
INFO: [ app_begin ] --START--
INFO: Run Behavior\ReadHtmlCacheBehavior [ RunTime:0.000000s ]
INFO: [ app_begin ] --END-- [ RunTime:0.000000s ]
NOTIC: [2048] Only variables should be passed by reference D:\wamp\apache2\htdocs\test\TS2\Apps\Admin\Controller\BaseController.class.php 第 26 行.
SQL: SHOW COLUMNS FROM `tb_role_option` [ RunTime:0.0080s ]
SQL: SELECT o.name,concat(o.namecn,'/index') as url FROM tb_role_option ro INNER JOIN tb_option as o ON o.id=ro.optionid  WHERE ( roleid=1 )  [ RunTime:0.0010s ]
INFO: [ view_parse ] --START--
INFO: [ template_filter ] --START--
INFO: Run Behavior\ContentReplaceBehavior [ RunTime:0.000000s ]
INFO: [ template_filter ] --END-- [ RunTime:0.000000s ]
NOTIC: [8] Use of undefined constant url - assumed 'url' D:\wamp\apache2\htdocs\test\TS2\Apps\Runtime\Cache\Admin\6cfa109c2ab941a1d100ea3e50811cb7.php 第 63 行.
NOTIC: [8] Use of undefined constant url - assumed 'url' D:\wamp\apache2\htdocs\test\TS2\Apps\Runtime\Cache\Admin\6cfa109c2ab941a1d100ea3e50811cb7.php 第 65 行.
NOTIC: [8] Use of undefined constant url - assumed 'url' D:\wamp\apache2\htdocs\test\TS2\Apps\Runtime\Cache\Admin\6cfa109c2ab941a1d100ea3e50811cb7.php 第 63 行.
NOTIC: [8] Use of undefined constant url - assumed 'url' D:\wamp\apache2\htdocs\test\TS2\Apps\Runtime\Cache\Admin\6cfa109c2ab941a1d100ea3e50811cb7.php 第 65 行.
NOTIC: [8] Use of undefined constant url - assumed 'url' D:\wamp\apache2\htdocs\test\TS2\Apps\Runtime\Cache\Admin\6cfa109c2ab941a1d100ea3e50811cb7.php 第 63 行.
NOTIC: [8] Use of undefined constant url - assumed 'url' D:\wamp\apache2\htdocs\test\TS2\Apps\Runtime\Cache\Admin\6cfa109c2ab941a1d100ea3e50811cb7.php 第 65 行.
NOTIC: [8] Use of undefined constant url - assumed 'url' D:\wamp\apache2\htdocs\test\TS2\Apps\Runtime\Cache\Admin\6cfa109c2ab941a1d100ea3e50811cb7.php 第 63 行.
NOTIC: [8] Use of undefined constant url - assumed 'url' D:\wamp\apache2\htdocs\test\TS2\Apps\Runtime\Cache\Admin\6cfa109c2ab941a1d100ea3e50811cb7.php 第 65 行.
NOTIC: [8] Use of undefined constant url - assumed 'url' D:\wamp\apache2\htdocs\test\TS2\Apps\Runtime\Cache\Admin\6cfa109c2ab941a1d100ea3e50811cb7.php 第 63 行.
NOTIC: [8] Use of undefined constant url - assumed 'url' D:\wamp\apache2\htdocs\test\TS2\Apps\Runtime\Cache\Admin\6cfa109c2ab941a1d100ea3e50811cb7.php 第 65 行.
NOTIC: [8] Use of undefined constant url - assumed 'url' D:\wamp\apache2\htdocs\test\TS2\Apps\Runtime\Cache\Admin\6cfa109c2ab941a1d100ea3e50811cb7.php 第 63 行.
NOTIC: [8] Use of undefined constant url - assumed 'url' D:\wamp\apache2\htdocs\test\TS2\Apps\Runtime\Cache\Admin\6cfa109c2ab941a1d100ea3e50811cb7.php 第 65 行.
NOTIC: [8] Undefined variable: list_info_url D:\wamp\apache2\htdocs\test\TS2\Apps\Runtime\Cache\Admin\6cfa109c2ab941a1d100ea3e50811cb7.php 第 81 行.
NOTIC: [8] Use of undefined constant id - assumed 'id' D:\wamp\apache2\htdocs\test\TS2\Apps\Runtime\Cache\Admin\6cfa109c2ab941a1d100ea3e50811cb7.php 第 81 行.
NOTIC: [8] Undefined variable: info D:\wamp\apache2\htdocs\test\TS2\Apps\Runtime\Cache\Admin\6cfa109c2ab941a1d100ea3e50811cb7.php 第 81 行.
NOTIC: [8] Undefined variable: list_modify_url D:\wamp\apache2\htdocs\test\TS2\Apps\Runtime\Cache\Admin\6cfa109c2ab941a1d100ea3e50811cb7.php 第 84 行.
NOTIC: [8] Use of undefined constant id - assumed 'id' D:\wamp\apache2\htdocs\test\TS2\Apps\Runtime\Cache\Admin\6cfa109c2ab941a1d100ea3e50811cb7.php 第 84 行.
NOTIC: [8] Undefined variable: info D:\wamp\apache2\htdocs\test\TS2\Apps\Runtime\Cache\Admin\6cfa109c2ab941a1d100ea3e50811cb7.php 第 84 行.
NOTIC: [8] Undefined variable: list_delete_url D:\wamp\apache2\htdocs\test\TS2\Apps\Runtime\Cache\Admin\6cfa109c2ab941a1d100ea3e50811cb7.php 第 85 行.
NOTIC: [8] Use of undefined constant id - assumed 'id' D:\wamp\apache2\htdocs\test\TS2\Apps\Runtime\Cache\Admin\6cfa109c2ab941a1d100ea3e50811cb7.php 第 85 行.
NOTIC: [8] Undefined variable: info D:\wamp\apache2\htdocs\test\TS2\Apps\Runtime\Cache\Admin\6cfa109c2ab941a1d100ea3e50811cb7.php 第 85 行.
NOTIC: [8] Undefined variable: list_add_url D:\wamp\apache2\htdocs\test\TS2\Apps\Runtime\Cache\Admin\6cfa109c2ab941a1d100ea3e50811cb7.php 第 133 行.
NOTIC: [8] Undefined variable: list_search_url D:\wamp\apache2\htdocs\test\TS2\Apps\Runtime\Cache\Admin\6cfa109c2ab941a1d100ea3e50811cb7.php 第 134 行.
NOTIC: [8] Undefined variable: list D:\wamp\apache2\htdocs\test\TS2\Apps\Runtime\Cache\Admin\6cfa109c2ab941a1d100ea3e50811cb7.php 第 150 行.
INFO: Run Behavior\ParseTemplateBehavior [ RunTime:0.010000s ]
INFO: [ view_parse ] --END-- [ RunTime:0.010000s ]
INFO: [ view_filter ] --START--
INFO: Run Behavior\WriteHtmlCacheBehavior [ RunTime:0.000000s ]
INFO: [ view_filter ] --END-- [ RunTime:0.000000s ]
INFO: [ app_end ] --START--
INFO: Run Behavior\ShowPageTraceBehavior [ RunTime:0.001000s ]
INFO: [ app_end ] --END-- [ RunTime:0.001000s ]

[ 2017-01-11T20:09:47+08:00 ] ::1 /test/TS2/index.php/Admin/Shop/index.html
INFO: [ app_init ] --START--
INFO: Run Behavior\BuildLiteBehavior [ RunTime:0.000000s ]
INFO: [ app_init ] --END-- [ RunTime:0.000000s ]
INFO: [ app_begin ] --START--
INFO: Run Behavior\ReadHtmlCacheBehavior [ RunTime:0.000000s ]
INFO: [ app_begin ] --END-- [ RunTime:0.000000s ]
NOTIC: [2048] Only variables should be passed by reference D:\wamp\apache2\htdocs\test\TS2\Apps\Admin\Controller\BaseController.class.php 第 26 行.
SQL: SHOW COLUMNS FROM `tb_role_option` [ RunTime:0.0170s ]
SQL: SELECT o.name,concat(o.namecn,'/index') as url FROM tb_role_option ro INNER JOIN tb_option as o ON o.id=ro.optionid  WHERE ( roleid=1 )  [ RunTime:0.0000s ]
INFO: [ view_parse ] --START--
INFO: [ template_filter ] --START--
INFO: Run Behavior\ContentReplaceBehavior [ RunTime:0.000000s ]
INFO: [ template_filter ] --END-- [ RunTime:0.000000s ]
NOTIC: [8] Use of undefined constant url - assumed 'url' D:\wamp\apache2\htdocs\test\TS2\Apps\Runtime\Cache\Admin\6cfa109c2ab941a1d100ea3e50811cb7.php 第 63 行.
NOTIC: [8] Use of undefined constant url - assumed 'url' D:\wamp\apache2\htdocs\test\TS2\Apps\Runtime\Cache\Admin\6cfa109c2ab941a1d100ea3e50811cb7.php 第 65 行.
NOTIC: [8] Use of undefined constant url - assumed 'url' D:\wamp\apache2\htdocs\test\TS2\Apps\Runtime\Cache\Admin\6cfa109c2ab941a1d100ea3e50811cb7.php 第 63 行.
NOTIC: [8] Use of undefined constant url - assumed 'url' D:\wamp\apache2\htdocs\test\TS2\Apps\Runtime\Cache\Admin\6cfa109c2ab941a1d100ea3e50811cb7.php 第 65 行.
NOTIC: [8] Use of undefined constant url - assumed 'url' D:\wamp\apache2\htdocs\test\TS2\Apps\Runtime\Cache\Admin\6cfa109c2ab941a1d100ea3e50811cb7.php 第 63 行.
NOTIC: [8] Use of undefined constant url - assumed 'url' D:\wamp\apache2\htdocs\test\TS2\Apps\Runtime\Cache\Admin\6cfa109c2ab941a1d100ea3e50811cb7.php 第 65 行.
NOTIC: [8] Use of undefined constant url - assumed 'url' D:\wamp\apache2\htdocs\test\TS2\Apps\Runtime\Cache\Admin\6cfa109c2ab941a1d100ea3e50811cb7.php 第 63 行.
NOTIC: [8] Use of undefined constant url - assumed 'url' D:\wamp\apache2\htdocs\test\TS2\Apps\Runtime\Cache\Admin\6cfa109c2ab941a1d100ea3e50811cb7.php 第 65 行.
NOTIC: [8] Use of undefined constant url - assumed 'url' D:\wamp\apache2\htdocs\test\TS2\Apps\Runtime\Cache\Admin\6cfa109c2ab941a1d100ea3e50811cb7.php 第 63 行.
NOTIC: [8] Use of undefined constant url - assumed 'url' D:\wamp\apache2\htdocs\test\TS2\Apps\Runtime\Cache\Admin\6cfa109c2ab941a1d100ea3e50811cb7.php 第 65 行.
NOTIC: [8] Use of undefined constant url - assumed 'url' D:\wamp\apache2\htdocs\test\TS2\Apps\Runtime\Cache\Admin\6cfa109c2ab941a1d100ea3e50811cb7.php 第 63 行.
NOTIC: [8] Use of undefined constant url - assumed 'url' D:\wamp\apache2\htdocs\test\TS2\Apps\Runtime\Cache\Admin\6cfa109c2ab941a1d100ea3e50811cb7.php 第 65 行.
NOTIC: [8] Undefined variable: list_info_url D:\wamp\apache2\htdocs\test\TS2\Apps\Runtime\Cache\Admin\6cfa109c2ab941a1d100ea3e50811cb7.php 第 81 行.
NOTIC: [8] Use of undefined constant id - assumed 'id' D:\wamp\apache2\htdocs\test\TS2\Apps\Runtime\Cache\Admin\6cfa109c2ab941a1d100ea3e50811cb7.php 第 81 行.
NOTIC: [8] Undefined variable: info D:\wamp\apache2\htdocs\test\TS2\Apps\Runtime\Cache\Admin\6cfa109c2ab941a1d100ea3e50811cb7.php 第 81 行.
NOTIC: [8] Undefined variable: list_modify_url D:\wamp\apache2\htdocs\test\TS2\Apps\Runtime\Cache\Admin\6cfa109c2ab941a1d100ea3e50811cb7.php 第 84 行.
NOTIC: [8] Use of undefined constant id - assumed 'id' D:\wamp\apache2\htdocs\test\TS2\Apps\Runtime\Cache\Admin\6cfa109c2ab941a1d100ea3e50811cb7.php 第 84 行.
NOTIC: [8] Undefined variable: info D:\wamp\apache2\htdocs\test\TS2\Apps\Runtime\Cache\Admin\6cfa109c2ab941a1d100ea3e50811cb7.php 第 84 行.
NOTIC: [8] Undefined variable: list_delete_url D:\wamp\apache2\htdocs\test\TS2\Apps\Runtime\Cache\Admin\6cfa109c2ab941a1d100ea3e50811cb7.php 第 85 行.
NOTIC: [8] Use of undefined constant id - assumed 'id' D:\wamp\apache2\htdocs\test\TS2\Apps\Runtime\Cache\Admin\6cfa109c2ab941a1d100ea3e50811cb7.php 第 85 行.
NOTIC: [8] Undefined variable: info D:\wamp\apache2\htdocs\test\TS2\Apps\Runtime\Cache\Admin\6cfa109c2ab941a1d100ea3e50811cb7.php 第 85 行.
NOTIC: [8] Undefined variable: list_add_url D:\wamp\apache2\htdocs\test\TS2\Apps\Runtime\Cache\Admin\6cfa109c2ab941a1d100ea3e50811cb7.php 第 133 行.
NOTIC: [8] Undefined variable: list_search_url D:\wamp\apache2\htdocs\test\TS2\Apps\Runtime\Cache\Admin\6cfa109c2ab941a1d100ea3e50811cb7.php 第 134 行.
NOTIC: [8] Undefined variable: list D:\wamp\apache2\htdocs\test\TS2\Apps\Runtime\Cache\Admin\6cfa109c2ab941a1d100ea3e50811cb7.php 第 150 行.
INFO: Run Behavior\ParseTemplateBehavior [ RunTime:0.014001s ]
INFO: [ view_parse ] --END-- [ RunTime:0.014001s ]
INFO: [ view_filter ] --START--
INFO: Run Behavior\WriteHtmlCacheBehavior [ RunTime:0.000000s ]
INFO: [ view_filter ] --END-- [ RunTime:0.000000s ]
INFO: [ app_end ] --START--
INFO: Run Behavior\ShowPageTraceBehavior [ RunTime:0.001000s ]
INFO: [ app_end ] --END-- [ RunTime:0.001000s ]

[ 2017-01-11T20:09:49+08:00 ] ::1 /test/TS2/index.php/Admin/Order/index.html
INFO: [ app_init ] --START--
INFO: Run Behavior\BuildLiteBehavior [ RunTime:0.000000s ]
INFO: [ app_init ] --END-- [ RunTime:0.000000s ]
INFO: [ app_begin ] --START--
INFO: Run Behavior\ReadHtmlCacheBehavior [ RunTime:0.000000s ]
INFO: [ app_begin ] --END-- [ RunTime:0.000000s ]
NOTIC: [2048] Only variables should be passed by reference D:\wamp\apache2\htdocs\test\TS2\Apps\Admin\Controller\BaseController.class.php 第 26 行.
SQL: SHOW COLUMNS FROM `tb_role_option` [ RunTime:0.0080s ]
SQL: SELECT o.name,concat(o.namecn,'/index') as url FROM tb_role_option ro INNER JOIN tb_option as o ON o.id=ro.optionid  WHERE ( roleid=1 )  [ RunTime:0.0000s ]

[ 2017-01-11T20:09:50+08:00 ] ::1 /test/TS2/index.php/Admin/Order/index.html
INFO: [ app_init ] --START--
INFO: Run Behavior\BuildLiteBehavior [ RunTime:0.000000s ]
INFO: [ app_init ] --END-- [ RunTime:0.000000s ]
INFO: [ app_begin ] --START--
INFO: Run Behavior\ReadHtmlCacheBehavior [ RunTime:0.001000s ]
INFO: [ app_begin ] --END-- [ RunTime:0.001000s ]
NOTIC: [2048] Only variables should be passed by reference D:\wamp\apache2\htdocs\test\TS2\Apps\Admin\Controller\BaseController.class.php 第 26 行.
SQL: SHOW COLUMNS FROM `tb_role_option` [ RunTime:0.0070s ]
SQL: SELECT o.name,concat(o.namecn,'/index') as url FROM tb_role_option ro INNER JOIN tb_option as o ON o.id=ro.optionid  WHERE ( roleid=1 )  [ RunTime:0.0000s ]

[ 2017-01-11T20:09:52+08:00 ] ::1 /test/TS2/index.php/Admin/Order/orderList.html
INFO: [ app_init ] --START--
INFO: Run Behavior\BuildLiteBehavior [ RunTime:0.000000s ]
INFO: [ app_init ] --END-- [ RunTime:0.001000s ]
INFO: [ app_begin ] --START--
INFO: Run Behavior\ReadHtmlCacheBehavior [ RunTime:0.000000s ]
INFO: [ app_begin ] --END-- [ RunTime:0.000000s ]
NOTIC: [2048] Only variables should be passed by reference D:\wamp\apache2\htdocs\test\TS2\Apps\Admin\Controller\BaseController.class.php 第 26 行.
SQL: SHOW COLUMNS FROM `tb_role_option` [ RunTime:0.0070s ]
SQL: SELECT o.name,concat(o.namecn,'/index') as url FROM tb_role_option ro INNER JOIN tb_option as o ON o.id=ro.optionid  WHERE ( roleid=1 )  [ RunTime:0.0000s ]
SQL: SHOW COLUMNS FROM `tb_order` [ RunTime:0.0080s ]
SQL: SELECT * FROM `tb_order`  [ RunTime:0.0000s ]
INFO: [ view_parse ] --START--
INFO: [ template_filter ] --START--
INFO: Run Behavior\ContentReplaceBehavior [ RunTime:0.001000s ]
INFO: [ template_filter ] --END-- [ RunTime:0.001000s ]
NOTIC: [8] Use of undefined constant url - assumed 'url' D:\wamp\apache2\htdocs\test\TS2\Apps\Runtime\Cache\Admin\10aca3e163b3f2707f9cd1e926f48e0a.php 第 63 行.
NOTIC: [8] Use of undefined constant url - assumed 'url' D:\wamp\apache2\htdocs\test\TS2\Apps\Runtime\Cache\Admin\10aca3e163b3f2707f9cd1e926f48e0a.php 第 65 行.
NOTIC: [8] Use of undefined constant url - assumed 'url' D:\wamp\apache2\htdocs\test\TS2\Apps\Runtime\Cache\Admin\10aca3e163b3f2707f9cd1e926f48e0a.php 第 63 行.
NOTIC: [8] Use of undefined constant url - assumed 'url' D:\wamp\apache2\htdocs\test\TS2\Apps\Runtime\Cache\Admin\10aca3e163b3f2707f9cd1e926f48e0a.php 第 65 行.
NOTIC: [8] Use of undefined constant url - assumed 'url' D:\wamp\apache2\htdocs\test\TS2\Apps\Runtime\Cache\Admin\10aca3e163b3f2707f9cd1e926f48e0a.php 第 63 行.
NOTIC: [8] Use of undefined constant url - assumed 'url' D:\wamp\apache2\htdocs\test\TS2\Apps\Runtime\Cache\Admin\10aca3e163b3f2707f9cd1e926f48e0a.php 第 65 行.
NOTIC: [8] Use of undefined constant url - assumed 'url' D:\wamp\apache2\htdocs\test\TS2\Apps\Runtime\Cache\Admin\10aca3e163b3f2707f9cd1e926f48e0a.php 第 63 行.
NOTIC: [8] Use of undefined constant url - assumed 'url' D:\wamp\apache2\htdocs\test\TS2\Apps\Runtime\Cache\Admin\10aca3e163b3f2707f9cd1e926f48e0a.php 第 65 行.
NOTIC: [8] Use of undefined constant url - assumed 'url' D:\wamp\apache2\htdocs\test\TS2\Apps\Runtime\Cache\Admin\10aca3e163b3f2707f9cd1e926f48e0a.php 第 63 行.
NOTIC: [8] Use of undefined constant url - assumed 'url' D:\wamp\apache2\htdocs\test\TS2\Apps\Runtime\Cache\Admin\10aca3e163b3f2707f9cd1e926f48e0a.php 第 65 行.
NOTIC: [8] Use of undefined constant url - assumed 'url' D:\wamp\apache2\htdocs\test\TS2\Apps\Runtime\Cache\Admin\10aca3e163b3f2707f9cd1e926f48e0a.php 第 63 行.
NOTIC: [8] Use of undefined constant url - assumed 'url' D:\wamp\apache2\htdocs\test\TS2\Apps\Runtime\Cache\Admin\10aca3e163b3f2707f9cd1e926f48e0a.php 第 65 行.
NOTIC: [8] Use of undefined constant id - assumed 'id' D:\wamp\apache2\htdocs\test\TS2\Apps\Runtime\Cache\Admin\10aca3e163b3f2707f9cd1e926f48e0a.php 第 81 行.
NOTIC: [8] Undefined variable: info D:\wamp\apache2\htdocs\test\TS2\Apps\Runtime\Cache\Admin\10aca3e163b3f2707f9cd1e926f48e0a.php 第 81 行.
NOTIC: [8] Undefined variable: list_modify_url D:\wamp\apache2\htdocs\test\TS2\Apps\Runtime\Cache\Admin\10aca3e163b3f2707f9cd1e926f48e0a.php 第 84 行.
NOTIC: [8] Use of undefined constant id - assumed 'id' D:\wamp\apache2\htdocs\test\TS2\Apps\Runtime\Cache\Admin\10aca3e163b3f2707f9cd1e926f48e0a.php 第 84 行.
NOTIC: [8] Undefined variable: info D:\wamp\apache2\htdocs\test\TS2\Apps\Runtime\Cache\Admin\10aca3e163b3f2707f9cd1e926f48e0a.php 第 84 行.
NOTIC: [8] Undefined variable: list_delete_url D:\wamp\apache2\htdocs\test\TS2\Apps\Runtime\Cache\Admin\10aca3e163b3f2707f9cd1e926f48e0a.php 第 85 行.
NOTIC: [8] Use of undefined constant id - assumed 'id' D:\wamp\apache2\htdocs\test\TS2\Apps\Runtime\Cache\Admin\10aca3e163b3f2707f9cd1e926f48e0a.php 第 85 行.
NOTIC: [8] Undefined variable: info D:\wamp\apache2\htdocs\test\TS2\Apps\Runtime\Cache\Admin\10aca3e163b3f2707f9cd1e926f48e0a.php 第 85 行.
NOTIC: [8] Use of undefined constant id - assumed 'id' D:\wamp\apache2\htdocs\test\TS2\Apps\Runtime\Cache\Admin\10aca3e163b3f2707f9cd1e926f48e0a.php 第 152 行.
NOTIC: [8] Use of undefined constant userid - assumed 'userid' D:\wamp\apache2\htdocs\test\TS2\Apps\Runtime\Cache\Admin\10aca3e163b3f2707f9cd1e926f48e0a.php 第 153 行.
NOTIC: [8] Use of undefined constant shopid - assumed 'shopid' D:\wamp\apache2\htdocs\test\TS2\Apps\Runtime\Cache\Admin\10aca3e163b3f2707f9cd1e926f48e0a.php 第 154 行.
NOTIC: [8] Use of undefined constant ordermoney - assumed 'ordermoney' D:\wamp\apache2\htdocs\test\TS2\Apps\Runtime\Cache\Admin\10aca3e163b3f2707f9cd1e926f48e0a.php 第 155 行.
NOTIC: [8] Use of undefined constant orderstatus - assumed 'orderstatus' D:\wamp\apache2\htdocs\test\TS2\Apps\Runtime\Cache\Admin\10aca3e163b3f2707f9cd1e926f48e0a.php 第 156 行.
NOTIC: [8] Use of undefined constant commetfalg - assumed 'commetfalg' D:\wamp\apache2\htdocs\test\TS2\Apps\Runtime\Cache\Admin\10aca3e163b3f2707f9cd1e926f48e0a.php 第 157 行.
NOTIC: [8] Undefined index: commetfalg D:\wamp\apache2\htdocs\test\TS2\Apps\Runtime\Cache\Admin\10aca3e163b3f2707f9cd1e926f48e0a.php 第 157 行.
NOTIC: [8] Use of undefined constant addr - assumed 'addr' D:\wamp\apache2\htdocs\test\TS2\Apps\Runtime\Cache\Admin\10aca3e163b3f2707f9cd1e926f48e0a.php 第 158 行.
NOTIC: [8] Use of undefined constant id - assumed 'id' D:\wamp\apache2\htdocs\test\TS2\Apps\Runtime\Cache\Admin\10aca3e163b3f2707f9cd1e926f48e0a.php 第 159 行.
NOTIC: [8] Use of undefined constant id - assumed 'id' D:\wamp\apache2\htdocs\test\TS2\Apps\Runtime\Cache\Admin\10aca3e163b3f2707f9cd1e926f48e0a.php 第 160 行.
NOTIC: [8] Use of undefined constant id - assumed 'id' D:\wamp\apache2\htdocs\test\TS2\Apps\Runtime\Cache\Admin\10aca3e163b3f2707f9cd1e926f48e0a.php 第 152 行.
NOTIC: [8] Use of undefined constant userid - assumed 'userid' D:\wamp\apache2\htdocs\test\TS2\Apps\Runtime\Cache\Admin\10aca3e163b3f2707f9cd1e926f48e0a.php 第 153 行.
NOTIC: [8] Use of undefined constant shopid - assumed 'shopid' D:\wamp\apache2\htdocs\test\TS2\Apps\Runtime\Cache\Admin\10aca3e163b3f2707f9cd1e926f48e0a.php 第 154 行.
NOTIC: [8] Use of undefined constant ordermoney - assumed 'ordermoney' D:\wamp\apache2\htdocs\test\TS2\Apps\Runtime\Cache\Admin\10aca3e163b3f2707f9cd1e926f48e0a.php 第 155 行.
NOTIC: [8] Use of undefined constant orderstatus - assumed 'orderstatus' D:\wamp\apache2\htdocs\test\TS2\Apps\Runtime\Cache\Admin\10aca3e163b3f2707f9cd1e926f48e0a.php 第 156 行.
NOTIC: [8] Use of undefined constant commetfalg - assumed 'commetfalg' D:\wamp\apache2\htdocs\test\TS2\Apps\Runtime\Cache\Admin\10aca3e163b3f2707f9cd1e926f48e0a.php 第 157 行.
NOTIC: [8] Undefined index: commetfalg D:\wamp\apache2\htdocs\test\TS2\Apps\Runtime\Cache\Admin\10aca3e163b3f2707f9cd1e926f48e0a.php 第 157 行.
NOTIC: [8] Use of undefined constant addr - assumed 'addr' D:\wamp\apache2\htdocs\test\TS2\Apps\Runtime\Cache\Admin\10aca3e163b3f2707f9cd1e926f48e0a.php 第 158 行.
NOTIC: [8] Use of undefined constant id - assumed 'id' D:\wamp\apache2\htdocs\test\TS2\Apps\Runtime\Cache\Admin\10aca3e163b3f2707f9cd1e926f48e0a.php 第 159 行.
NOTIC: [8] Use of undefined constant id - assumed 'id' D:\wamp\apache2\htdocs\test\TS2\Apps\Runtime\Cache\Admin\10aca3e163b3f2707f9cd1e926f48e0a.php 第 160 行.
NOTIC: [8] Use of undefined constant id - assumed 'id' D:\wamp\apache2\htdocs\test\TS2\Apps\Runtime\Cache\Admin\10aca3e163b3f2707f9cd1e926f48e0a.php 第 152 行.
NOTIC: [8] Use of undefined constant userid - assumed 'userid' D:\wamp\apache2\htdocs\test\TS2\Apps\Runtime\Cache\Admin\10aca3e163b3f2707f9cd1e926f48e0a.php 第 153 行.
NOTIC: [8] Use of undefined constant shopid - assumed 'shopid' D:\wamp\apache2\htdocs\test\TS2\Apps\Runtime\Cache\Admin\10aca3e163b3f2707f9cd1e926f48e0a.php 第 154 行.
NOTIC: [8] Use of undefined constant ordermoney - assumed 'ordermoney' D:\wamp\apache2\htdocs\test\TS2\Apps\Runtime\Cache\Admin\10aca3e163b3f2707f9cd1e926f48e0a.php 第 155 行.
NOTIC: [8] Use of undefined constant orderstatus - assumed 'orderstatus' D:\wamp\apache2\htdocs\test\TS2\Apps\Runtime\Cache\Admin\10aca3e163b3f2707f9cd1e926f48e0a.php 第 156 行.
NOTIC: [8] Use of undefined constant commetfalg - assumed 'commetfalg' D:\wamp\apache2\htdocs\test\TS2\Apps\Runtime\Cache\Admin\10aca3e163b3f2707f9cd1e926f48e0a.php 第 157 行.
NOTIC: [8] Undefined index: commetfalg D:\wamp\apache2\htdocs\test\TS2\Apps\Runtime\Cache\Admin\10aca3e163b3f2707f9cd1e926f48e0a.php 第 157 行.
NOTIC: [8] Use of undefined constant addr - assumed 'addr' D:\wamp\apache2\htdocs\test\TS2\Apps\Runtime\Cache\Admin\10aca3e163b3f2707f9cd1e926f48e0a.php 第 158 行.
NOTIC: [8] Use of undefined constant id - assumed 'id' D:\wamp\apache2\htdocs\test\TS2\Apps\Runtime\Cache\Admin\10aca3e163b3f2707f9cd1e926f48e0a.php 第 159 行.
NOTIC: [8] Use of undefined constant id - assumed 'id' D:\wamp\apache2\htdocs\test\TS2\Apps\Runtime\Cache\Admin\10aca3e163b3f2707f9cd1e926f48e0a.php 第 160 行.
INFO: Run Behavior\ParseTemplateBehavior [ RunTime:0.011000s ]
INFO: [ view_parse ] --END-- [ RunTime:0.011000s ]
INFO: [ view_filter ] --START--
INFO: Run Behavior\WriteHtmlCacheBehavior [ RunTime:0.001000s ]
INFO: [ view_filter ] --END-- [ RunTime:0.001000s ]
INFO: [ app_end ] --START--
INFO: Run Behavior\ShowPageTraceBehavior [ RunTime:0.001000s ]
INFO: [ app_end ] --END-- [ RunTime:0.001000s ]

[ 2017-01-11T20:09:54+08:00 ] ::1 /test/TS2/index.php/Admin/Index/index.html
INFO: [ app_init ] --START--
INFO: Run Behavior\BuildLiteBehavior [ RunTime:0.000000s ]
INFO: [ app_init ] --END-- [ RunTime:0.000000s ]
INFO: [ app_begin ] --START--
INFO: Run Behavior\ReadHtmlCacheBehavior [ RunTime:0.000000s ]
INFO: [ app_begin ] --END-- [ RunTime:0.000000s ]
NOTIC: [2048] Only variables should be passed by reference D:\wamp\apache2\htdocs\test\TS2\Apps\Admin\Controller\BaseController.class.php 第 26 行.
SQL: SHOW COLUMNS FROM `tb_role_option` [ RunTime:0.0080s ]
SQL: SELECT o.name,concat(o.namecn,'/index') as url FROM tb_role_option ro INNER JOIN tb_option as o ON o.id=ro.optionid  WHERE ( roleid=1 )  [ RunTime:0.0010s ]
INFO: [ view_parse ] --START--
INFO: [ template_filter ] --START--
INFO: Run Behavior\ContentReplaceBehavior [ RunTime:0.000000s ]
INFO: [ template_filter ] --END-- [ RunTime:0.000000s ]
NOTIC: [8] Use of undefined constant url - assumed 'url' D:\wamp\apache2\htdocs\test\TS2\Apps\Runtime\Cache\Admin\859e94050170c96367cb52465a51a945.php 第 63 行.
NOTIC: [8] Use of undefined constant url - assumed 'url' D:\wamp\apache2\htdocs\test\TS2\Apps\Runtime\Cache\Admin\859e94050170c96367cb52465a51a945.php 第 65 行.
NOTIC: [8] Use of undefined constant url - assumed 'url' D:\wamp\apache2\htdocs\test\TS2\Apps\Runtime\Cache\Admin\859e94050170c96367cb52465a51a945.php 第 63 行.
NOTIC: [8] Use of undefined constant url - assumed 'url' D:\wamp\apache2\htdocs\test\TS2\Apps\Runtime\Cache\Admin\859e94050170c96367cb52465a51a945.php 第 65 行.
NOTIC: [8] Use of undefined constant url - assumed 'url' D:\wamp\apache2\htdocs\test\TS2\Apps\Runtime\Cache\Admin\859e94050170c96367cb52465a51a945.php 第 63 行.
NOTIC: [8] Use of undefined constant url - assumed 'url' D:\wamp\apache2\htdocs\test\TS2\Apps\Runtime\Cache\Admin\859e94050170c96367cb52465a51a945.php 第 65 行.
NOTIC: [8] Use of undefined constant url - assumed 'url' D:\wamp\apache2\htdocs\test\TS2\Apps\Runtime\Cache\Admin\859e94050170c96367cb52465a51a945.php 第 63 行.
NOTIC: [8] Use of undefined constant url - assumed 'url' D:\wamp\apache2\htdocs\test\TS2\Apps\Runtime\Cache\Admin\859e94050170c96367cb52465a51a945.php 第 65 行.
NOTIC: [8] Use of undefined constant url - assumed 'url' D:\wamp\apache2\htdocs\test\TS2\Apps\Runtime\Cache\Admin\859e94050170c96367cb52465a51a945.php 第 63 行.
NOTIC: [8] Use of undefined constant url - assumed 'url' D:\wamp\apache2\htdocs\test\TS2\Apps\Runtime\Cache\Admin\859e94050170c96367cb52465a51a945.php 第 65 行.
NOTIC: [8] Use of undefined constant url - assumed 'url' D:\wamp\apache2\htdocs\test\TS2\Apps\Runtime\Cache\Admin\859e94050170c96367cb52465a51a945.php 第 63 行.
NOTIC: [8] Use of undefined constant url - assumed 'url' D:\wamp\apache2\htdocs\test\TS2\Apps\Runtime\Cache\Admin\859e94050170c96367cb52465a51a945.php 第 65 行.
NOTIC: [8] Undefined variable: list_info_url D:\wamp\apache2\htdocs\test\TS2\Apps\Runtime\Cache\Admin\859e94050170c96367cb52465a51a945.php 第 81 行.
NOTIC: [8] Use of undefined constant id - assumed 'id' D:\wamp\apache2\htdocs\test\TS2\Apps\Runtime\Cache\Admin\859e94050170c96367cb52465a51a945.php 第 81 行.
NOTIC: [8] Undefined variable: info D:\wamp\apache2\htdocs\test\TS2\Apps\Runtime\Cache\Admin\859e94050170c96367cb52465a51a945.php 第 81 行.
NOTIC: [8] Undefined variable: list_modify_url D:\wamp\apache2\htdocs\test\TS2\Apps\Runtime\Cache\Admin\859e94050170c96367cb52465a51a945.php 第 84 行.
NOTIC: [8] Use of undefined constant id - assumed 'id' D:\wamp\apache2\htdocs\test\TS2\Apps\Runtime\Cache\Admin\859e94050170c96367cb52465a51a945.php 第 84 行.
NOTIC: [8] Undefined variable: info D:\wamp\apache2\htdocs\test\TS2\Apps\Runtime\Cache\Admin\859e94050170c96367cb52465a51a945.php 第 84 行.
NOTIC: [8] Undefined variable: list_delete_url D:\wamp\apache2\htdocs\test\TS2\Apps\Runtime\Cache\Admin\859e94050170c96367cb52465a51a945.php 第 85 行.
NOTIC: [8] Use of undefined constant id - assumed 'id' D:\wamp\apache2\htdocs\test\TS2\Apps\Runtime\Cache\Admin\859e94050170c96367cb52465a51a945.php 第 85 行.
NOTIC: [8] Undefined variable: info D:\wamp\apache2\htdocs\test\TS2\Apps\Runtime\Cache\Admin\859e94050170c96367cb52465a51a945.php 第 85 行.
NOTIC: [8] Undefined variable: list_add_url D:\wamp\apache2\htdocs\test\TS2\Apps\Runtime\Cache\Admin\859e94050170c96367cb52465a51a945.php 第 133 行.
NOTIC: [8] Undefined variable: list_search_url D:\wamp\apache2\htdocs\test\TS2\Apps\Runtime\Cache\Admin\859e94050170c96367cb52465a51a945.php 第 134 行.
NOTIC: [8] Undefined variable: list D:\wamp\apache2\htdocs\test\TS2\Apps\Runtime\Cache\Admin\859e94050170c96367cb52465a51a945.php 第 150 行.
INFO: Run Behavior\ParseTemplateBehavior [ RunTime:0.012001s ]
INFO: [ view_parse ] --END-- [ RunTime:0.012001s ]
INFO: [ view_filter ] --START--
INFO: Run Behavior\WriteHtmlCacheBehavior [ RunTime:0.000000s ]
INFO: [ view_filter ] --END-- [ RunTime:0.000000s ]
INFO: [ app_end ] --START--
INFO: Run Behavior\ShowPageTraceBehavior [ RunTime:0.000000s ]
INFO: [ app_end ] --END-- [ RunTime:0.000000s ]

[ 2017-01-11T20:09:59+08:00 ] ::1 /test/TS2/index.php/Admin/Goods/index.html
INFO: [ app_init ] --START--
INFO: Run Behavior\BuildLiteBehavior [ RunTime:0.000000s ]
INFO: [ app_init ] --END-- [ RunTime:0.000000s ]
INFO: [ app_begin ] --START--
INFO: Run Behavior\ReadHtmlCacheBehavior [ RunTime:0.000000s ]
INFO: [ app_begin ] --END-- [ RunTime:0.000000s ]
NOTIC: [2048] Only variables should be passed by reference D:\wamp\apache2\htdocs\test\TS2\Apps\Admin\Controller\BaseController.class.php 第 26 行.
SQL: SHOW COLUMNS FROM `tb_role_option` [ RunTime:0.0070s ]
SQL: SELECT o.name,concat(o.namecn,'/index') as url FROM tb_role_option ro INNER JOIN tb_option as o ON o.id=ro.optionid  WHERE ( roleid=1 )  [ RunTime:0.0010s ]

[ 2017-01-11T20:10:01+08:00 ] ::1 /test/TS2/index.php/Admin/Goods/goodsList.html
INFO: [ app_init ] --START--
INFO: Run Behavior\BuildLiteBehavior [ RunTime:0.000000s ]
INFO: [ app_init ] --END-- [ RunTime:0.000000s ]
INFO: [ app_begin ] --START--
INFO: Run Behavior\ReadHtmlCacheBehavior [ RunTime:0.000000s ]
INFO: [ app_begin ] --END-- [ RunTime:0.000000s ]
NOTIC: [2048] Only variables should be passed by reference D:\wamp\apache2\htdocs\test\TS2\Apps\Admin\Controller\BaseController.class.php 第 26 行.
SQL: SHOW COLUMNS FROM `tb_role_option` [ RunTime:0.0080s ]
SQL: SELECT o.name,concat(o.namecn,'/index') as url FROM tb_role_option ro INNER JOIN tb_option as o ON o.id=ro.optionid  WHERE ( roleid=1 )  [ RunTime:0.0000s ]
SQL: SHOW COLUMNS FROM `tb_goods` [ RunTime:0.0060s ]
SQL: SELECT COUNT(*) AS tp_count FROM `tb_goods` LIMIT 1   [ RunTime:0.0010s ]
SQL: SELECT * FROM `tb_goods` LIMIT 0,5   [ RunTime:0.0010s ]
INFO: [ view_parse ] --START--
INFO: [ template_filter ] --START--
INFO: Run Behavior\ContentReplaceBehavior [ RunTime:0.000000s ]
INFO: [ template_filter ] --END-- [ RunTime:0.000000s ]
NOTIC: [8] Use of undefined constant url - assumed 'url' D:\wamp\apache2\htdocs\test\TS2\Apps\Runtime\Cache\Admin\82277f665570e745cbfeea74bf046dac.php 第 63 行.
NOTIC: [8] Use of undefined constant url - assumed 'url' D:\wamp\apache2\htdocs\test\TS2\Apps\Runtime\Cache\Admin\82277f665570e745cbfeea74bf046dac.php 第 65 行.
NOTIC: [8] Use of undefined constant url - assumed 'url' D:\wamp\apache2\htdocs\test\TS2\Apps\Runtime\Cache\Admin\82277f665570e745cbfeea74bf046dac.php 第 63 行.
NOTIC: [8] Use of undefined constant url - assumed 'url' D:\wamp\apache2\htdocs\test\TS2\Apps\Runtime\Cache\Admin\82277f665570e745cbfeea74bf046dac.php 第 65 行.
NOTIC: [8] Use of undefined constant url - assumed 'url' D:\wamp\apache2\htdocs\test\TS2\Apps\Runtime\Cache\Admin\82277f665570e745cbfeea74bf046dac.php 第 63 行.
NOTIC: [8] Use of undefined constant url - assumed 'url' D:\wamp\apache2\htdocs\test\TS2\Apps\Runtime\Cache\Admin\82277f665570e745cbfeea74bf046dac.php 第 65 行.
NOTIC: [8] Use of undefined constant url - assumed 'url' D:\wamp\apache2\htdocs\test\TS2\Apps\Runtime\Cache\Admin\82277f665570e745cbfeea74bf046dac.php 第 63 行.
NOTIC: [8] Use of undefined constant url - assumed 'url' D:\wamp\apache2\htdocs\test\TS2\Apps\Runtime\Cache\Admin\82277f665570e745cbfeea74bf046dac.php 第 65 行.
NOTIC: [8] Use of undefined constant url - assumed 'url' D:\wamp\apache2\htdocs\test\TS2\Apps\Runtime\Cache\Admin\82277f665570e745cbfeea74bf046dac.php 第 63 行.
NOTIC: [8] Use of undefined constant url - assumed 'url' D:\wamp\apache2\htdocs\test\TS2\Apps\Runtime\Cache\Admin\82277f665570e745cbfeea74bf046dac.php 第 65 行.
NOTIC: [8] Use of undefined constant url - assumed 'url' D:\wamp\apache2\htdocs\test\TS2\Apps\Runtime\Cache\Admin\82277f665570e745cbfeea74bf046dac.php 第 63 行.
NOTIC: [8] Use of undefined constant url - assumed 'url' D:\wamp\apache2\htdocs\test\TS2\Apps\Runtime\Cache\Admin\82277f665570e745cbfeea74bf046dac.php 第 65 行.
NOTIC: [8] Use of undefined constant id - assumed 'id' D:\wamp\apache2\htdocs\test\TS2\Apps\Runtime\Cache\Admin\82277f665570e745cbfeea74bf046dac.php 第 81 行.
NOTIC: [8] Undefined variable: info D:\wamp\apache2\htdocs\test\TS2\Apps\Runtime\Cache\Admin\82277f665570e745cbfeea74bf046dac.php 第 81 行.
NOTIC: [8] Use of undefined constant id - assumed 'id' D:\wamp\apache2\htdocs\test\TS2\Apps\Runtime\Cache\Admin\82277f665570e745cbfeea74bf046dac.php 第 84 行.
NOTIC: [8] Undefined variable: info D:\wamp\apache2\htdocs\test\TS2\Apps\Runtime\Cache\Admin\82277f665570e745cbfeea74bf046dac.php 第 84 行.
NOTIC: [8] Use of undefined constant id - assumed 'id' D:\wamp\apache2\htdocs\test\TS2\Apps\Runtime\Cache\Admin\82277f665570e745cbfeea74bf046dac.php 第 85 行.
NOTIC: [8] Undefined variable: info D:\wamp\apache2\htdocs\test\TS2\Apps\Runtime\Cache\Admin\82277f665570e745cbfeea74bf046dac.php 第 85 行.
NOTIC: [8] Use of undefined constant id - assumed 'id' D:\wamp\apache2\htdocs\test\TS2\Apps\Runtime\Cache\Admin\82277f665570e745cbfeea74bf046dac.php 第 151 行.
NOTIC: [8] Use of undefined constant name - assumed 'name' D:\wamp\apache2\htdocs\test\TS2\Apps\Runtime\Cache\Admin\82277f665570e745cbfeea74bf046dac.php 第 152 行.
NOTIC: [8] Use of undefined constant status - assumed 'status' D:\wamp\apache2\htdocs\test\TS2\Apps\Runtime\Cache\Admin\82277f665570e745cbfeea74bf046dac.php 第 153 行.
NOTIC: [8] Use of undefined constant id - assumed 'id' D:\wamp\apache2\htdocs\test\TS2\Apps\Runtime\Cache\Admin\82277f665570e745cbfeea74bf046dac.php 第 154 行.
NOTIC: [8] Use of undefined constant id - assumed 'id' D:\wamp\apache2\htdocs\test\TS2\Apps\Runtime\Cache\Admin\82277f665570e745cbfeea74bf046dac.php 第 155 行.
NOTIC: [8] Use of undefined constant id - assumed 'id' D:\wamp\apache2\htdocs\test\TS2\Apps\Runtime\Cache\Admin\82277f665570e745cbfeea74bf046dac.php 第 156 行.
NOTIC: [8] Use of undefined constant id - assumed 'id' D:\wamp\apache2\htdocs\test\TS2\Apps\Runtime\Cache\Admin\82277f665570e745cbfeea74bf046dac.php 第 151 行.
NOTIC: [8] Use of undefined constant name - assumed 'name' D:\wamp\apache2\htdocs\test\TS2\Apps\Runtime\Cache\Admin\82277f665570e745cbfeea74bf046dac.php 第 152 行.
NOTIC: [8] Use of undefined constant status - assumed 'status' D:\wamp\apache2\htdocs\test\TS2\Apps\Runtime\Cache\Admin\82277f665570e745cbfeea74bf046dac.php 第 153 行.
NOTIC: [8] Use of undefined constant id - assumed 'id' D:\wamp\apache2\htdocs\test\TS2\Apps\Runtime\Cache\Admin\82277f665570e745cbfeea74bf046dac.php 第 154 行.
NOTIC: [8] Use of undefined constant id - assumed 'id' D:\wamp\apache2\htdocs\test\TS2\Apps\Runtime\Cache\Admin\82277f665570e745cbfeea74bf046dac.php 第 155 行.
NOTIC: [8] Use of undefined constant id - assumed 'id' D:\wamp\apache2\htdocs\test\TS2\Apps\Runtime\Cache\Admin\82277f665570e745cbfeea74bf046dac.php 第 156 行.
NOTIC: [8] Use of undefined constant id - assumed 'id' D:\wamp\apache2\htdocs\test\TS2\Apps\Runtime\Cache\Admin\82277f665570e745cbfeea74bf046dac.php 第 151 行.
NOTIC: [8] Use of undefined constant name - assumed 'name' D:\wamp\apache2\htdocs\test\TS2\Apps\Runtime\Cache\Admin\82277f665570e745cbfeea74bf046dac.php 第 152 行.
NOTIC: [8] Use of undefined constant status - assumed 'status' D:\wamp\apache2\htdocs\test\TS2\Apps\Runtime\Cache\Admin\82277f665570e745cbfeea74bf046dac.php 第 153 行.
NOTIC: [8] Use of undefined constant id - assumed 'id' D:\wamp\apache2\htdocs\test\TS2\Apps\Runtime\Cache\Admin\82277f665570e745cbfeea74bf046dac.php 第 154 行.
NOTIC: [8] Use of undefined constant id - assumed 'id' D:\wamp\apache2\htdocs\test\TS2\Apps\Runtime\Cache\Admin\82277f665570e745cbfeea74bf046dac.php 第 155 行.
NOTIC: [8] Use of undefined constant id - assumed 'id' D:\wamp\apache2\htdocs\test\TS2\Apps\Runtime\Cache\Admin\82277f665570e745cbfeea74bf046dac.php 第 156 行.
NOTIC: [8] Use of undefined constant id - assumed 'id' D:\wamp\apache2\htdocs\test\TS2\Apps\Runtime\Cache\Admin\82277f665570e745cbfeea74bf046dac.php 第 151 行.
NOTIC: [8] Use of undefined constant name - assumed 'name' D:\wamp\apache2\htdocs\test\TS2\Apps\Runtime\Cache\Admin\82277f665570e745cbfeea74bf046dac.php 第 152 行.
NOTIC: [8] Use of undefined constant status - assumed 'status' D:\wamp\apache2\htdocs\test\TS2\Apps\Runtime\Cache\Admin\82277f665570e745cbfeea74bf046dac.php 第 153 行.
NOTIC: [8] Use of undefined constant id - assumed 'id' D:\wamp\apache2\htdocs\test\TS2\Apps\Runtime\Cache\Admin\82277f665570e745cbfeea74bf046dac.php 第 154 行.
NOTIC: [8] Use of undefined constant id - assumed 'id' D:\wamp\apache2\htdocs\test\TS2\Apps\Runtime\Cache\Admin\82277f665570e745cbfeea74bf046dac.php 第 155 行.
NOTIC: [8] Use of undefined constant id - assumed 'id' D:\wamp\apache2\htdocs\test\TS2\Apps\Runtime\Cache\Admin\82277f665570e745cbfeea74bf046dac.php 第 156 行.
NOTIC: [8] Use of undefined constant id - assumed 'id' D:\wamp\apache2\htdocs\test\TS2\Apps\Runtime\Cache\Admin\82277f665570e745cbfeea74bf046dac.php 第 151 行.
NOTIC: [8] Use of undefined constant name - assumed 'name' D:\wamp\apache2\htdocs\test\TS2\Apps\Runtime\Cache\Admin\82277f665570e745cbfeea74bf046dac.php 第 152 行.
NOTIC: [8] Use of undefined constant status - assumed 'status' D:\wamp\apache2\htdocs\test\TS2\Apps\Runtime\Cache\Admin\82277f665570e745cbfeea74bf046dac.php 第 153 行.
NOTIC: [8] Use of undefined constant id - assumed 'id' D:\wamp\apache2\htdocs\test\TS2\Apps\Runtime\Cache\Admin\82277f665570e745cbfeea74bf046dac.php 第 154 行.
NOTIC: [8] Use of undefined constant id - assumed 'id' D:\wamp\apache2\htdocs\test\TS2\Apps\Runtime\Cache\Admin\82277f665570e745cbfeea74bf046dac.php 第 155 行.
NOTIC: [8] Use of undefined constant id - assumed 'id' D:\wamp\apache2\htdocs\test\TS2\Apps\Runtime\Cache\Admin\82277f665570e745cbfeea74bf046dac.php 第 156 行.
INFO: Run Behavior\ParseTemplateBehavior [ RunTime:0.011001s ]
INFO: [ view_parse ] --END-- [ RunTime:0.011001s ]
INFO: [ view_filter ] --START--
INFO: Run Behavior\WriteHtmlCacheBehavior [ RunTime:0.000000s ]
INFO: [ view_filter ] --END-- [ RunTime:0.000000s ]
INFO: [ app_end ] --START--
INFO: Run Behavior\ShowPageTraceBehavior [ RunTime:0.001000s ]
INFO: [ app_end ] --END-- [ RunTime:0.001000s ]

